2020-08-03 13:38:40,749 INFO Let the games begin
2020-08-03 13:38:40,923 INFO Using hflip aug with params 0.5
2020-08-03 13:38:40,924 INFO Using rscale_crop aug with params [1024, 1024]
2020-08-03 13:38:45,276 INFO Loading model and optimizer from checkpoint './runs_camvid/hardnet/cur/hardnet_camvid_checkpoint.pkl'
2020-08-03 13:39:08,058 INFO Loaded checkpoint './runs_camvid/hardnet/cur/hardnet_camvid_checkpoint.pkl' (iter 4750)
2020-08-03 13:41:08,490 INFO Iter [4760/10000]  Loss: 0.6650  Time/Image: 0.5796  lr=0.019046
2020-08-03 13:42:31,012 INFO Iter [4770/10000]  Loss: 0.6570  Time/Image: 0.5147  lr=0.019044
2020-08-03 13:44:08,011 INFO Iter [4780/10000]  Loss: 0.6450  Time/Image: 0.5600  lr=0.019042
2020-08-03 13:45:29,682 INFO Iter [4790/10000]  Loss: 0.6417  Time/Image: 0.5094  lr=0.019040
2020-08-03 13:47:04,648 INFO Iter [4800/10000]  Loss: 0.6397  Time/Image: 0.5479  lr=0.019038
2020-08-03 13:47:57,298 INFO Iter 4800 Val Loss: 0.7722
2020-08-03 13:47:57,302 INFO Overall Acc: 	: 0.7898569284011735
2020-08-03 13:47:57,305 INFO Mean Acc : 	: 0.6529842611812475
2020-08-03 13:47:57,307 INFO FreqW Acc : 	: 0.6355944435319898
2020-08-03 13:47:57,310 INFO Mean IoU : 	: 0.5394781261247794
2020-08-03 13:47:57,312 INFO 0: 0.31113663858623536
2020-08-03 13:47:57,316 INFO 1: 0.7678196136633234
2020-08-03 13:49:23,947 INFO Iter [4810/10000]  Loss: 0.6327  Time/Image: 0.5162  lr=0.019036
2020-08-03 13:50:44,639 INFO Iter [4820/10000]  Loss: 0.6362  Time/Image: 0.5033  lr=0.019034
2020-08-03 13:52:21,675 INFO Iter [4830/10000]  Loss: 0.6350  Time/Image: 0.5609  lr=0.019032
2020-08-03 13:53:41,474 INFO Iter [4840/10000]  Loss: 0.6360  Time/Image: 0.4978  lr=0.019030
2020-08-03 13:55:17,639 INFO Iter [4850/10000]  Loss: 0.6350  Time/Image: 0.5542  lr=0.019028
2020-08-03 13:55:36,099 INFO Iter 4850 Val Loss: 0.7460
2020-08-03 13:55:36,103 INFO Overall Acc: 	: 0.7812159080491382
2020-08-03 13:55:36,106 INFO Mean Acc : 	: 0.6607969438194268
2020-08-03 13:55:36,108 INFO FreqW Acc : 	: 0.6320926750426733
2020-08-03 13:55:36,112 INFO Mean IoU : 	: 0.5430473747056498
2020-08-03 13:55:36,113 INFO 0: 0.3315043517751118
2020-08-03 13:55:36,114 INFO 1: 0.7545903976361877
2020-08-03 13:56:56,559 INFO Iter [4860/10000]  Loss: 0.6324  Time/Image: 0.5009  lr=0.019026
2020-08-03 13:58:34,509 INFO Iter [4870/10000]  Loss: 0.6309  Time/Image: 0.5651  lr=0.019024
2020-08-03 13:59:57,916 INFO Iter [4880/10000]  Loss: 0.6336  Time/Image: 0.5202  lr=0.019022
2020-08-03 14:01:35,555 INFO Iter [4890/10000]  Loss: 0.6334  Time/Image: 0.5615  lr=0.019020
2020-08-03 14:03:03,414 INFO Iter [4900/10000]  Loss: 0.6306  Time/Image: 0.5480  lr=0.019018
2020-08-03 14:03:23,359 INFO Iter 4900 Val Loss: 0.7737
2020-08-03 14:03:23,361 INFO Overall Acc: 	: 0.7842778236156949
2020-08-03 14:03:23,364 INFO Mean Acc : 	: 0.6517077495971089
2020-08-03 14:03:23,368 INFO FreqW Acc : 	: 0.6307736366238366
2020-08-03 14:03:23,369 INFO Mean IoU : 	: 0.536131026605744
2020-08-03 14:03:23,371 INFO 0: 0.3112905943146877
2020-08-03 14:03:23,373 INFO 1: 0.7609714588968003
2020-08-03 14:04:46,546 INFO Iter [4910/10000]  Loss: 0.6432  Time/Image: 0.5183  lr=0.019016
2020-08-03 14:06:26,499 INFO Iter [4920/10000]  Loss: 0.6423  Time/Image: 0.5776  lr=0.019014
2020-08-03 14:07:48,822 INFO Iter [4930/10000]  Loss: 0.6361  Time/Image: 0.5134  lr=0.019012
2020-08-03 14:09:25,720 INFO Iter [4940/10000]  Loss: 0.6379  Time/Image: 0.5580  lr=0.019010
2020-08-03 14:10:48,082 INFO Iter [4950/10000]  Loss: 0.6348  Time/Image: 0.5137  lr=0.019008
2020-08-03 14:11:07,186 INFO Iter 4950 Val Loss: 0.7894
2020-08-03 14:11:07,188 INFO Overall Acc: 	: 0.7848173359002567
2020-08-03 14:11:07,193 INFO Mean Acc : 	: 0.6477744219108836
2020-08-03 14:11:07,197 INFO FreqW Acc : 	: 0.6294185702638434
2020-08-03 14:11:07,199 INFO Mean IoU : 	: 0.5325506113856462
2020-08-03 14:11:07,201 INFO 0: 0.30242346521794694
2020-08-03 14:11:07,203 INFO 1: 0.7626777575533453
2020-08-03 14:12:44,515 INFO Iter [4960/10000]  Loss: 0.6332  Time/Image: 0.5619  lr=0.019006
2020-08-03 14:14:09,950 INFO Iter [4970/10000]  Loss: 0.6281  Time/Image: 0.5329  lr=0.019004
2020-08-03 14:15:34,376 INFO Iter [4980/10000]  Loss: 0.6321  Time/Image: 0.5266  lr=0.019002
2020-08-03 14:17:13,490 INFO Iter [4990/10000]  Loss: 0.6281  Time/Image: 0.5693  lr=0.019000
2020-08-03 14:18:33,953 INFO Iter [5000/10000]  Loss: 0.6348  Time/Image: 0.5019  lr=0.018998
2020-08-03 14:18:52,226 INFO Iter 5000 Val Loss: 0.8280
2020-08-03 14:18:52,229 INFO Overall Acc: 	: 0.7634302232306563
2020-08-03 14:18:52,232 INFO Mean Acc : 	: 0.6083133270131706
2020-08-03 14:18:52,236 INFO FreqW Acc : 	: 0.5955461607159283
2020-08-03 14:18:52,238 INFO Mean IoU : 	: 0.48633965673200014
2020-08-03 14:18:52,241 INFO 0: 0.22690009182516369
2020-08-03 14:18:52,243 INFO 1: 0.7457792216388366
2020-08-03 14:20:29,390 INFO Iter [5010/10000]  Loss: 0.6515  Time/Image: 0.5600  lr=0.018996
2020-08-03 14:21:51,902 INFO Iter [5020/10000]  Loss: 0.6473  Time/Image: 0.5147  lr=0.018994
2020-08-03 14:23:28,546 INFO Iter [5030/10000]  Loss: 0.6469  Time/Image: 0.5568  lr=0.018992
2020-08-03 14:24:52,531 INFO Iter [5040/10000]  Loss: 0.6433  Time/Image: 0.5238  lr=0.018990
2020-08-03 14:26:14,809 INFO Iter [5050/10000]  Loss: 0.6396  Time/Image: 0.5132  lr=0.018988
2020-08-03 14:26:33,497 INFO Iter 5050 Val Loss: 0.9350
2020-08-03 14:26:33,500 INFO Overall Acc: 	: 0.7483773950311697
2020-08-03 14:26:33,505 INFO Mean Acc : 	: 0.5725605041206923
2020-08-03 14:26:33,506 INFO FreqW Acc : 	: 0.567097691715059
2020-08-03 14:26:33,509 INFO Mean IoU : 	: 0.44390994133649403
2020-08-03 14:26:33,510 INFO 0: 0.15125542723566354
2020-08-03 14:26:33,511 INFO 1: 0.7365644554373245
2020-08-03 14:28:13,429 INFO Iter [5060/10000]  Loss: 0.6627  Time/Image: 0.5753  lr=0.018986
2020-08-03 14:29:36,349 INFO Iter [5070/10000]  Loss: 0.6460  Time/Image: 0.5172  lr=0.018984
2020-08-03 14:31:16,576 INFO Iter [5080/10000]  Loss: 0.6440  Time/Image: 0.5785  lr=0.018982
2020-08-03 14:32:40,069 INFO Iter [5090/10000]  Loss: 0.6450  Time/Image: 0.5208  lr=0.018980
2020-08-03 14:34:18,185 INFO Iter [5100/10000]  Loss: 0.6416  Time/Image: 0.5655  lr=0.018978
2020-08-03 14:34:37,317 INFO Iter 5100 Val Loss: 0.7836
2020-08-03 14:34:37,321 INFO Overall Acc: 	: 0.7874643610194353
2020-08-03 14:34:37,322 INFO Mean Acc : 	: 0.6487142095477154
2020-08-03 14:34:37,324 INFO FreqW Acc : 	: 0.6318207545473398
2020-08-03 14:34:37,326 INFO Mean IoU : 	: 0.5344074703700684
2020-08-03 14:34:37,327 INFO 0: 0.3029848065073307
2020-08-03 14:34:37,328 INFO 1: 0.7658301342328061
2020-08-03 14:36:02,186 INFO Iter [5110/10000]  Loss: 0.6217  Time/Image: 0.5288  lr=0.018976
2020-08-03 14:37:39,250 INFO Iter [5120/10000]  Loss: 0.6276  Time/Image: 0.5604  lr=0.018974
2020-08-03 14:39:04,514 INFO Iter [5130/10000]  Loss: 0.6313  Time/Image: 0.5318  lr=0.018972
2020-08-03 14:40:26,595 INFO Iter [5140/10000]  Loss: 0.6295  Time/Image: 0.5120  lr=0.018970
2020-08-03 14:42:05,763 INFO Iter [5150/10000]  Loss: 0.6299  Time/Image: 0.5706  lr=0.018968
2020-08-03 14:42:24,968 INFO Iter 5150 Val Loss: 0.8602
2020-08-03 14:42:24,973 INFO Overall Acc: 	: 0.7460209250091676
2020-08-03 14:42:24,976 INFO Mean Acc : 	: 0.5862388731315152
2020-08-03 14:42:24,980 INFO FreqW Acc : 	: 0.5737422838861409
2020-08-03 14:42:24,981 INFO Mean IoU : 	: 0.46025967624163233
2020-08-03 14:42:24,984 INFO 0: 0.19066146296930275
2020-08-03 14:42:24,986 INFO 1: 0.7298578895139619
2020-08-03 14:43:47,051 INFO Iter [5160/10000]  Loss: 0.6478  Time/Image: 0.5113  lr=0.018966
2020-08-03 14:45:24,639 INFO Iter [5170/10000]  Loss: 0.6536  Time/Image: 0.5628  lr=0.018964
2020-08-03 14:46:47,793 INFO Iter [5180/10000]  Loss: 0.6462  Time/Image: 0.5187  lr=0.018962
2020-08-03 14:48:24,643 INFO Iter [5190/10000]  Loss: 0.6497  Time/Image: 0.5571  lr=0.018960
2020-08-03 14:49:50,285 INFO Iter [5200/10000]  Loss: 0.6440  Time/Image: 0.5342  lr=0.018958
2020-08-03 14:50:09,616 INFO Iter 5200 Val Loss: 0.7887
2020-08-03 14:50:09,620 INFO Overall Acc: 	: 0.7905680463879722
2020-08-03 14:50:09,624 INFO Mean Acc : 	: 0.6522341555450908
2020-08-03 14:50:09,625 INFO FreqW Acc : 	: 0.6357814710398304
2020-08-03 14:50:09,629 INFO Mean IoU : 	: 0.5390031324047343
2020-08-03 14:50:09,629 INFO 0: 0.3090888951392417
2020-08-03 14:50:09,632 INFO 1: 0.768917369670227
2020-08-03 14:51:33,136 INFO Iter [5210/10000]  Loss: 0.6368  Time/Image: 0.5204  lr=0.018956
2020-08-03 14:53:13,448 INFO Iter [5220/10000]  Loss: 0.6353  Time/Image: 0.5798  lr=0.018954
2020-08-03 14:54:36,464 INFO Iter [5230/10000]  Loss: 0.6373  Time/Image: 0.5178  lr=0.018952
2020-08-03 14:56:16,589 INFO Iter [5240/10000]  Loss: 0.6358  Time/Image: 0.5772  lr=0.018950
2020-08-03 14:57:40,619 INFO Iter [5250/10000]  Loss: 0.6353  Time/Image: 0.5241  lr=0.018948
2020-08-03 14:58:00,329 INFO Iter 5250 Val Loss: 0.8125
2020-08-03 14:58:00,333 INFO Overall Acc: 	: 0.7718250366703338
2020-08-03 14:58:00,335 INFO Mean Acc : 	: 0.6239155071586202
2020-08-03 14:58:00,338 INFO FreqW Acc : 	: 0.608865797164135
2020-08-03 14:58:00,341 INFO Mean IoU : 	: 0.5046173726362956
2020-08-03 14:58:00,343 INFO 0: 0.25695661146307613
2020-08-03 14:58:00,345 INFO 1: 0.752278133809515
2020-08-03 14:59:39,714 INFO Iter [5260/10000]  Loss: 0.6307  Time/Image: 0.5717  lr=0.018946
2020-08-03 15:01:05,346 INFO Iter [5270/10000]  Loss: 0.6317  Time/Image: 0.5341  lr=0.018944
2020-08-03 15:02:28,824 INFO Iter [5280/10000]  Loss: 0.6303  Time/Image: 0.5207  lr=0.018942
2020-08-03 15:04:11,409 INFO Iter [5290/10000]  Loss: 0.6358  Time/Image: 0.5922  lr=0.018940
2020-08-03 15:05:36,087 INFO Iter [5300/10000]  Loss: 0.6325  Time/Image: 0.5282  lr=0.018938
2020-08-03 15:05:55,820 INFO Iter 5300 Val Loss: 0.7618
2020-08-03 15:05:55,823 INFO Overall Acc: 	: 0.7807719105243858
2020-08-03 15:05:55,826 INFO Mean Acc : 	: 0.6488923668102702
2020-08-03 15:05:55,828 INFO FreqW Acc : 	: 0.6268656180358068
2020-08-03 15:05:55,830 INFO Mean IoU : 	: 0.5321395169793107
2020-08-03 15:05:55,831 INFO 0: 0.30710073680706795
2020-08-03 15:05:55,833 INFO 1: 0.7571782971515535
2020-08-03 15:07:38,075 INFO Iter [5310/10000]  Loss: 0.6204  Time/Image: 0.5896  lr=0.018936
2020-08-03 15:09:02,857 INFO Iter [5320/10000]  Loss: 0.6210  Time/Image: 0.5288  lr=0.018934
2020-08-03 15:10:43,136 INFO Iter [5330/10000]  Loss: 0.6314  Time/Image: 0.5763  lr=0.018932
2020-08-03 15:12:09,473 INFO Iter [5340/10000]  Loss: 0.6318  Time/Image: 0.5385  lr=0.018930
2020-08-03 15:13:48,940 INFO Iter [5350/10000]  Loss: 0.6334  Time/Image: 0.5735  lr=0.018928
2020-08-03 15:14:08,873 INFO Iter 5350 Val Loss: 0.9224
2020-08-03 15:14:08,878 INFO Overall Acc: 	: 0.7564865236523652
2020-08-03 15:14:08,881 INFO Mean Acc : 	: 0.5842127506490038
2020-08-03 15:14:08,883 INFO FreqW Acc : 	: 0.5780822244123252
2020-08-03 15:14:08,886 INFO Mean IoU : 	: 0.4578422478600018
2020-08-03 15:14:08,888 INFO 0: 0.17219069723684527
2020-08-03 15:14:08,890 INFO 1: 0.7434937984831583
2020-08-03 15:15:37,680 INFO Iter [5360/10000]  Loss: 0.6458  Time/Image: 0.5533  lr=0.018926
2020-08-03 15:17:03,184 INFO Iter [5370/10000]  Loss: 0.6351  Time/Image: 0.5333  lr=0.018924
2020-08-03 15:18:45,830 INFO Iter [5380/10000]  Loss: 0.6302  Time/Image: 0.5932  lr=0.018922
2020-08-03 15:20:10,726 INFO Iter [5390/10000]  Loss: 0.6373  Time/Image: 0.5294  lr=0.018920
2020-08-03 15:21:51,714 INFO Iter [5400/10000]  Loss: 0.6367  Time/Image: 0.5816  lr=0.018918
2020-08-03 15:22:11,653 INFO Iter 5400 Val Loss: 0.8017
2020-08-03 15:22:11,657 INFO Overall Acc: 	: 0.7795413916391639
2020-08-03 15:22:11,660 INFO Mean Acc : 	: 0.6311966326818761
2020-08-03 15:22:11,663 INFO FreqW Acc : 	: 0.6176812492590306
2020-08-03 15:22:11,666 INFO Mean IoU : 	: 0.5140935855411033
2020-08-03 15:22:11,668 INFO 0: 0.2680025797467054
2020-08-03 15:22:11,671 INFO 1: 0.7601845913355011
2020-08-03 15:23:37,655 INFO Iter [5410/10000]  Loss: 0.6026  Time/Image: 0.5358  lr=0.018916
2020-08-03 15:25:17,309 INFO Iter [5420/10000]  Loss: 0.6177  Time/Image: 0.5747  lr=0.018914
2020-08-03 15:26:43,904 INFO Iter [5430/10000]  Loss: 0.6345  Time/Image: 0.5401  lr=0.018912
2020-08-03 15:28:08,594 INFO Iter [5440/10000]  Loss: 0.6333  Time/Image: 0.5283  lr=0.018910
2020-08-03 15:29:49,482 INFO Iter [5450/10000]  Loss: 0.6373  Time/Image: 0.5820  lr=0.018908
2020-08-03 15:30:09,257 INFO Iter 5450 Val Loss: 0.8786
2020-08-03 15:30:09,260 INFO Overall Acc: 	: 0.7309117734690136
2020-08-03 15:30:09,264 INFO Mean Acc : 	: 0.5711192397576096
2020-08-03 15:30:09,265 INFO FreqW Acc : 	: 0.5575324458365867
2020-08-03 15:30:09,268 INFO Mean IoU : 	: 0.4429828566414332
2020-08-03 15:30:09,270 INFO 0: 0.17084983803091924
2020-08-03 15:30:09,271 INFO 1: 0.7151158752519472
2020-08-03 15:31:33,377 INFO Iter [5460/10000]  Loss: 0.6330  Time/Image: 0.5241  lr=0.018906
2020-08-03 15:33:14,359 INFO Iter [5470/10000]  Loss: 0.6291  Time/Image: 0.5842  lr=0.018904
2020-08-03 15:34:39,155 INFO Iter [5480/10000]  Loss: 0.6327  Time/Image: 0.5289  lr=0.018902
2020-08-03 15:36:18,466 INFO Iter [5490/10000]  Loss: 0.6310  Time/Image: 0.5702  lr=0.018900
2020-08-03 15:37:44,252 INFO Iter [5500/10000]  Loss: 0.6339  Time/Image: 0.5350  lr=0.018898
2020-08-03 15:38:03,875 INFO Iter 5500 Val Loss: 0.9138
2020-08-03 15:38:03,879 INFO Overall Acc: 	: 0.7416469563623029
2020-08-03 15:38:03,883 INFO Mean Acc : 	: 0.571210159065971
2020-08-03 15:38:03,884 INFO FreqW Acc : 	: 0.5631151466519257
2020-08-03 15:38:03,886 INFO Mean IoU : 	: 0.4428382212291163
2020-08-03 15:38:03,887 INFO 0: 0.15709889196152887
2020-08-03 15:38:03,889 INFO 1: 0.7285775504967037
2020-08-03 15:39:28,170 INFO Iter [5510/10000]  Loss: 0.6538  Time/Image: 0.5252  lr=0.018896
2020-08-03 15:41:08,916 INFO Iter [5520/10000]  Loss: 0.6435  Time/Image: 0.5816  lr=0.018894
2020-08-03 15:42:31,607 INFO Iter [5530/10000]  Loss: 0.6448  Time/Image: 0.5157  lr=0.018892
2020-08-03 15:44:11,963 INFO Iter [5540/10000]  Loss: 0.6418  Time/Image: 0.5802  lr=0.018890
2020-08-03 15:45:35,849 INFO Iter [5550/10000]  Loss: 0.6395  Time/Image: 0.5232  lr=0.018888
2020-08-03 15:45:55,197 INFO Iter 5550 Val Loss: 0.7961
2020-08-03 15:45:55,202 INFO Overall Acc: 	: 0.7591256417308397
2020-08-03 15:45:55,203 INFO Mean Acc : 	: 0.6245575725888817
2020-08-03 15:45:55,206 INFO FreqW Acc : 	: 0.600411625290585
2020-08-03 15:45:55,208 INFO Mean IoU : 	: 0.5019920363197876
2020-08-03 15:45:55,210 INFO 0: 0.2681787155980551
2020-08-03 15:45:55,211 INFO 1: 0.7358053570415202
2020-08-03 15:47:34,462 INFO Iter [5560/10000]  Loss: 0.6255  Time/Image: 0.5720  lr=0.018885
2020-08-03 15:48:59,267 INFO Iter [5570/10000]  Loss: 0.6454  Time/Image: 0.5289  lr=0.018883
2020-08-03 15:50:37,985 INFO Iter [5580/10000]  Loss: 0.6397  Time/Image: 0.5695  lr=0.018881
2020-08-03 15:52:05,560 INFO Iter [5590/10000]  Loss: 0.6454  Time/Image: 0.5461  lr=0.018879
2020-08-03 15:53:30,408 INFO Iter [5600/10000]  Loss: 0.6399  Time/Image: 0.5292  lr=0.018877
2020-08-03 15:53:50,062 INFO Iter 5600 Val Loss: 0.7879
2020-08-03 15:53:50,066 INFO Overall Acc: 	: 0.7732540910341034
2020-08-03 15:53:50,068 INFO Mean Acc : 	: 0.6371405477627887
2020-08-03 15:53:50,072 INFO FreqW Acc : 	: 0.6160953220309437
2020-08-03 15:53:50,073 INFO Mean IoU : 	: 0.5183250146045593
2020-08-03 15:53:50,075 INFO 0: 0.2860541782151639
2020-08-03 15:53:50,078 INFO 1: 0.7505958509939548
2020-08-03 15:55:31,962 INFO Iter [5610/10000]  Loss: 0.6430  Time/Image: 0.5884  lr=0.018875
2020-08-03 15:56:56,589 INFO Iter [5620/10000]  Loss: 0.6447  Time/Image: 0.5278  lr=0.018873
2020-08-03 15:58:37,771 INFO Iter [5630/10000]  Loss: 0.6423  Time/Image: 0.5854  lr=0.018871
2020-08-03 16:00:03,630 INFO Iter [5640/10000]  Loss: 0.6381  Time/Image: 0.5355  lr=0.018869
2020-08-03 16:01:43,438 INFO Iter [5650/10000]  Loss: 0.6380  Time/Image: 0.5748  lr=0.018867
2020-08-03 16:02:03,192 INFO Iter 5650 Val Loss: 0.7581
2020-08-03 16:02:03,195 INFO Overall Acc: 	: 0.7727627085625229
2020-08-03 16:02:03,197 INFO Mean Acc : 	: 0.6494142805987655
2020-08-03 16:02:03,199 INFO FreqW Acc : 	: 0.6208620838749611
2020-08-03 16:02:03,201 INFO Mean IoU : 	: 0.5294484652522383
2020-08-03 16:02:03,203 INFO 0: 0.3122790790265882
2020-08-03 16:02:03,204 INFO 1: 0.7466178514778885
2020-08-03 16:03:30,764 INFO Iter [5660/10000]  Loss: 0.6341  Time/Image: 0.5457  lr=0.018865
2020-08-03 16:04:55,404 INFO Iter [5670/10000]  Loss: 0.6474  Time/Image: 0.5279  lr=0.018863
2020-08-03 16:06:37,901 INFO Iter [5680/10000]  Loss: 0.6434  Time/Image: 0.5916  lr=0.018861
2020-08-03 16:08:02,368 INFO Iter [5690/10000]  Loss: 0.6404  Time/Image: 0.5269  lr=0.018859
2020-08-03 16:09:44,693 INFO Iter [5700/10000]  Loss: 0.6407  Time/Image: 0.5925  lr=0.018857
2020-08-03 16:10:04,713 INFO Iter 5700 Val Loss: 0.7595
2020-08-03 16:10:04,715 INFO Overall Acc: 	: 0.7839057343234324
2020-08-03 16:10:04,718 INFO Mean Acc : 	: 0.6602067549527166
2020-08-03 16:10:04,720 INFO FreqW Acc : 	: 0.6340470799675204
2020-08-03 16:10:04,723 INFO Mean IoU : 	: 0.5437508656666994
2020-08-03 16:10:04,724 INFO 0: 0.3292360730826684
2020-08-03 16:10:04,727 INFO 1: 0.7582656582507303
2020-08-03 16:11:31,342 INFO Iter [5710/10000]  Loss: 0.6291  Time/Image: 0.5394  lr=0.018855
2020-08-03 16:13:11,892 INFO Iter [5720/10000]  Loss: 0.6420  Time/Image: 0.5795  lr=0.018853
2020-08-03 16:14:37,614 INFO Iter [5730/10000]  Loss: 0.6413  Time/Image: 0.5346  lr=0.018851
2020-08-03 16:16:00,794 INFO Iter [5740/10000]  Loss: 0.6386  Time/Image: 0.5188  lr=0.018849
2020-08-03 16:17:41,417 INFO Iter [5750/10000]  Loss: 0.6363  Time/Image: 0.5818  lr=0.018847
2020-08-03 16:18:00,576 INFO Iter 5750 Val Loss: 0.7974
2020-08-03 16:18:00,579 INFO Overall Acc: 	: 0.7765278923725706
2020-08-03 16:18:00,582 INFO Mean Acc : 	: 0.6381543348210139
2020-08-03 16:18:00,586 INFO FreqW Acc : 	: 0.6189290345387514
2020-08-03 16:18:00,588 INFO Mean IoU : 	: 0.5203535302007423
2020-08-03 16:18:00,589 INFO 0: 0.286169804662849
2020-08-03 16:18:00,591 INFO 1: 0.7545372557386355
2020-08-03 16:19:25,625 INFO Iter [5760/10000]  Loss: 0.6434  Time/Image: 0.5299  lr=0.018845
2020-08-03 16:21:06,857 INFO Iter [5770/10000]  Loss: 0.6485  Time/Image: 0.5845  lr=0.018843
2020-08-03 16:22:29,792 INFO Iter [5780/10000]  Loss: 0.6473  Time/Image: 0.5173  lr=0.018841
2020-08-03 16:24:08,289 INFO Iter [5790/10000]  Loss: 0.6403  Time/Image: 0.5689  lr=0.018839
2020-08-03 16:25:32,333 INFO Iter [5800/10000]  Loss: 0.6455  Time/Image: 0.5242  lr=0.018837
2020-08-03 16:25:51,137 INFO Iter 5800 Val Loss: 0.9107
2020-08-03 16:25:51,143 INFO Overall Acc: 	: 0.7537878735790245
2020-08-03 16:25:51,144 INFO Mean Acc : 	: 0.5847024624696809
2020-08-03 16:25:51,149 INFO FreqW Acc : 	: 0.5770290498135252
2020-08-03 16:25:51,150 INFO Mean IoU : 	: 0.4585546671305953
2020-08-03 16:25:51,154 INFO 0: 0.17709760024757404
2020-08-03 16:25:51,155 INFO 1: 0.7400117340136165
2020-08-03 16:27:27,205 INFO Iter [5810/10000]  Loss: 0.6457  Time/Image: 0.5537  lr=0.018835
2020-08-03 16:28:52,437 INFO Iter [5820/10000]  Loss: 0.6376  Time/Image: 0.5315  lr=0.018833
2020-08-03 16:30:14,317 INFO Iter [5830/10000]  Loss: 0.6394  Time/Image: 0.5107  lr=0.018831
2020-08-03 16:31:52,437 INFO Iter [5840/10000]  Loss: 0.6472  Time/Image: 0.5681  lr=0.018829
2020-08-03 16:33:13,714 INFO Iter [5850/10000]  Loss: 0.6477  Time/Image: 0.5069  lr=0.018827
2020-08-03 16:33:32,648 INFO Iter 5850 Val Loss: 0.7470
2020-08-03 16:33:32,652 INFO Overall Acc: 	: 0.786775016043271
2020-08-03 16:33:32,655 INFO Mean Acc : 	: 0.6766294655177417
2020-08-03 16:33:32,659 INFO FreqW Acc : 	: 0.642637589792012
2020-08-03 16:33:32,660 INFO Mean IoU : 	: 0.5590268960084673
2020-08-03 16:33:32,662 INFO 0: 0.3603947520845672
2020-08-03 16:33:32,663 INFO 1: 0.7576590399323675
