2020-08-01 03:42:58,604 INFO Let the games begin
2020-08-01 03:43:00,506 INFO Using hflip aug with params 0.5
2020-08-01 03:43:00,506 INFO Using rscale_crop aug with params [1024, 1024]
2020-08-01 03:44:28,781 INFO Iter [10/1000]  Loss: 0.8989  Time/Image: 0.5652  lr=0.019998
2020-08-01 03:45:48,252 INFO Iter [20/1000]  Loss: 0.8232  Time/Image: 0.4957  lr=0.019996
2020-08-01 03:47:23,628 INFO Iter [30/1000]  Loss: 0.7591  Time/Image: 0.5487  lr=0.019994
2020-08-01 03:48:43,310 INFO Iter [40/1000]  Loss: 0.7295  Time/Image: 0.4970  lr=0.019992
2020-08-01 03:50:17,395 INFO Iter [50/1000]  Loss: 0.7098  Time/Image: 0.5423  lr=0.019990
2020-08-01 03:50:54,485 INFO Iter 50 Val Loss: 0.8771
2020-08-01 03:50:54,488 INFO Overall Acc: 	: 0.7171004079574624
2020-08-01 03:50:54,492 INFO Mean Acc : 	: 0.5303519899989986
2020-08-01 03:50:54,494 INFO FreqW Acc : 	: 0.5278972492746921
2020-08-01 03:50:54,496 INFO Mean IoU : 	: 0.3956578054728973
2020-08-01 03:50:54,499 INFO 0: 0.08149937614977912
2020-08-01 03:50:54,501 INFO 1: 0.7098162347960155
2020-08-01 03:52:15,689 INFO Iter [60/1000]  Loss: 0.6403  Time/Image: 0.5055  lr=0.019988
2020-08-01 03:53:34,212 INFO Iter [70/1000]  Loss: 0.6422  Time/Image: 0.4898  lr=0.019986
2020-08-01 03:55:10,170 INFO Iter [80/1000]  Loss: 0.6385  Time/Image: 0.5512  lr=0.019984
2020-08-01 03:56:28,830 INFO Iter [90/1000]  Loss: 0.6366  Time/Image: 0.4906  lr=0.019982
2020-08-01 03:58:04,111 INFO Iter [100/1000]  Loss: 0.6349  Time/Image: 0.5469  lr=0.019980
2020-08-01 03:58:21,950 INFO Iter 100 Val Loss: 0.7815
2020-08-01 03:58:21,954 INFO Overall Acc: 	: 0.7404227974880822
2020-08-01 03:58:21,958 INFO Mean Acc : 	: 0.5897645730867924
2020-08-01 03:58:21,959 INFO FreqW Acc : 	: 0.5722651984788163
2020-08-01 03:58:21,962 INFO Mean IoU : 	: 0.4636069841107439
2020-08-01 03:58:21,963 INFO 0: 0.20546997916317003
2020-08-01 03:58:21,965 INFO 1: 0.7217439890583178
2020-08-01 03:59:41,283 INFO Iter [110/1000]  Loss: 0.6285  Time/Image: 0.4938  lr=0.019978
2020-08-01 04:01:15,468 INFO Iter [120/1000]  Loss: 0.6233  Time/Image: 0.5439  lr=0.019976
2020-08-01 04:02:35,405 INFO Iter [130/1000]  Loss: 0.6233  Time/Image: 0.4985  lr=0.019974
2020-08-01 04:04:07,848 INFO Iter [140/1000]  Loss: 0.6238  Time/Image: 0.5302  lr=0.019972
2020-08-01 04:05:29,590 INFO Iter [150/1000]  Loss: 0.6206  Time/Image: 0.5098  lr=0.019970
2020-08-01 04:05:46,972 INFO Iter 150 Val Loss: 0.8578
2020-08-01 04:05:46,976 INFO Overall Acc: 	: 0.7319989915658233
2020-08-01 04:05:46,981 INFO Mean Acc : 	: 0.558576648562229
2020-08-01 04:05:46,983 INFO FreqW Acc : 	: 0.5512034355835601
2020-08-01 04:05:46,986 INFO Mean IoU : 	: 0.42841498778458414
2020-08-01 04:05:46,987 INFO 0: 0.1367090883150762
2020-08-01 04:05:46,989 INFO 1: 0.7201208872540921
2020-08-01 04:07:05,784 INFO Iter [160/1000]  Loss: 0.6292  Time/Image: 0.4909  lr=0.019968
2020-08-01 04:08:40,684 INFO Iter [170/1000]  Loss: 0.6350  Time/Image: 0.5449  lr=0.019966
2020-08-01 04:09:59,390 INFO Iter [180/1000]  Loss: 0.6300  Time/Image: 0.4909  lr=0.019964
2020-08-01 04:11:33,675 INFO Iter [190/1000]  Loss: 0.6332  Time/Image: 0.5413  lr=0.019962
2020-08-01 04:12:53,065 INFO Iter [200/1000]  Loss: 0.6298  Time/Image: 0.4952  lr=0.019960
2020-08-01 04:13:10,615 INFO Iter 200 Val Loss: 0.8240
2020-08-01 04:13:10,619 INFO Overall Acc: 	: 0.7552395604143748
2020-08-01 04:13:10,624 INFO Mean Acc : 	: 0.599647216462174
2020-08-01 04:13:10,625 INFO FreqW Acc : 	: 0.5860934245448952
2020-08-01 04:13:10,629 INFO Mean IoU : 	: 0.47583278792206785
2020-08-01 04:13:10,630 INFO 0: 0.21388894256293894
2020-08-01 04:13:10,631 INFO 1: 0.7377766332811967
2020-08-01 04:14:43,641 INFO Iter [210/1000]  Loss: 0.6257  Time/Image: 0.5324  lr=0.019958
2020-08-01 04:16:04,787 INFO Iter [220/1000]  Loss: 0.6207  Time/Image: 0.5061  lr=0.019956
2020-08-01 04:17:23,229 INFO Iter [230/1000]  Loss: 0.6239  Time/Image: 0.4892  lr=0.019954
2020-08-01 04:18:58,153 INFO Iter [240/1000]  Loss: 0.6206  Time/Image: 0.5463  lr=0.019952
2020-08-01 04:20:16,716 INFO Iter [250/1000]  Loss: 0.6271  Time/Image: 0.4900  lr=0.019950
2020-08-01 04:20:34,418 INFO Iter 250 Val Loss: 0.8618
2020-08-01 04:20:34,422 INFO Overall Acc: 	: 0.7385899683718372
2020-08-01 04:20:34,424 INFO Mean Acc : 	: 0.56626533585783
2020-08-01 04:20:34,426 INFO FreqW Acc : 	: 0.5587667074444362
2020-08-01 04:20:34,429 INFO Mean IoU : 	: 0.4370924383866846
2020-08-01 04:20:34,432 INFO 0: 0.14803346961550054
2020-08-01 04:20:34,435 INFO 1: 0.7261514071578686
2020-08-01 04:22:09,675 INFO Iter [260/1000]  Loss: 0.6416  Time/Image: 0.5456  lr=0.019948
2020-08-01 04:23:28,618 INFO Iter [270/1000]  Loss: 0.6395  Time/Image: 0.4924  lr=0.019946
2020-08-01 04:25:02,174 INFO Iter [280/1000]  Loss: 0.6406  Time/Image: 0.5375  lr=0.019944
2020-08-01 04:26:22,699 INFO Iter [290/1000]  Loss: 0.6386  Time/Image: 0.5022  lr=0.019942
2020-08-01 04:27:40,908 INFO Iter [300/1000]  Loss: 0.6353  Time/Image: 0.4877  lr=0.019940
2020-08-01 04:27:58,311 INFO Iter 300 Val Loss: 0.9624
2020-08-01 04:27:58,315 INFO Overall Acc: 	: 0.7302111982031536
2020-08-01 04:27:58,319 INFO Mean Acc : 	: 0.5454559841118555
2020-08-01 04:27:58,321 INFO FreqW Acc : 	: 0.542396785986073
2020-08-01 04:27:58,323 INFO Mean IoU : 	: 0.41211373041539173
2020-08-01 04:27:58,325 INFO 0: 0.10260305093273768
2020-08-01 04:27:58,326 INFO 1: 0.7216244098980458
2020-08-01 04:29:33,908 INFO Iter [310/1000]  Loss: 0.6607  Time/Image: 0.5488  lr=0.019938
2020-08-01 04:30:52,727 INFO Iter [320/1000]  Loss: 0.6460  Time/Image: 0.4916  lr=0.019936
2020-08-01 04:32:27,683 INFO Iter [330/1000]  Loss: 0.6436  Time/Image: 0.5453  lr=0.019934
2020-08-01 04:33:45,914 INFO Iter [340/1000]  Loss: 0.6443  Time/Image: 0.4879  lr=0.019932
2020-08-01 04:35:19,072 INFO Iter [350/1000]  Loss: 0.6416  Time/Image: 0.5361  lr=0.019930
2020-08-01 04:35:36,649 INFO Iter 350 Val Loss: 0.7957
2020-08-01 04:35:36,651 INFO Overall Acc: 	: 0.7706834433443345
2020-08-01 04:35:36,655 INFO Mean Acc : 	: 0.6254419841003607
2020-08-01 04:35:36,658 INFO FreqW Acc : 	: 0.6088511311142293
2020-08-01 04:35:36,660 INFO Mean IoU : 	: 0.5059414948748272
2020-08-01 04:35:36,662 INFO 0: 0.26146126451601476
2020-08-01 04:35:36,671 INFO 1: 0.7504217252336396
2020-08-01 04:36:57,122 INFO Iter [360/1000]  Loss: 0.6190  Time/Image: 0.5009  lr=0.019928
2020-08-01 04:38:29,631 INFO Iter [370/1000]  Loss: 0.6238  Time/Image: 0.5304  lr=0.019926
2020-08-01 04:39:50,377 INFO Iter [380/1000]  Loss: 0.6279  Time/Image: 0.5036  lr=0.019924
2020-08-01 04:41:08,492 INFO Iter [390/1000]  Loss: 0.6261  Time/Image: 0.4872  lr=0.019922
2020-08-01 04:42:43,354 INFO Iter [400/1000]  Loss: 0.6262  Time/Image: 0.5461  lr=0.019920
2020-08-01 04:43:00,980 INFO Iter 400 Val Loss: 0.8631
2020-08-01 04:43:00,985 INFO Overall Acc: 	: 0.7349129652548588
2020-08-01 04:43:00,987 INFO Mean Acc : 	: 0.5710727039741718
2020-08-01 04:43:00,991 INFO FreqW Acc : 	: 0.5596399993986809
2020-08-01 04:43:00,993 INFO Mean IoU : 	: 0.4429407022382108
2020-08-01 04:43:00,994 INFO 0: 0.1657006682132981
2020-08-01 04:43:00,996 INFO 1: 0.7201807362631235
2020-08-01 04:44:19,406 INFO Iter [410/1000]  Loss: 0.6459  Time/Image: 0.4886  lr=0.019918
2020-08-01 04:45:53,231 INFO Iter [420/1000]  Loss: 0.6552  Time/Image: 0.5403  lr=0.019916
2020-08-01 04:47:12,288 INFO Iter [430/1000]  Loss: 0.6467  Time/Image: 0.4931  lr=0.019914
2020-08-01 04:48:43,884 INFO Iter [440/1000]  Loss: 0.6491  Time/Image: 0.5271  lr=0.019912
2020-08-01 04:50:03,663 INFO Iter [450/1000]  Loss: 0.6433  Time/Image: 0.4975  lr=0.019910
2020-08-01 04:50:20,733 INFO Iter 450 Val Loss: 0.8310
2020-08-01 04:50:20,735 INFO Overall Acc: 	: 0.7666329757975797
2020-08-01 04:50:20,739 INFO Mean Acc : 	: 0.6141862752912488
2020-08-01 04:50:20,742 INFO FreqW Acc : 	: 0.6005829577967816
2020-08-01 04:50:20,744 INFO Mean IoU : 	: 0.4932314845571294
2020-08-01 04:50:20,747 INFO 0: 0.23819887666866363
2020-08-01 04:50:20,748 INFO 1: 0.7482640924455951
2020-08-01 04:51:38,947 INFO Iter [460/1000]  Loss: 0.6373  Time/Image: 0.4872  lr=0.019908
2020-08-01 04:53:14,472 INFO Iter [470/1000]  Loss: 0.6328  Time/Image: 0.5499  lr=0.019906
2020-08-01 04:54:33,209 INFO Iter [480/1000]  Loss: 0.6363  Time/Image: 0.4910  lr=0.019904
2020-08-01 04:56:07,962 INFO Iter [490/1000]  Loss: 0.6341  Time/Image: 0.5456  lr=0.019902
2020-08-01 04:57:27,376 INFO Iter [500/1000]  Loss: 0.6330  Time/Image: 0.4952  lr=0.019900
2020-08-01 04:57:45,433 INFO Iter 500 Val Loss: 0.7896
2020-08-01 04:57:45,437 INFO Overall Acc: 	: 0.7632075655482214
2020-08-01 04:57:45,440 INFO Mean Acc : 	: 0.6239280907690323
2020-08-01 04:57:45,444 INFO FreqW Acc : 	: 0.6030130980006777
2020-08-01 04:57:45,446 INFO Mean IoU : 	: 0.5025239386640399
2020-08-01 04:57:45,448 INFO 0: 0.2637939837156796
2020-08-01 04:57:45,450 INFO 1: 0.7412538936124001
2020-08-01 04:59:19,516 INFO Iter [510/1000]  Loss: 0.6273  Time/Image: 0.5403  lr=0.019898
2020-08-01 05:00:40,168 INFO Iter [520/1000]  Loss: 0.6308  Time/Image: 0.5030  lr=0.019896
2020-08-01 05:01:57,940 INFO Iter [530/1000]  Loss: 0.6283  Time/Image: 0.4850  lr=0.019894
2020-08-01 05:03:32,437 INFO Iter [540/1000]  Loss: 0.6341  Time/Image: 0.5439  lr=0.019892
2020-08-01 05:04:49,779 INFO Iter [550/1000]  Loss: 0.6315  Time/Image: 0.4824  lr=0.019890
2020-08-01 05:05:06,872 INFO Iter 550 Val Loss: 0.7779
2020-08-01 05:05:06,874 INFO Overall Acc: 	: 0.7666694742390906
2020-08-01 05:05:06,877 INFO Mean Acc : 	: 0.6287657472401423
2020-08-01 05:05:06,881 INFO FreqW Acc : 	: 0.6076206777793793
2020-08-01 05:05:06,883 INFO Mean IoU : 	: 0.508207536888804
2020-08-01 05:05:06,885 INFO 0: 0.2720338560385439
2020-08-01 05:05:06,887 INFO 1: 0.7443812177390642
2020-08-01 05:06:41,639 INFO Iter [560/1000]  Loss: 0.6208  Time/Image: 0.5427  lr=0.019888
2020-08-01 05:08:00,666 INFO Iter [570/1000]  Loss: 0.6204  Time/Image: 0.4928  lr=0.019886
2020-08-01 05:09:33,997 INFO Iter [580/1000]  Loss: 0.6308  Time/Image: 0.5358  lr=0.019884
2020-08-01 05:10:54,496 INFO Iter [590/1000]  Loss: 0.6317  Time/Image: 0.5021  lr=0.019882
2020-08-01 05:12:28,053 INFO Iter [600/1000]  Loss: 0.6344  Time/Image: 0.5370  lr=0.019880
2020-08-01 05:12:46,350 INFO Iter 600 Val Loss: 0.9348
2020-08-01 05:12:46,354 INFO Overall Acc: 	: 0.746872593509351
2020-08-01 05:12:46,359 INFO Mean Acc : 	: 0.5710870093235982
2020-08-01 05:12:46,360 INFO FreqW Acc : 	: 0.5655021993861498
2020-08-01 05:12:46,363 INFO Mean IoU : 	: 0.4422182120681153
2020-08-01 05:12:46,365 INFO 0: 0.1493350699204826
2020-08-01 05:12:46,367 INFO 1: 0.735101354215748
2020-08-01 05:14:09,803 INFO Iter [610/1000]  Loss: 0.6505  Time/Image: 0.5199  lr=0.019878
2020-08-01 05:15:30,268 INFO Iter [620/1000]  Loss: 0.6358  Time/Image: 0.5019  lr=0.019876
2020-08-01 05:17:08,919 INFO Iter [630/1000]  Loss: 0.6288  Time/Image: 0.5689  lr=0.019874
2020-08-01 05:18:29,586 INFO Iter [640/1000]  Loss: 0.6349  Time/Image: 0.5031  lr=0.019872
2020-08-01 05:20:05,578 INFO Iter [650/1000]  Loss: 0.6349  Time/Image: 0.5521  lr=0.019870
2020-08-01 05:20:24,182 INFO Iter 650 Val Loss: 0.8229
2020-08-01 05:20:24,186 INFO Overall Acc: 	: 0.7671654405023836
2020-08-01 05:20:24,189 INFO Mean Acc : 	: 0.6121262378954277
2020-08-01 05:20:24,191 INFO FreqW Acc : 	: 0.5998390912398224
2020-08-01 05:20:24,194 INFO Mean IoU : 	: 0.4910619071208181
2020-08-01 05:20:24,195 INFO 0: 0.23264226827056605
2020-08-01 05:20:24,197 INFO 1: 0.7494815459710702
2020-08-01 05:21:45,149 INFO Iter [660/1000]  Loss: 0.6005  Time/Image: 0.5045  lr=0.019868
2020-08-01 05:23:20,042 INFO Iter [670/1000]  Loss: 0.6160  Time/Image: 0.5437  lr=0.019866
2020-08-01 05:24:42,605 INFO Iter [680/1000]  Loss: 0.6318  Time/Image: 0.5150  lr=0.019864
2020-08-01 05:26:02,809 INFO Iter [690/1000]  Loss: 0.6304  Time/Image: 0.5002  lr=0.019862
2020-08-01 05:27:39,713 INFO Iter [700/1000]  Loss: 0.6347  Time/Image: 0.5580  lr=0.019860
2020-08-01 05:27:58,282 INFO Iter 700 Val Loss: 0.9022
2020-08-01 05:27:58,287 INFO Overall Acc: 	: 0.7187886757425742
2020-08-01 05:27:58,289 INFO Mean Acc : 	: 0.553730613386456
2020-08-01 05:27:58,292 INFO FreqW Acc : 	: 0.5421706461478046
2020-08-01 05:27:58,294 INFO Mean IoU : 	: 0.42381875392166296
2020-08-01 05:27:58,295 INFO 0: 0.14265268500721542
2020-08-01 05:27:58,297 INFO 1: 0.7049848228361105
2020-08-01 05:29:19,685 INFO Iter [710/1000]  Loss: 0.6308  Time/Image: 0.5072  lr=0.019858
2020-08-01 05:30:56,132 INFO Iter [720/1000]  Loss: 0.6276  Time/Image: 0.5548  lr=0.019856
2020-08-01 05:32:16,148 INFO Iter [730/1000]  Loss: 0.6316  Time/Image: 0.4990  lr=0.019854
2020-08-01 05:33:51,203 INFO Iter [740/1000]  Loss: 0.6301  Time/Image: 0.5465  lr=0.019852
2020-08-01 05:35:12,548 INFO Iter [750/1000]  Loss: 0.6335  Time/Image: 0.5073  lr=0.019850
2020-08-01 05:35:30,353 INFO Iter 750 Val Loss: 0.9219
2020-08-01 05:35:30,355 INFO Overall Acc: 	: 0.7339341538320499
2020-08-01 05:35:30,357 INFO Mean Acc : 	: 0.5618964060285881
2020-08-01 05:35:30,361 INFO FreqW Acc : 	: 0.5540315192398303
2020-08-01 05:35:30,362 INFO Mean IoU : 	: 0.4322342394982709
2020-08-01 05:35:30,363 INFO 0: 0.14288303686626588
2020-08-01 05:35:30,365 INFO 1: 0.7215854421302759
2020-08-01 05:36:49,613 INFO Iter [760/1000]  Loss: 0.6570  Time/Image: 0.4938  lr=0.019848
2020-08-01 05:38:27,014 INFO Iter [770/1000]  Loss: 0.6475  Time/Image: 0.5613  lr=0.019846
2020-08-01 05:39:46,640 INFO Iter [780/1000]  Loss: 0.6484  Time/Image: 0.4966  lr=0.019844
2020-08-01 05:41:23,163 INFO Iter [790/1000]  Loss: 0.6450  Time/Image: 0.5531  lr=0.019842
2020-08-01 05:42:42,227 INFO Iter [800/1000]  Loss: 0.6431  Time/Image: 0.4931  lr=0.019840
2020-08-01 05:43:00,460 INFO Iter 800 Val Loss: 0.7852
2020-08-01 05:43:00,464 INFO Overall Acc: 	: 0.7542543316831684
2020-08-01 05:43:00,467 INFO Mean Acc : 	: 0.6299458842838408
2020-08-01 05:43:00,470 INFO FreqW Acc : 	: 0.5990134331294157
2020-08-01 05:43:00,471 INFO Mean IoU : 	: 0.5053308010282149
2020-08-01 05:43:00,472 INFO 0: 0.2827709678223124
2020-08-01 05:43:00,474 INFO 1: 0.7278906342341174
2020-08-01 05:44:36,641 INFO Iter [810/1000]  Loss: 0.6267  Time/Image: 0.5525  lr=0.019838
2020-08-01 05:45:58,686 INFO Iter [820/1000]  Loss: 0.6478  Time/Image: 0.5117  lr=0.019836
2020-08-01 05:47:32,971 INFO Iter [830/1000]  Loss: 0.6418  Time/Image: 0.5396  lr=0.019834
2020-08-01 05:48:55,636 INFO Iter [840/1000]  Loss: 0.6466  Time/Image: 0.5155  lr=0.019832
2020-08-01 05:50:15,040 INFO Iter [850/1000]  Loss: 0.6414  Time/Image: 0.4953  lr=0.019830
2020-08-01 05:50:33,309 INFO Iter 850 Val Loss: 0.7847
2020-08-01 05:50:33,313 INFO Overall Acc: 	: 0.7674961037770444
2020-08-01 05:50:33,315 INFO Mean Acc : 	: 0.6348139399799256
2020-08-01 05:50:33,320 INFO FreqW Acc : 	: 0.6108634186785311
2020-08-01 05:50:33,322 INFO Mean IoU : 	: 0.5142392941618374
2020-08-01 05:50:33,323 INFO 0: 0.28469142009195364
2020-08-01 05:50:33,325 INFO 1: 0.7437871682317213
2020-08-01 05:52:11,194 INFO Iter [860/1000]  Loss: 0.6420  Time/Image: 0.5622  lr=0.019828
2020-08-01 05:53:33,871 INFO Iter [870/1000]  Loss: 0.6445  Time/Image: 0.5156  lr=0.019826
2020-08-01 05:55:13,882 INFO Iter [880/1000]  Loss: 0.6420  Time/Image: 0.5760  lr=0.019824
2020-08-01 05:56:39,424 INFO Iter [890/1000]  Loss: 0.6390  Time/Image: 0.5336  lr=0.019822
2020-08-01 05:58:18,911 INFO Iter [900/1000]  Loss: 0.6392  Time/Image: 0.5694  lr=0.019820
2020-08-01 05:58:38,537 INFO Iter 900 Val Loss: 0.7692
2020-08-01 05:58:38,540 INFO Overall Acc: 	: 0.7608431884855152
2020-08-01 05:58:38,541 INFO Mean Acc : 	: 0.6360886337869109
2020-08-01 05:58:38,544 INFO FreqW Acc : 	: 0.6063934545568388
2020-08-01 05:58:38,546 INFO Mean IoU : 	: 0.5130863063057456
2020-08-01 05:58:38,547 INFO 0: 0.29141850208298675
2020-08-01 05:58:38,549 INFO 1: 0.7347541105285045
2020-08-01 06:00:05,938 INFO Iter [910/1000]  Loss: 0.6324  Time/Image: 0.5445  lr=0.019818
2020-08-01 06:01:28,826 INFO Iter [920/1000]  Loss: 0.6471  Time/Image: 0.5170  lr=0.019816
2020-08-01 06:03:09,094 INFO Iter [930/1000]  Loss: 0.6426  Time/Image: 0.5779  lr=0.019814
2020-08-01 06:04:31,789 INFO Iter [940/1000]  Loss: 0.6397  Time/Image: 0.5157  lr=0.019812
2020-08-01 06:06:11,251 INFO Iter [950/1000]  Loss: 0.6405  Time/Image: 0.5739  lr=0.019810
2020-08-01 06:06:30,526 INFO Iter 950 Val Loss: 0.7755
2020-08-01 06:06:30,528 INFO Overall Acc: 	: 0.7731581178951229
2020-08-01 06:06:30,531 INFO Mean Acc : 	: 0.6441656727289187
2020-08-01 06:06:30,534 INFO FreqW Acc : 	: 0.6190480245511878
2020-08-01 06:06:30,538 INFO Mean IoU : 	: 0.5248943833624922
2020-08-01 06:06:30,538 INFO 0: 0.3012155839021179
2020-08-01 06:06:30,540 INFO 1: 0.7485731828228663
2020-08-01 06:07:55,147 INFO Iter [960/1000]  Loss: 0.6289  Time/Image: 0.5268  lr=0.019808
2020-08-01 06:09:33,735 INFO Iter [970/1000]  Loss: 0.6419  Time/Image: 0.5680  lr=0.019806
2020-08-01 06:11:00,163 INFO Iter [980/1000]  Loss: 0.6412  Time/Image: 0.5390  lr=0.019804
2020-08-01 06:12:24,276 INFO Iter [990/1000]  Loss: 0.6387  Time/Image: 0.5246  lr=0.019802
2020-08-01 06:14:06,941 INFO Iter [1000/1000]  Loss: 0.6362  Time/Image: 0.5931  lr=0.019800
2020-08-01 06:14:26,592 INFO Iter 1000 Val Loss: 0.8212
2020-08-01 06:14:26,595 INFO Overall Acc: 	: 0.7647391249541621
2020-08-01 06:14:26,600 INFO Mean Acc : 	: 0.6188870211496338
2020-08-01 06:14:26,601 INFO FreqW Acc : 	: 0.6017021278617457
2020-08-01 06:14:26,604 INFO Mean IoU : 	: 0.4978302230211775
2020-08-01 06:14:26,611 INFO 0: 0.2510639516473831
2020-08-01 06:14:26,614 INFO 1: 0.7445964943949719
