2020-08-03 13:26:10,746 INFO Let the games begin
2020-08-03 13:26:12,884 INFO Using hflip aug with params 0.5
2020-08-03 13:26:12,885 INFO Using rscale_crop aug with params [1024, 1024]
2020-08-03 13:26:12,911 INFO No checkpoint found at 'None'
2020-08-03 13:29:09,767 INFO Iter [10/10000]  Loss: 0.6655  Time/Image: 1.1144  lr=0.019998
2020-08-03 13:31:53,804 INFO Iter [20/10000]  Loss: 0.6748  Time/Image: 1.0240  lr=0.019996
2020-08-03 13:34:57,718 INFO Iter [30/10000]  Loss: 0.6759  Time/Image: 1.0931  lr=0.019994
2020-08-03 13:37:41,217 INFO Iter [40/10000]  Loss: 0.6632  Time/Image: 1.0206  lr=0.019992
2020-08-03 13:40:43,484 INFO Iter [50/10000]  Loss: 0.6618  Time/Image: 1.0809  lr=0.019990
2020-08-03 13:41:39,416 INFO Iter 50 Val Loss: 0.6859
2020-08-03 13:41:39,421 INFO Overall Acc: 	: 0.956796731756509
2020-08-03 13:41:39,426 INFO Mean Acc : 	: 0.9360130296845228
2020-08-03 13:41:39,428 INFO FreqW Acc : 	: 0.9169966453702592
2020-08-03 13:41:39,431 INFO Mean IoU : 	: 0.8989118604108006
2020-08-03 13:41:39,434 INFO 0: 0.855948222072867
2020-08-03 13:41:39,436 INFO 1: 0.9418754987487342
2020-08-03 13:44:25,571 INFO Iter [60/10000]  Loss: 0.6448  Time/Image: 1.0356  lr=0.019988
2020-08-03 13:47:08,796 INFO Iter [70/10000]  Loss: 0.6391  Time/Image: 1.0189  lr=0.019986
2020-08-03 13:50:10,283 INFO Iter [80/10000]  Loss: 0.6432  Time/Image: 1.0749  lr=0.019984
2020-08-03 13:52:52,642 INFO Iter [90/10000]  Loss: 0.6439  Time/Image: 1.0135  lr=0.019982
2020-08-03 13:55:59,586 INFO Iter [100/10000]  Loss: 0.6383  Time/Image: 1.1119  lr=0.019980
2020-08-03 13:56:27,163 INFO Iter 100 Val Loss: 1.9365
2020-08-03 13:56:27,167 INFO Overall Acc: 	: 0.7452569788228823
2020-08-03 13:56:27,171 INFO Mean Acc : 	: 0.5607175605083421
2020-08-03 13:56:27,178 INFO FreqW Acc : 	: 0.5581725190657467
2020-08-03 13:56:27,180 INFO Mean IoU : 	: 0.42897666384869115
2020-08-03 13:56:27,183 INFO 0: 0.12204882308370849
2020-08-03 13:56:27,185 INFO 1: 0.7359045046136738
2020-08-03 13:59:14,562 INFO Iter [110/10000]  Loss: 0.6481  Time/Image: 1.0438  lr=0.019978
2020-08-03 14:02:21,628 INFO Iter [120/10000]  Loss: 0.6484  Time/Image: 1.1077  lr=0.019976
2020-08-03 14:05:10,495 INFO Iter [130/10000]  Loss: 0.6415  Time/Image: 1.0541  lr=0.019974
2020-08-03 14:08:16,068 INFO Iter [140/10000]  Loss: 0.6359  Time/Image: 1.1006  lr=0.019972
2020-08-03 14:11:09,235 INFO Iter [150/10000]  Loss: 0.6380  Time/Image: 1.0809  lr=0.019970
2020-08-03 14:11:36,695 INFO Iter 150 Val Loss: 1.0043
2020-08-03 14:11:36,700 INFO Overall Acc: 	: 0.9164894458195819
2020-08-03 14:11:36,704 INFO Mean Acc : 	: 0.8605747932541894
2020-08-03 14:11:36,711 INFO FreqW Acc : 	: 0.8426482030223783
2020-08-03 14:11:36,714 INFO Mean IoU : 	: 0.8051773997839055
2020-08-03 14:11:36,718 INFO 0: 0.7161588108331066
2020-08-03 14:11:36,720 INFO 1: 0.8941959887347043
2020-08-03 14:14:26,264 INFO Iter [160/10000]  Loss: 0.6261  Time/Image: 1.0572  lr=0.019968
2020-08-03 14:17:37,242 INFO Iter [170/10000]  Loss: 0.6366  Time/Image: 1.1368  lr=0.019966
2020-08-03 14:20:26,143 INFO Iter [180/10000]  Loss: 0.6253  Time/Image: 1.0543  lr=0.019964
2020-08-03 14:23:35,999 INFO Iter [190/10000]  Loss: 0.6295  Time/Image: 1.1253  lr=0.019962
2020-08-03 14:26:25,938 INFO Iter [200/10000]  Loss: 0.6293  Time/Image: 1.0608  lr=0.019960
2020-08-03 14:26:53,578 INFO Iter 200 Val Loss: 0.5946
2020-08-03 14:26:53,583 INFO Overall Acc: 	: 0.9691401379721305
2020-08-03 14:26:53,587 INFO Mean Acc : 	: 0.9685709186278293
2020-08-03 14:26:53,591 INFO FreqW Acc : 	: 0.9408081273443043
2020-08-03 14:26:53,595 INFO Mean IoU : 	: 0.9289387698988265
2020-08-03 14:26:53,597 INFO 0: 0.9007409902882669
2020-08-03 14:26:53,599 INFO 1: 0.957136549509386
2020-08-03 14:29:59,519 INFO Iter [210/10000]  Loss: 0.6312  Time/Image: 1.1027  lr=0.019958
2020-08-03 14:32:47,679 INFO Iter [220/10000]  Loss: 0.6365  Time/Image: 1.0496  lr=0.019956
2020-08-03 14:35:29,665 INFO Iter [230/10000]  Loss: 0.6332  Time/Image: 1.0112  lr=0.019954
2020-08-03 14:38:38,684 INFO Iter [240/10000]  Loss: 0.6314  Time/Image: 1.1200  lr=0.019952
2020-08-03 14:41:26,041 INFO Iter [250/10000]  Loss: 0.6321  Time/Image: 1.0447  lr=0.019950
2020-08-03 14:41:52,764 INFO Iter 250 Val Loss: 0.8185
2020-08-03 14:41:52,767 INFO Overall Acc: 	: 0.9396124404107077
2020-08-03 14:41:52,773 INFO Mean Acc : 	: 0.9068018318244907
2020-08-03 14:41:52,776 INFO FreqW Acc : 	: 0.8853404294995652
2020-08-03 14:41:52,779 INFO Mean IoU : 	: 0.8597500047876561
2020-08-03 14:41:52,782 INFO 0: 0.7989553779949522
2020-08-03 14:41:52,786 INFO 1: 0.9205446315803599
2020-08-03 14:45:00,292 INFO Iter [260/10000]  Loss: 0.6345  Time/Image: 1.1099  lr=0.019948
2020-08-03 14:47:46,283 INFO Iter [270/10000]  Loss: 0.6389  Time/Image: 1.0362  lr=0.019946
2020-08-03 14:50:49,572 INFO Iter [280/10000]  Loss: 0.6334  Time/Image: 1.0861  lr=0.019944
2020-08-03 14:53:34,245 INFO Iter [290/10000]  Loss: 0.6315  Time/Image: 1.0279  lr=0.019942
2020-08-03 14:56:16,956 INFO Iter [300/10000]  Loss: 0.6349  Time/Image: 1.0157  lr=0.019940
2020-08-03 14:56:43,683 INFO Iter 300 Val Loss: 0.4941
2020-08-03 14:56:43,691 INFO Overall Acc: 	: 0.9811536257792446
2020-08-03 14:56:43,696 INFO Mean Acc : 	: 0.971943173888956
2020-08-03 14:56:43,700 INFO FreqW Acc : 	: 0.9629644835422265
2020-08-03 14:56:43,705 INFO Mean IoU : 	: 0.9549409356293939
2020-08-03 14:56:43,706 INFO 0: 0.9358795637918629
2020-08-03 14:56:43,712 INFO 1: 0.9740023074669247
2020-08-03 14:59:51,154 INFO Iter [310/10000]  Loss: 0.6224  Time/Image: 1.1088  lr=0.019938
2020-08-03 15:02:33,107 INFO Iter [320/10000]  Loss: 0.6271  Time/Image: 1.0109  lr=0.019936
2020-08-03 15:05:37,582 INFO Iter [330/10000]  Loss: 0.6282  Time/Image: 1.0940  lr=0.019934
2020-08-03 15:08:24,535 INFO Iter [340/10000]  Loss: 0.6304  Time/Image: 1.0422  lr=0.019932
2020-08-03 15:11:32,141 INFO Iter [350/10000]  Loss: 0.6300  Time/Image: 1.1124  lr=0.019930
2020-08-03 15:12:00,810 INFO Iter 350 Val Loss: 0.6172
2020-08-03 15:12:00,816 INFO Overall Acc: 	: 0.9787215804913825
2020-08-03 15:12:00,819 INFO Mean Acc : 	: 0.9679665393296198
2020-08-03 15:12:00,825 INFO FreqW Acc : 	: 0.9582642492631059
2020-08-03 15:12:00,828 INFO Mean IoU : 	: 0.9491977932587267
2020-08-03 15:12:00,830 INFO 0: 0.927658806886914
2020-08-03 15:12:00,832 INFO 1: 0.9707367796305393
2020-08-03 15:14:50,861 INFO Iter [360/10000]  Loss: 0.6332  Time/Image: 1.0603  lr=0.019928
2020-08-03 15:17:56,311 INFO Iter [370/10000]  Loss: 0.6421  Time/Image: 1.1014  lr=0.019926
2020-08-03 15:20:46,877 INFO Iter [380/10000]  Loss: 0.6333  Time/Image: 1.0647  lr=0.019924
2020-08-03 15:23:33,437 INFO Iter [390/10000]  Loss: 0.6299  Time/Image: 1.0398  lr=0.019922
2020-08-03 15:26:41,502 INFO Iter [400/10000]  Loss: 0.6321  Time/Image: 1.1149  lr=0.019920
2020-08-03 15:27:10,187 INFO Iter 400 Val Loss: 0.6980
2020-08-03 15:27:10,192 INFO Overall Acc: 	: 0.9728495714154749
2020-08-03 15:27:10,197 INFO Mean Acc : 	: 0.9664865891606136
2020-08-03 15:27:10,201 INFO FreqW Acc : 	: 0.94739946665188
2020-08-03 15:27:10,204 INFO Mean IoU : 	: 0.9364025612170858
2020-08-03 15:27:10,207 INFO 0: 0.9102774472610111
2020-08-03 15:27:10,209 INFO 1: 0.9625276751731604
2020-08-03 15:29:58,153 INFO Iter [410/10000]  Loss: 0.6103  Time/Image: 1.0474  lr=0.019918
2020-08-03 15:33:03,168 INFO Iter [420/10000]  Loss: 0.6281  Time/Image: 1.0975  lr=0.019916
2020-08-03 15:35:47,090 INFO Iter [430/10000]  Loss: 0.6278  Time/Image: 1.0233  lr=0.019914
2020-08-03 15:38:50,684 INFO Iter [440/10000]  Loss: 0.6266  Time/Image: 1.0888  lr=0.019912
2020-08-03 15:41:40,488 INFO Iter [450/10000]  Loss: 0.6261  Time/Image: 1.0599  lr=0.019910
2020-08-03 15:42:08,363 INFO Iter 450 Val Loss: 0.6855
2020-08-03 15:42:08,372 INFO Overall Acc: 	: 0.9760729510451045
2020-08-03 15:42:08,374 INFO Mean Acc : 	: 0.9670798497045219
2020-08-03 15:42:08,382 INFO FreqW Acc : 	: 0.9533235175396522
2020-08-03 15:42:08,388 INFO Mean IoU : 	: 0.9433448489608235
2020-08-03 15:42:08,390 INFO 0: 0.9196387386102729
2020-08-03 15:42:08,396 INFO 1: 0.9670509593113741
2020-08-03 15:44:55,904 INFO Iter [460/10000]  Loss: 0.6418  Time/Image: 1.0445  lr=0.019908
2020-08-03 15:48:05,481 INFO Iter [470/10000]  Loss: 0.6341  Time/Image: 1.1270  lr=0.019906
2020-08-03 15:50:53,245 INFO Iter [480/10000]  Loss: 0.6318  Time/Image: 1.0473  lr=0.019904
2020-08-03 15:54:01,891 INFO Iter [490/10000]  Loss: 0.6371  Time/Image: 1.1191  lr=0.019902
2020-08-03 15:56:49,680 INFO Iter [500/10000]  Loss: 0.6350  Time/Image: 1.0473  lr=0.019900
2020-08-03 15:57:17,365 INFO Iter 500 Val Loss: 0.6145
2020-08-03 15:57:17,370 INFO Overall Acc: 	: 0.9758514966079941
2020-08-03 15:57:17,374 INFO Mean Acc : 	: 0.9707174314780088
2020-08-03 15:57:17,379 INFO FreqW Acc : 	: 0.9530761084547583
2020-08-03 15:57:17,383 INFO Mean IoU : 	: 0.9432633218417453
2020-08-03 15:57:17,386 INFO 0: 0.9199512937433239
2020-08-03 15:57:17,388 INFO 1: 0.9665753499401668
2020-08-03 16:00:22,360 INFO Iter [510/10000]  Loss: 0.6338  Time/Image: 1.0964  lr=0.019898
2020-08-03 16:03:09,248 INFO Iter [520/10000]  Loss: 0.6280  Time/Image: 1.0418  lr=0.019896
2020-08-03 16:05:53,921 INFO Iter [530/10000]  Loss: 0.6250  Time/Image: 1.0279  lr=0.019894
2020-08-03 16:09:04,156 INFO Iter [540/10000]  Loss: 0.6291  Time/Image: 1.1281  lr=0.019892
2020-08-03 16:11:50,613 INFO Iter [550/10000]  Loss: 0.6254  Time/Image: 1.0391  lr=0.019890
2020-08-03 16:12:17,104 INFO Iter 550 Val Loss: 0.6687
2020-08-03 16:12:17,111 INFO Overall Acc: 	: 0.9821944329849651
2020-08-03 16:12:17,120 INFO Mean Acc : 	: 0.9776474288045474
2020-08-03 16:12:17,121 INFO FreqW Acc : 	: 0.9651169844319658
2020-08-03 16:12:17,126 INFO Mean IoU : 	: 0.9577349448810402
2020-08-03 16:12:17,128 INFO 0: 0.9401975907917718
2020-08-03 16:12:17,130 INFO 1: 0.9752722989703084
2020-08-03 16:15:26,138 INFO Iter [560/10000]  Loss: 0.6435  Time/Image: 1.1198  lr=0.019888
2020-08-03 16:18:13,458 INFO Iter [570/10000]  Loss: 0.6273  Time/Image: 1.0445  lr=0.019886
2020-08-03 16:21:19,026 INFO Iter [580/10000]  Loss: 0.6347  Time/Image: 1.0999  lr=0.019884
2020-08-03 16:24:03,950 INFO Iter [590/10000]  Loss: 0.6369  Time/Image: 1.0295  lr=0.019882
2020-08-03 16:27:06,892 INFO Iter [600/10000]  Loss: 0.6336  Time/Image: 1.0841  lr=0.019880
2020-08-03 16:27:34,788 INFO Iter 600 Val Loss: 0.6573
2020-08-03 16:27:34,792 INFO Overall Acc: 	: 0.9853379400440044
2020-08-03 16:27:34,798 INFO Mean Acc : 	: 0.9803011513573792
2020-08-03 16:27:34,802 INFO FreqW Acc : 	: 0.9711357117328886
2020-08-03 16:27:34,805 INFO Mean IoU : 	: 0.964964238986858
2020-08-03 16:27:34,807 INFO 0: 0.9503028026652616
2020-08-03 16:27:34,810 INFO 1: 0.9796256753084546
2020-08-03 16:30:25,852 INFO Iter [610/10000]  Loss: 0.6291  Time/Image: 1.0660  lr=0.019878
2020-08-03 16:33:13,573 INFO Iter [620/10000]  Loss: 0.6268  Time/Image: 1.0470  lr=0.019876
