2020-08-02 02:45:13,379 INFO Let the games begin
2020-08-02 02:45:13,793 INFO Using hflip aug with params 0.5
2020-08-02 02:45:13,794 INFO Using rscale_crop aug with params [1024, 1024]
2020-08-02 02:45:18,199 INFO Loading model and optimizer from checkpoint './runs_camvid/hardnet/cur/hardnet_camvid_checkpoint.pkl'
2020-08-02 02:45:24,427 INFO Loaded checkpoint './runs_camvid/hardnet/cur/hardnet_camvid_checkpoint.pkl' (iter 1350)
2020-08-02 02:47:04,729 INFO Iter [1360/10000]  Loss: 0.6507  Time/Image: 0.5700  lr=0.019728
2020-08-02 02:48:27,697 INFO Iter [1370/10000]  Loss: 0.6466  Time/Image: 0.5175  lr=0.019726
2020-08-02 02:50:06,269 INFO Iter [1380/10000]  Loss: 0.6368  Time/Image: 0.5693  lr=0.019724
2020-08-02 02:51:30,021 INFO Iter [1390/10000]  Loss: 0.6363  Time/Image: 0.5224  lr=0.019722
2020-08-02 02:53:07,146 INFO Iter [1400/10000]  Loss: 0.6352  Time/Image: 0.5593  lr=0.019720
2020-08-02 02:53:42,507 INFO Iter 1400 Val Loss: 0.7749
2020-08-02 02:53:42,511 INFO Overall Acc: 	: 0.7863507288228823
2020-08-02 02:53:42,514 INFO Mean Acc : 	: 0.6495259833066188
2020-08-02 02:53:42,517 INFO FreqW Acc : 	: 0.6313666859553324
2020-08-02 02:53:42,519 INFO Mean IoU : 	: 0.5348097515434712
2020-08-02 02:53:42,521 INFO 0: 0.30542149957417514
2020-08-02 02:53:42,522 INFO 1: 0.7641980035127672
2020-08-02 02:55:09,585 INFO Iter [1410/10000]  Loss: 0.6321  Time/Image: 0.5287  lr=0.019718
2020-08-02 02:56:31,676 INFO Iter [1420/10000]  Loss: 0.6367  Time/Image: 0.5121  lr=0.019716
2020-08-02 02:58:10,824 INFO Iter [1430/10000]  Loss: 0.6353  Time/Image: 0.5727  lr=0.019714
2020-08-02 02:59:33,852 INFO Iter [1440/10000]  Loss: 0.6357  Time/Image: 0.5179  lr=0.019712
2020-08-02 03:01:12,782 INFO Iter [1450/10000]  Loss: 0.6348  Time/Image: 0.5723  lr=0.019710
2020-08-02 03:01:33,053 INFO Iter 1450 Val Loss: 0.7617
2020-08-02 03:01:33,055 INFO Overall Acc: 	: 0.7718190777411075
2020-08-02 03:01:33,058 INFO Mean Acc : 	: 0.6460758842545077
2020-08-02 03:01:33,060 INFO FreqW Acc : 	: 0.6187971972405859
2020-08-02 03:01:33,064 INFO Mean IoU : 	: 0.5261099629577907
2020-08-02 03:01:33,066 INFO 0: 0.3059148751424589
2020-08-02 03:01:33,067 INFO 1: 0.7463050507731225
2020-08-02 03:02:55,869 INFO Iter [1460/10000]  Loss: 0.6310  Time/Image: 0.5160  lr=0.019708
2020-08-02 03:04:33,612 INFO Iter [1470/10000]  Loss: 0.6294  Time/Image: 0.5632  lr=0.019706
2020-08-02 03:05:57,558 INFO Iter [1480/10000]  Loss: 0.6321  Time/Image: 0.5236  lr=0.019704
2020-08-02 03:07:33,765 INFO Iter [1490/10000]  Loss: 0.6322  Time/Image: 0.5569  lr=0.019702
2020-08-02 03:08:59,258 INFO Iter [1500/10000]  Loss: 0.6295  Time/Image: 0.5332  lr=0.019700
2020-08-02 03:09:19,491 INFO Iter 1500 Val Loss: 0.7904
2020-08-02 03:09:19,493 INFO Overall Acc: 	: 0.774329735056839
2020-08-02 03:09:19,495 INFO Mean Acc : 	: 0.6366050660977788
2020-08-02 03:09:19,499 INFO FreqW Acc : 	: 0.6166348851109812
2020-08-02 03:09:19,502 INFO Mean IoU : 	: 0.5181463980458263
2020-08-02 03:09:19,503 INFO 0: 0.284169397589179
2020-08-02 03:09:19,504 INFO 1: 0.7521233985024736
2020-08-02 03:10:42,980 INFO Iter [1510/10000]  Loss: 0.6418  Time/Image: 0.5203  lr=0.019698
2020-08-02 03:12:22,868 INFO Iter [1520/10000]  Loss: 0.6425  Time/Image: 0.5788  lr=0.019696
2020-08-02 03:13:47,200 INFO Iter [1530/10000]  Loss: 0.6361  Time/Image: 0.5260  lr=0.019694
2020-08-02 03:15:27,895 INFO Iter [1540/10000]  Loss: 0.6382  Time/Image: 0.5814  lr=0.019692
2020-08-02 03:16:53,281 INFO Iter [1550/10000]  Loss: 0.6350  Time/Image: 0.5326  lr=0.019690
2020-08-02 03:17:13,733 INFO Iter 1550 Val Loss: 0.7948
2020-08-02 03:17:13,735 INFO Overall Acc: 	: 0.7790618697286396
2020-08-02 03:17:13,738 INFO Mean Acc : 	: 0.6409567137285278
2020-08-02 03:17:13,742 INFO FreqW Acc : 	: 0.6220524210634448
2020-08-02 03:17:13,743 INFO Mean IoU : 	: 0.5239173098977383
2020-08-02 03:17:13,746 INFO 0: 0.2907798170368564
2020-08-02 03:17:13,749 INFO 1: 0.7570548027586204
2020-08-02 03:18:51,465 INFO Iter [1560/10000]  Loss: 0.6326  Time/Image: 0.5634  lr=0.019688
2020-08-02 03:20:16,788 INFO Iter [1570/10000]  Loss: 0.6273  Time/Image: 0.5322  lr=0.019686
2020-08-02 03:21:39,579 INFO Iter [1580/10000]  Loss: 0.6312  Time/Image: 0.5164  lr=0.019684
2020-08-02 03:23:18,477 INFO Iter [1590/10000]  Loss: 0.6273  Time/Image: 0.5700  lr=0.019682
2020-08-02 03:24:41,544 INFO Iter [1600/10000]  Loss: 0.6338  Time/Image: 0.5181  lr=0.019680
2020-08-02 03:25:01,769 INFO Iter 1600 Val Loss: 0.8390
2020-08-02 03:25:01,771 INFO Overall Acc: 	: 0.7584345778327832
2020-08-02 03:25:01,774 INFO Mean Acc : 	: 0.599801356064679
2020-08-02 03:25:01,778 INFO FreqW Acc : 	: 0.5880520314018481
2020-08-02 03:25:01,780 INFO Mean IoU : 	: 0.4763152601603357
2020-08-02 03:25:01,781 INFO 0: 0.21086459323614748
2020-08-02 03:25:01,784 INFO 1: 0.7417659270845239
2020-08-02 03:26:40,443 INFO Iter [1610/10000]  Loss: 0.6488  Time/Image: 0.5701  lr=0.019678
2020-08-02 03:28:03,555 INFO Iter [1620/10000]  Loss: 0.6447  Time/Image: 0.5184  lr=0.019676
2020-08-02 03:29:41,072 INFO Iter [1630/10000]  Loss: 0.6450  Time/Image: 0.5621  lr=0.019674
2020-08-02 03:31:05,695 INFO Iter [1640/10000]  Loss: 0.6421  Time/Image: 0.5278  lr=0.019672
2020-08-02 03:32:27,837 INFO Iter [1650/10000]  Loss: 0.6387  Time/Image: 0.5123  lr=0.019670
2020-08-02 03:32:47,852 INFO Iter 1650 Val Loss: 0.9462
2020-08-02 03:32:47,856 INFO Overall Acc: 	: 0.7435545012834617
2020-08-02 03:32:47,858 INFO Mean Acc : 	: 0.5659212043871089
2020-08-02 03:32:47,861 INFO FreqW Acc : 	: 0.5608186738930901
2020-08-02 03:32:47,865 INFO Mean IoU : 	: 0.4360911137959869
2020-08-02 03:32:47,866 INFO 0: 0.13977850655195231
2020-08-02 03:32:47,868 INFO 1: 0.7324037210400215
2020-08-02 03:34:27,468 INFO Iter [1660/10000]  Loss: 0.6641  Time/Image: 0.5754  lr=0.019668
2020-08-02 03:35:50,908 INFO Iter [1670/10000]  Loss: 0.6483  Time/Image: 0.5204  lr=0.019666
2020-08-02 03:37:30,947 INFO Iter [1680/10000]  Loss: 0.6462  Time/Image: 0.5771  lr=0.019664
2020-08-02 03:38:55,256 INFO Iter [1690/10000]  Loss: 0.6467  Time/Image: 0.5259  lr=0.019662
2020-08-02 03:40:34,081 INFO Iter [1700/10000]  Loss: 0.6435  Time/Image: 0.5706  lr=0.019660
2020-08-02 03:40:54,480 INFO Iter 1700 Val Loss: 0.7806
2020-08-02 03:40:54,484 INFO Overall Acc: 	: 0.7844595136596993
2020-08-02 03:40:54,487 INFO Mean Acc : 	: 0.6471605973717663
2020-08-02 03:40:54,490 INFO FreqW Acc : 	: 0.6288708469362384
2020-08-02 03:40:54,491 INFO Mean IoU : 	: 0.531824205341993
2020-08-02 03:40:54,493 INFO 0: 0.30127256645255385
2020-08-02 03:40:54,495 INFO 1: 0.7623758442314323
2020-08-02 03:42:19,258 INFO Iter [1710/10000]  Loss: 0.6212  Time/Image: 0.5283  lr=0.019658
2020-08-02 03:43:56,178 INFO Iter [1720/10000]  Loss: 0.6264  Time/Image: 0.5572  lr=0.019656
2020-08-02 03:45:21,930 INFO Iter [1730/10000]  Loss: 0.6305  Time/Image: 0.5349  lr=0.019654
2020-08-02 03:46:44,782 INFO Iter [1740/10000]  Loss: 0.6287  Time/Image: 0.5168  lr=0.019652
2020-08-02 03:48:24,762 INFO Iter [1750/10000]  Loss: 0.6290  Time/Image: 0.5776  lr=0.019650
2020-08-02 03:48:45,539 INFO Iter 1750 Val Loss: 0.8647
2020-08-02 03:48:45,543 INFO Overall Acc: 	: 0.7420170975430876
2020-08-02 03:48:45,546 INFO Mean Acc : 	: 0.5811785875636652
2020-08-02 03:48:45,550 INFO FreqW Acc : 	: 0.568842550825238
2020-08-02 03:48:45,552 INFO Mean IoU : 	: 0.45442998577655963
2020-08-02 03:48:45,553 INFO 0: 0.18262249251157303
2020-08-02 03:48:45,554 INFO 1: 0.7262374790415462
2020-08-02 03:50:10,508 INFO Iter [1760/10000]  Loss: 0.6484  Time/Image: 0.5295  lr=0.019648
2020-08-02 03:51:51,452 INFO Iter [1770/10000]  Loss: 0.6558  Time/Image: 0.5822  lr=0.019646
2020-08-02 03:53:16,419 INFO Iter [1780/10000]  Loss: 0.6476  Time/Image: 0.5300  lr=0.019644
2020-08-02 03:54:54,125 INFO Iter [1790/10000]  Loss: 0.6505  Time/Image: 0.5645  lr=0.019642
2020-08-02 03:56:19,934 INFO Iter [1800/10000]  Loss: 0.6446  Time/Image: 0.5352  lr=0.019640
2020-08-02 03:56:40,013 INFO Iter 1800 Val Loss: 0.8118
2020-08-02 03:56:40,015 INFO Overall Acc: 	: 0.7795252337733773
2020-08-02 03:56:40,019 INFO Mean Acc : 	: 0.6341158685483812
2020-08-02 03:56:40,020 INFO FreqW Acc : 	: 0.6191285978078986
2020-08-02 03:56:40,023 INFO Mean IoU : 	: 0.5171507065767268
2020-08-02 03:56:40,024 INFO 0: 0.27488400298345345
2020-08-02 03:56:40,025 INFO 1: 0.7594174101700002
2020-08-02 03:58:02,940 INFO Iter [1810/10000]  Loss: 0.6379  Time/Image: 0.5167  lr=0.019638
2020-08-02 03:59:41,971 INFO Iter [1820/10000]  Loss: 0.6347  Time/Image: 0.5716  lr=0.019636
2020-08-02 04:01:05,051 INFO Iter [1830/10000]  Loss: 0.6374  Time/Image: 0.5182  lr=0.019634
2020-08-02 04:02:43,503 INFO Iter [1840/10000]  Loss: 0.6356  Time/Image: 0.5665  lr=0.019632
2020-08-02 04:04:06,559 INFO Iter [1850/10000]  Loss: 0.6346  Time/Image: 0.5180  lr=0.019630
2020-08-02 04:04:26,846 INFO Iter 1850 Val Loss: 0.8018
2020-08-02 04:04:26,850 INFO Overall Acc: 	: 0.7689040154015402
2020-08-02 04:04:26,852 INFO Mean Acc : 	: 0.6247829616107471
2020-08-02 04:04:26,855 INFO FreqW Acc : 	: 0.6073281127958361
2020-08-02 04:04:26,857 INFO Mean IoU : 	: 0.5048346068895937
2020-08-02 04:04:26,858 INFO 0: 0.261342968497752
2020-08-02 04:04:26,861 INFO 1: 0.7483262452814353
2020-08-02 04:06:04,921 INFO Iter [1860/10000]  Loss: 0.6290  Time/Image: 0.5667  lr=0.019628
2020-08-02 04:07:29,444 INFO Iter [1870/10000]  Loss: 0.6311  Time/Image: 0.5272  lr=0.019626
2020-08-02 04:08:51,751 INFO Iter [1880/10000]  Loss: 0.6295  Time/Image: 0.5134  lr=0.019624
2020-08-02 04:10:31,631 INFO Iter [1890/10000]  Loss: 0.6351  Time/Image: 0.5761  lr=0.019622
2020-08-02 04:11:54,707 INFO Iter [1900/10000]  Loss: 0.6319  Time/Image: 0.5182  lr=0.019620
2020-08-02 04:12:14,763 INFO Iter 1900 Val Loss: 0.7725
2020-08-02 04:12:14,765 INFO Overall Acc: 	: 0.7736197630179684
2020-08-02 04:12:14,768 INFO Mean Acc : 	: 0.6379677769001532
2020-08-02 04:12:14,771 INFO FreqW Acc : 	: 0.6167302400513553
2020-08-02 04:12:14,774 INFO Mean IoU : 	: 0.5192400481205377
2020-08-02 04:12:14,775 INFO 0: 0.28763467614619415
2020-08-02 04:12:14,777 INFO 1: 0.7508454200948813
2020-08-02 04:13:54,230 INFO Iter [1910/10000]  Loss: 0.6203  Time/Image: 0.5735  lr=0.019618
2020-08-02 04:15:16,994 INFO Iter [1920/10000]  Loss: 0.6205  Time/Image: 0.5162  lr=0.019616
2020-08-02 04:16:55,092 INFO Iter [1930/10000]  Loss: 0.6310  Time/Image: 0.5633  lr=0.019614
2020-08-02 04:18:19,170 INFO Iter [1940/10000]  Loss: 0.6319  Time/Image: 0.5244  lr=0.019612
2020-08-02 04:19:55,755 INFO Iter [1950/10000]  Loss: 0.6341  Time/Image: 0.5564  lr=0.019610
2020-08-02 04:20:15,970 INFO Iter 1950 Val Loss: 0.9301
2020-08-02 04:20:15,974 INFO Overall Acc: 	: 0.7523592775944261
2020-08-02 04:20:15,978 INFO Mean Acc : 	: 0.5780412141330704
2020-08-02 04:20:15,979 INFO FreqW Acc : 	: 0.5723241277001451
2020-08-02 04:20:15,983 INFO Mean IoU : 	: 0.45042311769611026
2020-08-02 04:20:15,985 INFO 0: 0.1608254852894806
2020-08-02 04:20:15,986 INFO 1: 0.7400207501027399
2020-08-02 04:21:42,106 INFO Iter [1960/10000]  Loss: 0.6486  Time/Image: 0.5366  lr=0.019608
2020-08-02 04:23:05,136 INFO Iter [1970/10000]  Loss: 0.6354  Time/Image: 0.5179  lr=0.019606
2020-08-02 04:24:44,079 INFO Iter [1980/10000]  Loss: 0.6293  Time/Image: 0.5702  lr=0.019604
2020-08-02 04:26:06,417 INFO Iter [1990/10000]  Loss: 0.6362  Time/Image: 0.5135  lr=0.019602
2020-08-02 04:27:46,062 INFO Iter [2000/10000]  Loss: 0.6359  Time/Image: 0.5758  lr=0.019600
2020-08-02 04:28:06,253 INFO Iter 2000 Val Loss: 0.8133
2020-08-02 04:28:06,255 INFO Overall Acc: 	: 0.7741116611661166
2020-08-02 04:28:06,258 INFO Mean Acc : 	: 0.6222628002203923
2020-08-02 04:28:06,260 INFO FreqW Acc : 	: 0.609520468791143
2020-08-02 04:28:06,262 INFO Mean IoU : 	: 0.5033284594050895
2020-08-02 04:28:06,264 INFO 0: 0.251050365091632
2020-08-02 04:28:06,265 INFO 1: 0.7556065537185471
2020-08-02 04:29:30,393 INFO Iter [2010/10000]  Loss: 0.6013  Time/Image: 0.5243  lr=0.019598
2020-08-02 04:31:07,723 INFO Iter [2020/10000]  Loss: 0.6167  Time/Image: 0.5599  lr=0.019596
2020-08-02 04:32:32,870 INFO Iter [2030/10000]  Loss: 0.6329  Time/Image: 0.5311  lr=0.019594
2020-08-02 04:33:55,652 INFO Iter [2040/10000]  Loss: 0.6314  Time/Image: 0.5164  lr=0.019592
2020-08-02 04:35:34,461 INFO Iter [2050/10000]  Loss: 0.6358  Time/Image: 0.5715  lr=0.019590
2020-08-02 04:35:54,552 INFO Iter 2050 Val Loss: 0.9001
2020-08-02 04:35:54,555 INFO Overall Acc: 	: 0.7236558030803081
2020-08-02 04:35:54,558 INFO Mean Acc : 	: 0.5589458814359368
2020-08-02 04:35:54,562 INFO FreqW Acc : 	: 0.5473750512002122
2020-08-02 04:35:54,564 INFO Mean IoU : 	: 0.4294821498001393
2020-08-02 04:35:54,566 INFO 0: 0.14940649561253833
2020-08-02 04:35:54,568 INFO 1: 0.7095578039877403
2020-08-02 04:37:17,823 INFO Iter [2060/10000]  Loss: 0.6315  Time/Image: 0.5188  lr=0.019588
2020-08-02 04:38:56,527 INFO Iter [2070/10000]  Loss: 0.6279  Time/Image: 0.5710  lr=0.019586
2020-08-02 04:40:19,990 INFO Iter [2080/10000]  Loss: 0.6320  Time/Image: 0.5206  lr=0.019584
2020-08-02 04:41:57,744 INFO Iter [2090/10000]  Loss: 0.6303  Time/Image: 0.5653  lr=0.019582
2020-08-02 04:43:22,430 INFO Iter [2100/10000]  Loss: 0.6336  Time/Image: 0.5282  lr=0.019580
2020-08-02 04:43:42,525 INFO Iter 2100 Val Loss: 0.9184
2020-08-02 04:43:42,529 INFO Overall Acc: 	: 0.738386734506784
2020-08-02 04:43:42,532 INFO Mean Acc : 	: 0.5669016530331957
2020-08-02 04:43:42,535 INFO FreqW Acc : 	: 0.5590420991380263
2020-08-02 04:43:42,537 INFO Mean IoU : 	: 0.4378818742031531
2020-08-02 04:43:42,539 INFO 0: 0.1500441091031546
2020-08-02 04:43:42,540 INFO 1: 0.7257196393031516
2020-08-02 04:45:04,991 INFO Iter [2110/10000]  Loss: 0.6560  Time/Image: 0.5138  lr=0.019578
2020-08-02 04:46:44,989 INFO Iter [2120/10000]  Loss: 0.6457  Time/Image: 0.5770  lr=0.019576
2020-08-02 04:48:08,098 INFO Iter [2130/10000]  Loss: 0.6467  Time/Image: 0.5184  lr=0.019574
2020-08-02 04:49:47,170 INFO Iter [2140/10000]  Loss: 0.6435  Time/Image: 0.5735  lr=0.019572
2020-08-02 04:51:09,983 INFO Iter [2150/10000]  Loss: 0.6415  Time/Image: 0.5165  lr=0.019570
2020-08-02 04:51:30,124 INFO Iter 2150 Val Loss: 0.7871
2020-08-02 04:51:30,128 INFO Overall Acc: 	: 0.7572634190502383
2020-08-02 04:51:30,131 INFO Mean Acc : 	: 0.6299214533155794
2020-08-02 04:51:30,135 INFO FreqW Acc : 	: 0.6012640929851457
2020-08-02 04:51:30,138 INFO Mean IoU : 	: 0.5063436013582364
2020-08-02 04:51:30,139 INFO 0: 0.28084301164928827
2020-08-02 04:51:30,142 INFO 1: 0.7318441910671846
2020-08-02 04:53:08,097 INFO Iter [2160/10000]  Loss: 0.6263  Time/Image: 0.5627  lr=0.019568
2020-08-02 04:54:31,891 INFO Iter [2170/10000]  Loss: 0.6468  Time/Image: 0.5227  lr=0.019566
2020-08-02 04:56:08,159 INFO Iter [2180/10000]  Loss: 0.6410  Time/Image: 0.5542  lr=0.019564
2020-08-02 04:57:33,498 INFO Iter [2190/10000]  Loss: 0.6462  Time/Image: 0.5322  lr=0.019562
2020-08-02 04:58:56,100 INFO Iter [2200/10000]  Loss: 0.6408  Time/Image: 0.5152  lr=0.019560
2020-08-02 04:59:16,191 INFO Iter 2200 Val Loss: 0.7844
2020-08-02 04:59:16,196 INFO Overall Acc: 	: 0.7708520695819582
2020-08-02 04:59:16,198 INFO Mean Acc : 	: 0.6373588278078026
2020-08-02 04:59:16,201 INFO FreqW Acc : 	: 0.6144300581549454
2020-08-02 04:59:16,203 INFO Mean IoU : 	: 0.5177465162531041
2020-08-02 04:59:16,205 INFO 0: 0.288057485567192
2020-08-02 04:59:16,206 INFO 1: 0.747435546939016
2020-08-02 05:00:55,064 INFO Iter [2210/10000]  Loss: 0.6422  Time/Image: 0.5688  lr=0.019558
2020-08-02 05:02:17,745 INFO Iter [2220/10000]  Loss: 0.6443  Time/Image: 0.5157  lr=0.019556
2020-08-02 05:03:56,042 INFO Iter [2230/10000]  Loss: 0.6419  Time/Image: 0.5681  lr=0.019554
2020-08-02 05:05:19,700 INFO Iter [2240/10000]  Loss: 0.6384  Time/Image: 0.5218  lr=0.019552
2020-08-02 05:06:56,722 INFO Iter [2250/10000]  Loss: 0.6385  Time/Image: 0.5581  lr=0.019550
2020-08-02 05:07:17,010 INFO Iter 2250 Val Loss: 0.7641
2020-08-02 05:07:17,012 INFO Overall Acc: 	: 0.7664852058122479
2020-08-02 05:07:17,015 INFO Mean Acc : 	: 0.6423563960382633
2020-08-02 05:07:17,018 INFO FreqW Acc : 	: 0.6131832435857425
2020-08-02 05:07:17,021 INFO Mean IoU : 	: 0.5207329835455916
2020-08-02 05:07:17,023 INFO 0: 0.3011008703898534
2020-08-02 05:07:17,027 INFO 1: 0.7403650967013298
2020-08-02 05:08:42,970 INFO Iter [2260/10000]  Loss: 0.6329  Time/Image: 0.5356  lr=0.019548
2020-08-02 05:10:06,113 INFO Iter [2270/10000]  Loss: 0.6472  Time/Image: 0.5186  lr=0.019546
2020-08-02 05:11:45,596 INFO Iter [2280/10000]  Loss: 0.6431  Time/Image: 0.5748  lr=0.019544
2020-08-02 05:13:08,736 INFO Iter [2290/10000]  Loss: 0.6402  Time/Image: 0.5185  lr=0.019542
2020-08-02 05:14:47,670 INFO Iter [2300/10000]  Loss: 0.6409  Time/Image: 0.5704  lr=0.019540
2020-08-02 05:15:07,906 INFO Iter 2300 Val Loss: 0.7690
2020-08-02 05:15:07,910 INFO Overall Acc: 	: 0.7783442771360469
2020-08-02 05:15:07,913 INFO Mean Acc : 	: 0.65166632718369
2020-08-02 05:15:07,915 INFO FreqW Acc : 	: 0.6261562333227477
2020-08-02 05:15:07,917 INFO Mean IoU : 	: 0.5337392941637711
2020-08-02 05:15:07,919 INFO 0: 0.31418634071554846
2020-08-02 05:15:07,920 INFO 1: 0.7532922476119936
2020-08-02 05:16:31,692 INFO Iter [2310/10000]  Loss: 0.6294  Time/Image: 0.5221  lr=0.019538
2020-08-02 05:18:09,571 INFO Iter [2320/10000]  Loss: 0.6427  Time/Image: 0.5659  lr=0.019536
2020-08-02 05:19:34,637 INFO Iter [2330/10000]  Loss: 0.6417  Time/Image: 0.5305  lr=0.019534
2020-08-02 05:20:57,328 INFO Iter [2340/10000]  Loss: 0.6389  Time/Image: 0.5158  lr=0.019532
2020-08-02 05:22:37,342 INFO Iter [2350/10000]  Loss: 0.6365  Time/Image: 0.5788  lr=0.019530
2020-08-02 05:22:57,414 INFO Iter 2350 Val Loss: 0.8145
2020-08-02 05:22:57,419 INFO Overall Acc: 	: 0.7699621837183719
2020-08-02 05:22:57,422 INFO Mean Acc : 	: 0.6260170536643533
2020-08-02 05:22:57,424 INFO FreqW Acc : 	: 0.6086380652701823
2020-08-02 05:22:57,426 INFO Mean IoU : 	: 0.5063540032501656
2020-08-02 05:22:57,427 INFO 0: 0.26335993623669923
2020-08-02 05:22:57,428 INFO 1: 0.7493480702636319
2020-08-02 05:24:20,574 INFO Iter [2360/10000]  Loss: 0.6426  Time/Image: 0.5182  lr=0.019528
2020-08-02 05:25:59,666 INFO Iter [2370/10000]  Loss: 0.6510  Time/Image: 0.5720  lr=0.019526
2020-08-02 05:27:22,854 INFO Iter [2380/10000]  Loss: 0.6491  Time/Image: 0.5189  lr=0.019524
2020-08-02 05:29:01,071 INFO Iter [2390/10000]  Loss: 0.6406  Time/Image: 0.5670  lr=0.019522
2020-08-02 05:30:25,189 INFO Iter [2400/10000]  Loss: 0.6465  Time/Image: 0.5247  lr=0.019520
2020-08-02 05:30:45,740 INFO Iter 2400 Val Loss: 0.9353
2020-08-02 05:30:45,745 INFO Overall Acc: 	: 0.7471163366336634
2020-08-02 05:30:45,749 INFO Mean Acc : 	: 0.5728631993077278
2020-08-02 05:30:45,751 INFO FreqW Acc : 	: 0.5667019612861721
2020-08-02 05:30:45,753 INFO Mean IoU : 	: 0.4444209345523045
2020-08-02 05:30:45,755 INFO 0: 0.15392050449673975
2020-08-02 05:30:45,756 INFO 1: 0.7349213646078693
2020-08-02 05:32:23,811 INFO Iter [2410/10000]  Loss: 0.6473  Time/Image: 0.5656  lr=0.019518
2020-08-02 05:33:50,285 INFO Iter [2420/10000]  Loss: 0.6383  Time/Image: 0.5393  lr=0.019516
2020-08-02 05:35:13,726 INFO Iter [2430/10000]  Loss: 0.6380  Time/Image: 0.5204  lr=0.019514
2020-08-02 05:36:53,488 INFO Iter [2440/10000]  Loss: 0.6447  Time/Image: 0.5763  lr=0.019512
2020-08-02 05:38:17,110 INFO Iter [2450/10000]  Loss: 0.6452  Time/Image: 0.5215  lr=0.019510
2020-08-02 05:38:37,519 INFO Iter 2450 Val Loss: 0.7626
2020-08-02 05:38:37,524 INFO Overall Acc: 	: 0.7801112715438211
2020-08-02 05:38:37,525 INFO Mean Acc : 	: 0.6624935857066232
2020-08-02 05:38:37,528 INFO FreqW Acc : 	: 0.6318300717742458
2020-08-02 05:38:37,530 INFO Mean IoU : 	: 0.5439822013532135
2020-08-02 05:38:37,531 INFO 0: 0.33528388716325536
2020-08-02 05:38:37,533 INFO 1: 0.7526805155431717
2020-08-02 05:40:17,336 INFO Iter [2460/10000]  Loss: 0.6327  Time/Image: 0.5739  lr=0.019508
2020-08-02 05:41:42,134 INFO Iter [2470/10000]  Loss: 0.6274  Time/Image: 0.5289  lr=0.019506
2020-08-02 05:43:19,547 INFO Iter [2480/10000]  Loss: 0.6315  Time/Image: 0.5601  lr=0.019504
2020-08-02 05:44:44,951 INFO Iter [2490/10000]  Loss: 0.6324  Time/Image: 0.5326  lr=0.019502
2020-08-02 05:46:08,666 INFO Iter [2500/10000]  Loss: 0.6316  Time/Image: 0.5222  lr=0.019500
2020-08-02 05:46:29,523 INFO Iter 2500 Val Loss: 0.8304
2020-08-02 05:46:29,527 INFO Overall Acc: 	: 0.7557177644847818
2020-08-02 05:46:29,530 INFO Mean Acc : 	: 0.6050391882126476
2020-08-02 05:46:29,532 INFO FreqW Acc : 	: 0.589122605532246
2020-08-02 05:46:29,533 INFO Mean IoU : 	: 0.48170392376680965
2020-08-02 05:46:29,535 INFO 0: 0.22651165001549367
2020-08-02 05:46:29,536 INFO 1: 0.7368961975181256
2020-08-02 05:48:11,496 INFO Iter [2510/10000]  Loss: 0.6329  Time/Image: 0.5899  lr=0.019498
2020-08-02 05:49:38,636 INFO Iter [2520/10000]  Loss: 0.6381  Time/Image: 0.5435  lr=0.019496
2020-08-02 05:51:20,722 INFO Iter [2530/10000]  Loss: 0.6342  Time/Image: 0.5907  lr=0.019494
2020-08-02 05:52:47,850 INFO Iter [2540/10000]  Loss: 0.6334  Time/Image: 0.5435  lr=0.019492
2020-08-02 05:54:28,678 INFO Iter [2550/10000]  Loss: 0.6334  Time/Image: 0.5823  lr=0.019490
2020-08-02 05:54:50,249 INFO Iter 2550 Val Loss: 0.8083
2020-08-02 05:54:50,252 INFO Overall Acc: 	: 0.7772040589475614
2020-08-02 05:54:50,256 INFO Mean Acc : 	: 0.6342928505004516
2020-08-02 05:54:50,258 INFO FreqW Acc : 	: 0.6176010363742369
2020-08-02 05:54:50,260 INFO Mean IoU : 	: 0.5166958266005848
2020-08-02 05:54:50,262 INFO 0: 0.2769774694928242
2020-08-02 05:54:50,263 INFO 1: 0.7564141837083455
2020-08-02 05:56:18,560 INFO Iter [2560/10000]  Loss: 0.6501  Time/Image: 0.5503  lr=0.019488
2020-08-02 05:57:44,976 INFO Iter [2570/10000]  Loss: 0.6329  Time/Image: 0.5390  lr=0.019486
2020-08-02 05:59:29,506 INFO Iter [2580/10000]  Loss: 0.6326  Time/Image: 0.6037  lr=0.019484
2020-08-02 06:00:57,412 INFO Iter [2590/10000]  Loss: 0.6321  Time/Image: 0.5483  lr=0.019482
2020-08-02 06:02:42,442 INFO Iter [2600/10000]  Loss: 0.6354  Time/Image: 0.6075  lr=0.019480
2020-08-02 06:03:04,107 INFO Iter 2600 Val Loss: 0.8203
2020-08-02 06:03:04,111 INFO Overall Acc: 	: 0.7735206385221856
2020-08-02 06:03:04,114 INFO Mean Acc : 	: 0.6291076607798732
2020-08-02 06:03:04,116 INFO FreqW Acc : 	: 0.6125556716404422
2020-08-02 06:03:04,119 INFO Mean IoU : 	: 0.5104129577831951
2020-08-02 06:03:04,120 INFO 0: 0.2677546885886448
2020-08-02 06:03:04,122 INFO 1: 0.7530712269777452
2020-08-02 06:04:32,271 INFO Iter [2610/10000]  Loss: 0.6495  Time/Image: 0.5493  lr=0.019478
2020-08-02 06:06:16,161 INFO Iter [2620/10000]  Loss: 0.6367  Time/Image: 0.6002  lr=0.019476
2020-08-02 06:07:45,302 INFO Iter [2630/10000]  Loss: 0.6394  Time/Image: 0.5560  lr=0.019474
2020-08-02 06:09:25,160 INFO Iter [2640/10000]  Loss: 0.6391  Time/Image: 0.5749  lr=0.019472
2020-08-02 06:10:54,165 INFO Iter [2650/10000]  Loss: 0.6376  Time/Image: 0.5551  lr=0.019470
2020-08-02 06:11:16,179 INFO Iter 2650 Val Loss: 0.8176
2020-08-02 06:11:16,181 INFO Overall Acc: 	: 0.7702316533736707
2020-08-02 06:11:16,185 INFO Mean Acc : 	: 0.6212586075269726
2020-08-02 06:11:16,188 INFO FreqW Acc : 	: 0.606488041320945
2020-08-02 06:11:16,191 INFO Mean IoU : 	: 0.5014736978939934
2020-08-02 06:11:16,193 INFO 0: 0.2519933595097975
2020-08-02 06:11:16,195 INFO 1: 0.7509540362781894
2020-08-02 06:12:44,034 INFO Iter [2660/10000]  Loss: 0.6440  Time/Image: 0.5475  lr=0.019468
2020-08-02 06:14:27,490 INFO Iter [2670/10000]  Loss: 0.6439  Time/Image: 0.5984  lr=0.019466
2020-08-02 06:15:52,864 INFO Iter [2680/10000]  Loss: 0.6397  Time/Image: 0.5325  lr=0.019464
2020-08-02 06:17:32,537 INFO Iter [2690/10000]  Loss: 0.6330  Time/Image: 0.5754  lr=0.019462
2020-08-02 06:18:58,421 INFO Iter [2700/10000]  Loss: 0.6406  Time/Image: 0.5357  lr=0.019460
2020-08-02 06:19:19,418 INFO Iter 2700 Val Loss: 0.9085
2020-08-02 06:19:19,422 INFO Overall Acc: 	: 0.7428471649248258
2020-08-02 06:19:19,426 INFO Mean Acc : 	: 0.5775118831847699
2020-08-02 06:19:19,428 INFO FreqW Acc : 	: 0.5672954091805305
2020-08-02 06:19:19,431 INFO Mean IoU : 	: 0.45024721104432464
2020-08-02 06:19:19,433 INFO 0: 0.17217830040457424
2020-08-02 06:19:19,435 INFO 1: 0.728316121684075
2020-08-02 06:21:00,300 INFO Iter [2710/10000]  Loss: 0.6695  Time/Image: 0.5794  lr=0.019458
2020-08-02 06:22:29,634 INFO Iter [2720/10000]  Loss: 0.6571  Time/Image: 0.5572  lr=0.019456
2020-08-02 06:23:56,466 INFO Iter [2730/10000]  Loss: 0.6525  Time/Image: 0.5416  lr=0.019454
2020-08-02 06:25:42,251 INFO Iter [2740/10000]  Loss: 0.6436  Time/Image: 0.6120  lr=0.019452
2020-08-02 06:27:10,266 INFO Iter [2750/10000]  Loss: 0.6469  Time/Image: 0.5490  lr=0.019450
2020-08-02 06:27:31,848 INFO Iter 2750 Val Loss: 0.7604
2020-08-02 06:27:31,851 INFO Overall Acc: 	: 0.7882783851301797
2020-08-02 06:27:31,852 INFO Mean Acc : 	: 0.6635124645977749
2020-08-02 06:27:31,857 INFO FreqW Acc : 	: 0.6389273182530925
2020-08-02 06:27:31,859 INFO Mean IoU : 	: 0.5486659384621286
2020-08-02 06:27:31,860 INFO 0: 0.3342339014810277
2020-08-02 06:27:31,862 INFO 1: 0.7630979754432294
2020-08-02 06:29:16,587 INFO Iter [2760/10000]  Loss: 0.6308  Time/Image: 0.6050  lr=0.019448
2020-08-02 06:30:42,809 INFO Iter [2770/10000]  Loss: 0.6235  Time/Image: 0.5378  lr=0.019446
2020-08-02 06:32:22,267 INFO Iter [2780/10000]  Loss: 0.6290  Time/Image: 0.5731  lr=0.019444
2020-08-02 06:33:48,299 INFO Iter [2790/10000]  Loss: 0.6299  Time/Image: 0.5366  lr=0.019442
2020-08-02 06:35:13,336 INFO Iter [2800/10000]  Loss: 0.6334  Time/Image: 0.5304  lr=0.019440
2020-08-02 06:35:34,618 INFO Iter 2800 Val Loss: 0.7903
2020-08-02 06:35:34,621 INFO Overall Acc: 	: 0.7645558878804547
2020-08-02 06:35:34,625 INFO Mean Acc : 	: 0.6294360515040764
2020-08-02 06:35:34,627 INFO FreqW Acc : 	: 0.606407388367047
2020-08-02 06:35:34,628 INFO Mean IoU : 	: 0.508229639074213
2020-08-02 06:35:34,630 INFO 0: 0.27499085172310483
2020-08-02 06:35:34,632 INFO 1: 0.7414684264253212
2020-08-02 06:37:19,522 INFO Iter [2810/10000]  Loss: 0.6153  Time/Image: 0.6061  lr=0.019438
2020-08-02 06:38:46,745 INFO Iter [2820/10000]  Loss: 0.6360  Time/Image: 0.5441  lr=0.019436
2020-08-02 06:40:30,820 INFO Iter [2830/10000]  Loss: 0.6353  Time/Image: 0.6015  lr=0.019434
2020-08-02 06:41:58,940 INFO Iter [2840/10000]  Loss: 0.6376  Time/Image: 0.5496  lr=0.019432
2020-08-02 06:43:43,051 INFO Iter [2850/10000]  Loss: 0.6377  Time/Image: 0.6002  lr=0.019430
2020-08-02 06:44:04,895 INFO Iter 2850 Val Loss: 0.6895
2020-08-02 06:44:04,900 INFO Overall Acc: 	: 0.8278793660616062
2020-08-02 06:44:04,902 INFO Mean Acc : 	: 0.7369037902963089
2020-08-02 06:44:04,906 INFO FreqW Acc : 	: 0.7016681072538862
2020-08-02 06:44:04,908 INFO Mean IoU : 	: 0.6321383805707331
2020-08-02 06:44:04,910 INFO 0: 0.4669580901969726
2020-08-02 06:44:04,911 INFO 1: 0.7973186709444937
2020-08-02 06:45:33,361 INFO Iter [2860/10000]  Loss: 0.6354  Time/Image: 0.5508  lr=0.019428
2020-08-02 06:47:13,856 INFO Iter [2870/10000]  Loss: 0.6390  Time/Image: 0.5762  lr=0.019426
2020-08-02 06:48:41,473 INFO Iter [2880/10000]  Loss: 0.6394  Time/Image: 0.5465  lr=0.019424
2020-08-02 06:50:05,068 INFO Iter [2890/10000]  Loss: 0.6428  Time/Image: 0.5214  lr=0.019422
2020-08-02 06:51:45,646 INFO Iter [2900/10000]  Loss: 0.6442  Time/Image: 0.5781  lr=0.019420
2020-08-02 06:52:06,498 INFO Iter 2900 Val Loss: 0.7055
2020-08-02 06:52:06,500 INFO Overall Acc: 	: 0.7996182847451412
2020-08-02 06:52:06,503 INFO Mean Acc : 	: 0.7219392013321528
2020-08-02 06:52:06,505 INFO FreqW Acc : 	: 0.6684221293402801
2020-08-02 06:52:06,507 INFO Mean IoU : 	: 0.5998940461946785
2020-08-02 06:52:06,508 INFO 0: 0.43709333903340075
2020-08-02 06:52:06,509 INFO 1: 0.7626947533559563
2020-08-02 06:53:30,210 INFO Iter [2910/10000]  Loss: 0.6406  Time/Image: 0.5216  lr=0.019418
2020-08-02 06:55:09,019 INFO Iter [2920/10000]  Loss: 0.6334  Time/Image: 0.5697  lr=0.019416
2020-08-02 06:56:33,344 INFO Iter [2930/10000]  Loss: 0.6332  Time/Image: 0.5259  lr=0.019414
2020-08-02 06:58:11,159 INFO Iter [2940/10000]  Loss: 0.6310  Time/Image: 0.5634  lr=0.019412
2020-08-02 06:59:36,443 INFO Iter [2950/10000]  Loss: 0.6315  Time/Image: 0.5319  lr=0.019410
2020-08-02 06:59:56,564 INFO Iter 2950 Val Loss: 0.8092
2020-08-02 06:59:56,567 INFO Overall Acc: 	: 0.7749081522735607
2020-08-02 06:59:56,570 INFO Mean Acc : 	: 0.6348778743414445
2020-08-02 06:59:56,572 INFO FreqW Acc : 	: 0.6162570076905911
2020-08-02 06:59:56,574 INFO Mean IoU : 	: 0.5166211568050687
2020-08-02 06:59:56,576 INFO 0: 0.2799183885645743
2020-08-02 06:59:56,577 INFO 1: 0.7533239250455632
2020-08-02 07:01:19,548 INFO Iter [2960/10000]  Loss: 0.6383  Time/Image: 0.5171  lr=0.019408
2020-08-02 07:02:59,291 INFO Iter [2970/10000]  Loss: 0.6469  Time/Image: 0.5774  lr=0.019406
2020-08-02 07:04:22,628 INFO Iter [2980/10000]  Loss: 0.6508  Time/Image: 0.5198  lr=0.019404
2020-08-02 07:06:01,634 INFO Iter [2990/10000]  Loss: 0.6521  Time/Image: 0.5723  lr=0.019402
2020-08-02 07:07:25,424 INFO Iter [3000/10000]  Loss: 0.6488  Time/Image: 0.5226  lr=0.019400
2020-08-02 07:07:45,630 INFO Iter 3000 Val Loss: 0.7565
2020-08-02 07:07:45,634 INFO Overall Acc: 	: 0.7909607627429409
2020-08-02 07:07:45,638 INFO Mean Acc : 	: 0.671510706498752
2020-08-02 07:07:45,641 INFO FreqW Acc : 	: 0.644332622003935
2020-08-02 07:07:45,643 INFO Mean IoU : 	: 0.5569625167104018
2020-08-02 07:07:45,645 INFO 0: 0.3493992189552175
2020-08-02 07:07:45,646 INFO 1: 0.764525814465586
2020-08-02 07:09:23,732 INFO Iter [3010/10000]  Loss: 0.6082  Time/Image: 0.5656  lr=0.019398
2020-08-02 07:10:48,672 INFO Iter [3020/10000]  Loss: 0.6281  Time/Image: 0.5298  lr=0.019396
2020-08-02 07:12:11,318 INFO Iter [3030/10000]  Loss: 0.6293  Time/Image: 0.5155  lr=0.019394
2020-08-02 07:13:51,583 INFO Iter [3040/10000]  Loss: 0.6292  Time/Image: 0.5792  lr=0.019392
2020-08-02 07:15:14,615 INFO Iter [3050/10000]  Loss: 0.6276  Time/Image: 0.5179  lr=0.019390
2020-08-02 07:15:34,736 INFO Iter 3050 Val Loss: 0.8364
2020-08-02 07:15:34,738 INFO Overall Acc: 	: 0.7639948890722406
2020-08-02 07:15:34,741 INFO Mean Acc : 	: 0.6146849006477808
2020-08-02 07:15:34,743 INFO FreqW Acc : 	: 0.5991575389381287
2020-08-02 07:15:34,745 INFO Mean IoU : 	: 0.49329918079221974
2020-08-02 07:15:34,747 INFO 0: 0.24181373462164593
2020-08-02 07:15:34,748 INFO 1: 0.7447846269627936
2020-08-02 07:17:14,267 INFO Iter [3060/10000]  Loss: 0.6427  Time/Image: 0.5741  lr=0.019388
2020-08-02 07:18:37,669 INFO Iter [3070/10000]  Loss: 0.6505  Time/Image: 0.5201  lr=0.019386
2020-08-02 07:20:16,137 INFO Iter [3080/10000]  Loss: 0.6461  Time/Image: 0.5683  lr=0.019384
2020-08-02 07:21:40,880 INFO Iter [3090/10000]  Loss: 0.6440  Time/Image: 0.5286  lr=0.019382
2020-08-02 07:23:18,065 INFO Iter [3100/10000]  Loss: 0.6424  Time/Image: 0.5592  lr=0.019380
2020-08-02 07:23:38,254 INFO Iter 3100 Val Loss: 0.8284
2020-08-02 07:23:38,258 INFO Overall Acc: 	: 0.7613471190869087
2020-08-02 07:23:38,261 INFO Mean Acc : 	: 0.6116823183605213
2020-08-02 07:23:38,262 INFO FreqW Acc : 	: 0.5959697915292173
2020-08-02 07:23:38,265 INFO Mean IoU : 	: 0.48964997658008735
2020-08-02 07:23:38,266 INFO 0: 0.23706825731328357
2020-08-02 07:23:38,269 INFO 1: 0.7422316958468912
2020-08-02 07:25:04,128 INFO Iter [3110/10000]  Loss: 0.6368  Time/Image: 0.5350  lr=0.019378
2020-08-02 07:26:27,132 INFO Iter [3120/10000]  Loss: 0.6313  Time/Image: 0.5177  lr=0.019376
2020-08-02 07:28:07,301 INFO Iter [3130/10000]  Loss: 0.6388  Time/Image: 0.5771  lr=0.019373
2020-08-02 07:29:31,011 INFO Iter [3140/10000]  Loss: 0.6450  Time/Image: 0.5221  lr=0.019371
2020-08-02 07:31:10,201 INFO Iter [3150/10000]  Loss: 0.6426  Time/Image: 0.5721  lr=0.019369
2020-08-02 07:31:30,331 INFO Iter 3150 Val Loss: 0.6876
2020-08-02 07:31:30,335 INFO Overall Acc: 	: 0.8177120576640997
2020-08-02 07:31:30,337 INFO Mean Acc : 	: 0.7328080503497556
2020-08-02 07:31:30,339 INFO FreqW Acc : 	: 0.6899060164986073
2020-08-02 07:31:30,341 INFO Mean IoU : 	: 0.621080676294769
2020-08-02 07:31:30,342 INFO 0: 0.45757378187319975
2020-08-02 07:31:30,344 INFO 1: 0.7845875707163383
2020-08-02 07:32:54,411 INFO Iter [3160/10000]  Loss: 0.6624  Time/Image: 0.5239  lr=0.019367
2020-08-02 07:34:32,005 INFO Iter [3170/10000]  Loss: 0.6592  Time/Image: 0.5612  lr=0.019365
2020-08-02 07:35:57,984 INFO Iter [3180/10000]  Loss: 0.6466  Time/Image: 0.5362  lr=0.019363
2020-08-02 07:37:21,864 INFO Iter [3190/10000]  Loss: 0.6436  Time/Image: 0.5232  lr=0.019361
2020-08-02 07:39:01,646 INFO Iter [3200/10000]  Loss: 0.6379  Time/Image: 0.5749  lr=0.019359
2020-08-02 07:39:21,769 INFO Iter 3200 Val Loss: 0.7711
2020-08-02 07:39:21,771 INFO Overall Acc: 	: 0.7842278029886321
2020-08-02 07:39:21,775 INFO Mean Acc : 	: 0.6550509818261863
2020-08-02 07:39:21,779 INFO FreqW Acc : 	: 0.6321760980208462
2020-08-02 07:39:21,781 INFO Mean IoU : 	: 0.5392314449857558
2020-08-02 07:39:21,785 INFO 0: 0.3184248129248161
2020-08-02 07:39:21,785 INFO 1: 0.7600380770466955
2020-08-02 07:40:44,984 INFO Iter [3210/10000]  Loss: 0.6665  Time/Image: 0.5185  lr=0.019357
2020-08-02 07:42:24,543 INFO Iter [3220/10000]  Loss: 0.6448  Time/Image: 0.5728  lr=0.019355
2020-08-02 07:43:48,445 INFO Iter [3230/10000]  Loss: 0.6475  Time/Image: 0.5233  lr=0.019353
2020-08-02 07:45:26,141 INFO Iter [3240/10000]  Loss: 0.6457  Time/Image: 0.5649  lr=0.019351
2020-08-02 07:46:51,050 INFO Iter [3250/10000]  Loss: 0.6428  Time/Image: 0.5296  lr=0.019349
2020-08-02 07:47:11,245 INFO Iter 3250 Val Loss: 0.7597
2020-08-02 07:47:11,249 INFO Overall Acc: 	: 0.7941785845251191
2020-08-02 07:47:11,252 INFO Mean Acc : 	: 0.6704060017098861
2020-08-02 07:47:11,254 INFO FreqW Acc : 	: 0.6465801872395242
2020-08-02 07:47:11,256 INFO Mean IoU : 	: 0.5575861237764292
2020-08-02 07:47:11,257 INFO 0: 0.34616482319569913
2020-08-02 07:47:11,259 INFO 1: 0.7690074243571593
2020-08-02 07:48:33,806 INFO Iter [3260/10000]  Loss: 0.6268  Time/Image: 0.5143  lr=0.019347
2020-08-02 07:50:14,526 INFO Iter [3270/10000]  Loss: 0.6307  Time/Image: 0.5803  lr=0.019345
2020-08-02 07:51:38,147 INFO Iter [3280/10000]  Loss: 0.6308  Time/Image: 0.5216  lr=0.019343
2020-08-02 07:53:18,939 INFO Iter [3290/10000]  Loss: 0.6321  Time/Image: 0.5806  lr=0.019341
2020-08-02 07:54:42,813 INFO Iter [3300/10000]  Loss: 0.6320  Time/Image: 0.5231  lr=0.019339
2020-08-02 07:55:03,318 INFO Iter 3300 Val Loss: 0.8421
2020-08-02 07:55:03,320 INFO Overall Acc: 	: 0.7599004171250459
2020-08-02 07:55:03,323 INFO Mean Acc : 	: 0.6101621864645876
2020-08-02 07:55:03,327 INFO FreqW Acc : 	: 0.5942953259944677
2020-08-02 07:55:03,331 INFO Mean IoU : 	: 0.4877943329252845
2020-08-02 07:55:03,332 INFO 0: 0.23478219265860875
2020-08-02 07:55:03,335 INFO 1: 0.7408064731919602
2020-08-02 07:56:42,030 INFO Iter [3310/10000]  Loss: 0.6326  Time/Image: 0.5699  lr=0.019337
2020-08-02 07:58:06,533 INFO Iter [3320/10000]  Loss: 0.6289  Time/Image: 0.5270  lr=0.019335
2020-08-02 07:59:44,518 INFO Iter [3330/10000]  Loss: 0.6529  Time/Image: 0.5639  lr=0.019333
2020-08-02 08:01:10,975 INFO Iter [3340/10000]  Loss: 0.6516  Time/Image: 0.5392  lr=0.019331
2020-08-02 08:02:34,675 INFO Iter [3350/10000]  Loss: 0.6546  Time/Image: 0.5221  lr=0.019329
2020-08-02 08:02:55,217 INFO Iter 3350 Val Loss: 0.8564
2020-08-02 08:02:55,219 INFO Overall Acc: 	: 0.7504406742757609
2020-08-02 08:02:55,222 INFO Mean Acc : 	: 0.5960313374907753
2020-08-02 08:02:55,225 INFO FreqW Acc : 	: 0.5813794667156668
2020-08-02 08:02:55,226 INFO Mean IoU : 	: 0.47138090670159477
2020-08-02 08:02:55,228 INFO 0: 0.21005967115843227
2020-08-02 08:02:55,229 INFO 1: 0.7327021422447573
2020-08-02 08:04:35,888 INFO Iter [3360/10000]  Loss: 0.6391  Time/Image: 0.5804  lr=0.019327
2020-08-02 08:05:59,782 INFO Iter [3370/10000]  Loss: 0.6408  Time/Image: 0.5232  lr=0.019325
2020-08-02 08:07:39,089 INFO Iter [3380/10000]  Loss: 0.6450  Time/Image: 0.5733  lr=0.019323
2020-08-02 08:09:03,015 INFO Iter [3390/10000]  Loss: 0.6403  Time/Image: 0.5234  lr=0.019321
2020-08-02 08:10:40,651 INFO Iter [3400/10000]  Loss: 0.6412  Time/Image: 0.5631  lr=0.019319
2020-08-02 08:11:00,962 INFO Iter 3400 Val Loss: 0.8792
2020-08-02 08:11:00,965 INFO Overall Acc: 	: 0.7356078680784746
2020-08-02 08:11:00,967 INFO Mean Acc : 	: 0.572706264843296
2020-08-02 08:11:00,970 INFO FreqW Acc : 	: 0.5608808164675401
2020-08-02 08:11:00,973 INFO Mean IoU : 	: 0.4447901095344213
2020-08-02 08:11:00,974 INFO 0: 0.16899589034681728
2020-08-02 08:11:00,980 INFO 1: 0.7205843287220253
2020-08-02 08:12:26,399 INFO Iter [3410/10000]  Loss: 0.6272  Time/Image: 0.5323  lr=0.019317
2020-08-02 08:13:49,498 INFO Iter [3420/10000]  Loss: 0.6438  Time/Image: 0.5183  lr=0.019315
2020-08-02 08:15:29,706 INFO Iter [3430/10000]  Loss: 0.6491  Time/Image: 0.5782  lr=0.019313
2020-08-02 08:16:53,469 INFO Iter [3440/10000]  Loss: 0.6423  Time/Image: 0.5225  lr=0.019311
2020-08-02 08:18:32,781 INFO Iter [3450/10000]  Loss: 0.6391  Time/Image: 0.5736  lr=0.019309
2020-08-02 08:18:52,991 INFO Iter 3450 Val Loss: 0.8498
2020-08-02 08:18:52,995 INFO Overall Acc: 	: 0.753126833516685
2020-08-02 08:18:52,997 INFO Mean Acc : 	: 0.5948793548204137
2020-08-02 08:18:53,000 INFO FreqW Acc : 	: 0.5823545167917258
2020-08-02 08:18:53,002 INFO Mean IoU : 	: 0.4703631036009252
2020-08-02 08:18:53,004 INFO 0: 0.20430748922287426
2020-08-02 08:18:53,005 INFO 1: 0.7364187179789762
2020-08-02 08:20:16,788 INFO Iter [3460/10000]  Loss: 0.6159  Time/Image: 0.5221  lr=0.019307
2020-08-02 08:21:54,321 INFO Iter [3470/10000]  Loss: 0.6289  Time/Image: 0.5621  lr=0.019305
2020-08-02 08:23:19,468 INFO Iter [3480/10000]  Loss: 0.6285  Time/Image: 0.5311  lr=0.019303
2020-08-02 08:24:42,237 INFO Iter [3490/10000]  Loss: 0.6301  Time/Image: 0.5162  lr=0.019301
2020-08-02 08:26:22,268 INFO Iter [3500/10000]  Loss: 0.6369  Time/Image: 0.5775  lr=0.019299
2020-08-02 08:26:42,387 INFO Iter 3500 Val Loss: 0.8703
2020-08-02 08:26:42,389 INFO Overall Acc: 	: 0.7381130821415475
2020-08-02 08:26:42,392 INFO Mean Acc : 	: 0.5866482166531377
2020-08-02 08:26:42,395 INFO FreqW Acc : 	: 0.5693743678866915
2020-08-02 08:26:42,397 INFO Mean IoU : 	: 0.4600962950646977
2020-08-02 08:26:42,398 INFO 0: 0.20048670559401818
2020-08-02 08:26:42,399 INFO 1: 0.7197058845353772
2020-08-02 08:28:04,980 INFO Iter [3510/10000]  Loss: 0.6297  Time/Image: 0.5146  lr=0.019297
2020-08-02 08:29:44,413 INFO Iter [3520/10000]  Loss: 0.6290  Time/Image: 0.5733  lr=0.019295
2020-08-02 08:31:08,515 INFO Iter [3530/10000]  Loss: 0.6313  Time/Image: 0.5246  lr=0.019293
2020-08-02 08:32:47,063 INFO Iter [3540/10000]  Loss: 0.6331  Time/Image: 0.5672  lr=0.019291
2020-08-02 08:34:11,341 INFO Iter [3550/10000]  Loss: 0.6352  Time/Image: 0.5257  lr=0.019289
2020-08-02 08:34:31,499 INFO Iter 3550 Val Loss: 0.9847
2020-08-02 08:34:31,503 INFO Overall Acc: 	: 0.7298690754492115
2020-08-02 08:34:31,504 INFO Mean Acc : 	: 0.5502249133522079
2020-08-02 08:34:31,508 INFO FreqW Acc : 	: 0.5452664505895599
2020-08-02 08:34:31,510 INFO Mean IoU : 	: 0.41835483383296596
2020-08-02 08:34:31,512 INFO 0: 0.11685360971357046
2020-08-02 08:34:31,514 INFO 1: 0.7198560579523614
2020-08-02 08:36:09,242 INFO Iter [3560/10000]  Loss: 0.6478  Time/Image: 0.5620  lr=0.019287
2020-08-02 08:37:35,918 INFO Iter [3570/10000]  Loss: 0.6308  Time/Image: 0.5406  lr=0.019285
2020-08-02 08:38:59,606 INFO Iter [3580/10000]  Loss: 0.6433  Time/Image: 0.5220  lr=0.019283
2020-08-02 08:40:39,653 INFO Iter [3590/10000]  Loss: 0.6497  Time/Image: 0.5772  lr=0.019281
2020-08-02 08:42:02,682 INFO Iter [3600/10000]  Loss: 0.6529  Time/Image: 0.5178  lr=0.019279
2020-08-02 08:42:22,867 INFO Iter 3600 Val Loss: 0.9945
2020-08-02 08:42:22,871 INFO Overall Acc: 	: 0.7340580308030803
2020-08-02 08:42:22,875 INFO Mean Acc : 	: 0.5508156219221482
2020-08-02 08:42:22,877 INFO FreqW Acc : 	: 0.5473255152025189
2020-08-02 08:42:22,879 INFO Mean IoU : 	: 0.41827489198601614
2020-08-02 08:42:22,880 INFO 0: 0.11169207579062765
2020-08-02 08:42:22,882 INFO 1: 0.7248577081814046
2020-08-02 08:44:01,640 INFO Iter [3610/10000]  Loss: 0.6504  Time/Image: 0.5679  lr=0.019277
2020-08-02 08:45:26,081 INFO Iter [3620/10000]  Loss: 0.6444  Time/Image: 0.5266  lr=0.019275
2020-08-02 08:47:03,532 INFO Iter [3630/10000]  Loss: 0.6475  Time/Image: 0.5602  lr=0.019273
2020-08-02 08:48:28,905 INFO Iter [3640/10000]  Loss: 0.6405  Time/Image: 0.5325  lr=0.019271
2020-08-02 08:49:52,042 INFO Iter [3650/10000]  Loss: 0.6454  Time/Image: 0.5185  lr=0.019269
2020-08-02 08:50:12,370 INFO Iter 3650 Val Loss: 0.8387
2020-08-02 08:50:12,376 INFO Overall Acc: 	: 0.7374494063989733
2020-08-02 08:50:12,379 INFO Mean Acc : 	: 0.596836561727032
2020-08-02 08:50:12,383 INFO FreqW Acc : 	: 0.573624626319537
2020-08-02 08:50:12,384 INFO Mean IoU : 	: 0.4702549455337275
2020-08-02 08:50:12,386 INFO 0: 0.22468179714710892
2020-08-02 08:50:12,389 INFO 1: 0.7158280939203461
2020-08-02 08:51:52,598 INFO Iter [3660/10000]  Loss: 0.6281  Time/Image: 0.5773  lr=0.019267
2020-08-02 08:53:16,004 INFO Iter [3670/10000]  Loss: 0.6288  Time/Image: 0.5202  lr=0.019265
2020-08-02 08:54:54,975 INFO Iter [3680/10000]  Loss: 0.6346  Time/Image: 0.5696  lr=0.019263
2020-08-02 08:56:18,909 INFO Iter [3690/10000]  Loss: 0.6339  Time/Image: 0.5235  lr=0.019261
2020-08-02 08:57:57,166 INFO Iter [3700/10000]  Loss: 0.6325  Time/Image: 0.5667  lr=0.019259
2020-08-02 08:58:17,402 INFO Iter 3700 Val Loss: 0.7699
2020-08-02 08:58:17,405 INFO Overall Acc: 	: 0.7759059864319765
2020-08-02 08:58:17,407 INFO Mean Acc : 	: 0.6471160009441936
2020-08-02 08:58:17,409 INFO FreqW Acc : 	: 0.6223821407566108
2020-08-02 08:58:17,413 INFO Mean IoU : 	: 0.5286372017288709
2020-08-02 08:58:17,414 INFO 0: 0.3059293472850171
2020-08-02 08:58:17,416 INFO 1: 0.7513450561727246
2020-08-02 08:59:42,352 INFO Iter [3710/10000]  Loss: 0.6252  Time/Image: 0.5292  lr=0.019257
2020-08-02 09:01:05,086 INFO Iter [3720/10000]  Loss: 0.6256  Time/Image: 0.5160  lr=0.019255
2020-08-02 09:02:45,592 INFO Iter [3730/10000]  Loss: 0.6336  Time/Image: 0.5792  lr=0.019253
2020-08-02 09:04:09,107 INFO Iter [3740/10000]  Loss: 0.6351  Time/Image: 0.5209  lr=0.019251
2020-08-02 09:05:48,933 INFO Iter [3750/10000]  Loss: 0.6373  Time/Image: 0.5759  lr=0.019249
2020-08-02 09:06:09,249 INFO Iter 3750 Val Loss: 0.7219
2020-08-02 09:06:09,251 INFO Overall Acc: 	: 0.8014289397689769
2020-08-02 09:06:09,255 INFO Mean Acc : 	: 0.6917083621259492
2020-08-02 09:06:09,260 INFO FreqW Acc : 	: 0.6610130804415826
2020-08-02 09:06:09,262 INFO Mean IoU : 	: 0.5795262557895292
2020-08-02 09:06:09,264 INFO 0: 0.3859397425129966
2020-08-02 09:06:09,266 INFO 1: 0.7731127690660619
2020-08-02 09:07:32,535 INFO Iter [3760/10000]  Loss: 0.6256  Time/Image: 0.5188  lr=0.019247
2020-08-02 09:09:11,649 INFO Iter [3770/10000]  Loss: 0.6222  Time/Image: 0.5714  lr=0.019245
2020-08-02 09:10:36,532 INFO Iter [3780/10000]  Loss: 0.6236  Time/Image: 0.5295  lr=0.019243
2020-08-02 09:12:14,305 INFO Iter [3790/10000]  Loss: 0.6317  Time/Image: 0.5629  lr=0.019241
2020-08-02 09:13:40,839 INFO Iter [3800/10000]  Loss: 0.6316  Time/Image: 0.5397  lr=0.019239
2020-08-02 09:14:01,229 INFO Iter 3800 Val Loss: 0.7728
2020-08-02 09:14:01,233 INFO Overall Acc: 	: 0.7877956545654565
2020-08-02 09:14:01,236 INFO Mean Acc : 	: 0.6594993649632989
2020-08-02 09:14:01,238 INFO FreqW Acc : 	: 0.6368725012090471
2020-08-02 09:14:01,240 INFO Mean IoU : 	: 0.5448194803344503
2020-08-02 09:14:01,241 INFO 0: 0.32613107980127237
2020-08-02 09:14:01,243 INFO 1: 0.7635078808676282
2020-08-02 09:15:24,407 INFO Iter [3810/10000]  Loss: 0.6376  Time/Image: 0.5183  lr=0.019237
2020-08-02 09:17:04,506 INFO Iter [3820/10000]  Loss: 0.6342  Time/Image: 0.5777  lr=0.019235
2020-08-02 09:18:28,069 INFO Iter [3830/10000]  Loss: 0.6281  Time/Image: 0.5212  lr=0.019233
2020-08-02 09:20:06,776 INFO Iter [3840/10000]  Loss: 0.6264  Time/Image: 0.5689  lr=0.019231
2020-08-02 09:21:30,741 INFO Iter [3850/10000]  Loss: 0.6299  Time/Image: 0.5237  lr=0.019229
2020-08-02 09:21:51,377 INFO Iter 3850 Val Loss: 0.8081
2020-08-02 09:21:51,382 INFO Overall Acc: 	: 0.7667848138980565
2020-08-02 09:21:51,384 INFO Mean Acc : 	: 0.6256111746424788
2020-08-02 09:21:51,387 INFO FreqW Acc : 	: 0.6062646972914948
2020-08-02 09:21:51,389 INFO Mean IoU : 	: 0.5051327931237205
2020-08-02 09:21:51,391 INFO 0: 0.2648758829734915
2020-08-02 09:21:51,392 INFO 1: 0.7453897032739495
2020-08-02 09:23:32,493 INFO Iter [3860/10000]  Loss: 0.6429  Time/Image: 0.5828  lr=0.019227
2020-08-02 09:24:59,030 INFO Iter [3870/10000]  Loss: 0.6465  Time/Image: 0.5397  lr=0.019225
2020-08-02 09:26:24,378 INFO Iter [3880/10000]  Loss: 0.6433  Time/Image: 0.5323  lr=0.019223
2020-08-02 09:28:06,804 INFO Iter [3890/10000]  Loss: 0.6435  Time/Image: 0.5921  lr=0.019221
2020-08-02 09:29:31,561 INFO Iter [3900/10000]  Loss: 0.6455  Time/Image: 0.5287  lr=0.019219
2020-08-02 09:29:52,574 INFO Iter 3900 Val Loss: 0.7903
2020-08-02 09:29:52,578 INFO Overall Acc: 	: 0.7666026654748809
2020-08-02 09:29:52,582 INFO Mean Acc : 	: 0.6256661262363156
2020-08-02 09:29:52,583 INFO FreqW Acc : 	: 0.6061640028642676
2020-08-02 09:29:52,585 INFO Mean IoU : 	: 0.5051396589408517
2020-08-02 09:29:52,587 INFO 0: 0.2651382773716096
2020-08-02 09:29:52,588 INFO 1: 0.7451410405100937
2020-08-02 09:31:36,063 INFO Iter [3910/10000]  Loss: 0.6341  Time/Image: 0.5998  lr=0.019217
2020-08-02 09:33:03,360 INFO Iter [3920/10000]  Loss: 0.6275  Time/Image: 0.5445  lr=0.019215
2020-08-02 09:34:45,154 INFO Iter [3930/10000]  Loss: 0.6277  Time/Image: 0.5850  lr=0.019213
2020-08-02 09:36:13,739 INFO Iter [3940/10000]  Loss: 0.6246  Time/Image: 0.5525  lr=0.019211
2020-08-02 09:37:39,246 INFO Iter [3950/10000]  Loss: 0.6240  Time/Image: 0.5333  lr=0.019209
2020-08-02 09:38:00,151 INFO Iter 3950 Val Loss: 0.9311
2020-08-02 09:38:00,153 INFO Overall Acc: 	: 0.7393082485331867
2020-08-02 09:38:00,155 INFO Mean Acc : 	: 0.5612876860257484
2020-08-02 09:38:00,157 INFO FreqW Acc : 	: 0.5560914345678701
2020-08-02 09:38:00,163 INFO Mean IoU : 	: 0.43081722947681333
2020-08-02 09:38:00,166 INFO 0: 0.13320596936673068
2020-08-02 09:38:00,168 INFO 1: 0.728428489586896
2020-08-02 09:39:41,692 INFO Iter [3960/10000]  Loss: 0.6466  Time/Image: 0.5860  lr=0.019207
2020-08-02 09:41:06,151 INFO Iter [3970/10000]  Loss: 0.6461  Time/Image: 0.5268  lr=0.019205
2020-08-02 09:42:46,555 INFO Iter [3980/10000]  Loss: 0.6462  Time/Image: 0.5794  lr=0.019203
2020-08-02 09:44:09,924 INFO Iter [3990/10000]  Loss: 0.6459  Time/Image: 0.5200  lr=0.019201
2020-08-02 09:45:48,259 INFO Iter [4000/10000]  Loss: 0.6420  Time/Image: 0.5671  lr=0.019199
2020-08-02 09:46:08,786 INFO Iter 4000 Val Loss: 0.8584
2020-08-02 09:46:08,787 INFO Overall Acc: 	: 0.7552389301430144
2020-08-02 09:46:08,791 INFO Mean Acc : 	: 0.5971661625347734
2020-08-02 09:46:08,796 INFO FreqW Acc : 	: 0.5847892386075323
2020-08-02 09:46:08,797 INFO Mean IoU : 	: 0.4730872312703528
2020-08-02 09:46:08,798 INFO 0: 0.2077191522130551
2020-08-02 09:46:08,801 INFO 1: 0.7384553103276504
2020-08-02 09:47:34,676 INFO Iter [4010/10000]  Loss: 0.6358  Time/Image: 0.5351  lr=0.019197
2020-08-02 09:49:12,796 INFO Iter [4020/10000]  Loss: 0.6280  Time/Image: 0.5653  lr=0.019195
2020-08-02 09:50:40,599 INFO Iter [4030/10000]  Loss: 0.6287  Time/Image: 0.5476  lr=0.019193
2020-08-02 09:52:06,257 INFO Iter [4040/10000]  Loss: 0.6259  Time/Image: 0.5343  lr=0.019191
2020-08-02 09:53:48,047 INFO Iter [4050/10000]  Loss: 0.6284  Time/Image: 0.5886  lr=0.019189
2020-08-02 09:54:08,680 INFO Iter 4050 Val Loss: 0.9140
2020-08-02 09:54:08,683 INFO Overall Acc: 	: 0.7270394435276861
2020-08-02 09:54:08,687 INFO Mean Acc : 	: 0.5550701792265959
2020-08-02 09:54:08,688 INFO FreqW Acc : 	: 0.5468920792307802
2020-08-02 09:54:08,692 INFO Mean IoU : 	: 0.42473118625359224
2020-08-02 09:54:08,694 INFO 0: 0.13451615540436201
2020-08-02 09:54:08,696 INFO 1: 0.7149462171028225
2020-08-02 09:55:32,522 INFO Iter [4060/10000]  Loss: 0.6519  Time/Image: 0.5224  lr=0.019187
2020-08-02 09:57:11,823 INFO Iter [4070/10000]  Loss: 0.6414  Time/Image: 0.5733  lr=0.019185
2020-08-02 09:58:38,636 INFO Iter [4080/10000]  Loss: 0.6430  Time/Image: 0.5414  lr=0.019183
2020-08-02 10:00:18,909 INFO Iter [4090/10000]  Loss: 0.6373  Time/Image: 0.5774  lr=0.019181
2020-08-02 10:01:45,854 INFO Iter [4100/10000]  Loss: 0.6332  Time/Image: 0.5423  lr=0.019179
2020-08-02 10:02:07,149 INFO Iter 4100 Val Loss: 0.7781
2020-08-02 10:02:07,151 INFO Overall Acc: 	: 0.7722570590392372
2020-08-02 10:02:07,154 INFO Mean Acc : 	: 0.6394438155045291
2020-08-02 10:02:07,157 INFO FreqW Acc : 	: 0.616370731721908
2020-08-02 10:02:07,162 INFO Mean IoU : 	: 0.5201879474198904
2020-08-02 10:02:07,164 INFO 0: 0.2916885558954079
2020-08-02 10:02:07,166 INFO 1: 0.7486873389443729
2020-08-02 10:03:35,608 INFO Iter [4110/10000]  Loss: 0.6649  Time/Image: 0.5512  lr=0.019177
2020-08-02 10:05:18,337 INFO Iter [4120/10000]  Loss: 0.6524  Time/Image: 0.5943  lr=0.019175
2020-08-02 10:06:43,373 INFO Iter [4130/10000]  Loss: 0.6438  Time/Image: 0.5304  lr=0.019173
2020-08-02 10:08:25,881 INFO Iter [4140/10000]  Loss: 0.6395  Time/Image: 0.5912  lr=0.019171
2020-08-02 10:09:50,993 INFO Iter [4150/10000]  Loss: 0.6381  Time/Image: 0.5308  lr=0.019169
2020-08-02 10:10:11,513 INFO Iter 4150 Val Loss: 0.7453
2020-08-02 10:10:11,518 INFO Overall Acc: 	: 0.791724537037037
2020-08-02 10:10:11,522 INFO Mean Acc : 	: 0.6706313425233671
2020-08-02 10:10:11,524 INFO FreqW Acc : 	: 0.6446282391745024
2020-08-02 10:10:11,525 INFO Mean IoU : 	: 0.5565819891463338
2020-08-02 10:10:11,526 INFO 0: 0.34741238875011266
2020-08-02 10:10:11,527 INFO 1: 0.7657515895425551
2020-08-02 10:11:50,822 INFO Iter [4160/10000]  Loss: 0.6428  Time/Image: 0.5731  lr=0.019167
2020-08-02 10:13:18,158 INFO Iter [4170/10000]  Loss: 0.6362  Time/Image: 0.5447  lr=0.019165
2020-08-02 10:14:42,776 INFO Iter [4180/10000]  Loss: 0.6305  Time/Image: 0.5278  lr=0.019163
2020-08-02 10:16:23,605 INFO Iter [4190/10000]  Loss: 0.6356  Time/Image: 0.5817  lr=0.019161
2020-08-02 10:17:47,049 INFO Iter [4200/10000]  Loss: 0.6348  Time/Image: 0.5205  lr=0.019159
2020-08-02 10:18:07,595 INFO Iter 4200 Val Loss: 0.8002
2020-08-02 10:18:07,599 INFO Overall Acc: 	: 0.7780201457645765
2020-08-02 10:18:07,602 INFO Mean Acc : 	: 0.6310330055698002
2020-08-02 10:18:07,605 INFO FreqW Acc : 	: 0.616569990590249
2020-08-02 10:18:07,608 INFO Mean IoU : 	: 0.5135468671315004
2020-08-02 10:18:07,609 INFO 0: 0.268797027603494
2020-08-02 10:18:07,611 INFO 1: 0.758296706659507
2020-08-02 10:19:48,954 INFO Iter [4210/10000]  Loss: 0.6435  Time/Image: 0.5822  lr=0.019157
2020-08-02 10:21:15,293 INFO Iter [4220/10000]  Loss: 0.6377  Time/Image: 0.5385  lr=0.019155
2020-08-02 10:22:54,322 INFO Iter [4230/10000]  Loss: 0.6395  Time/Image: 0.5713  lr=0.019153
2020-08-02 10:24:19,564 INFO Iter [4240/10000]  Loss: 0.6417  Time/Image: 0.5317  lr=0.019151
2020-08-02 10:25:58,443 INFO Iter [4250/10000]  Loss: 0.6360  Time/Image: 0.5695  lr=0.019149
2020-08-02 10:26:19,612 INFO Iter 4250 Val Loss: 0.8185
2020-08-02 10:26:19,614 INFO Overall Acc: 	: 0.77388058076641
2020-08-02 10:26:19,615 INFO Mean Acc : 	: 0.6254502352785464
2020-08-02 10:26:19,620 INFO FreqW Acc : 	: 0.610996929887985
2020-08-02 10:26:19,622 INFO Mean IoU : 	: 0.5066921347415422
2020-08-02 10:26:19,623 INFO 0: 0.25889745509066375
2020-08-02 10:26:19,624 INFO 1: 0.7544868143924206
2020-08-02 10:27:48,953 INFO Iter [4260/10000]  Loss: 0.6169  Time/Image: 0.5566  lr=0.019147
2020-08-02 10:29:13,446 INFO Iter [4270/10000]  Loss: 0.6220  Time/Image: 0.5270  lr=0.019145
2020-08-02 10:30:53,811 INFO Iter [4280/10000]  Loss: 0.6279  Time/Image: 0.5807  lr=0.019143
2020-08-02 10:32:17,568 INFO Iter [4290/10000]  Loss: 0.6314  Time/Image: 0.5224  lr=0.019141
2020-08-02 10:33:56,686 INFO Iter [4300/10000]  Loss: 0.6319  Time/Image: 0.5699  lr=0.019139
2020-08-02 10:34:17,172 INFO Iter 4300 Val Loss: 0.7764
2020-08-02 10:34:17,177 INFO Overall Acc: 	: 0.7739939150165016
2020-08-02 10:34:17,180 INFO Mean Acc : 	: 0.6458257548576307
2020-08-02 10:34:17,182 INFO FreqW Acc : 	: 0.6203761935970142
2020-08-02 10:34:17,184 INFO Mean IoU : 	: 0.526726303582266
2020-08-02 10:34:17,186 INFO 0: 0.30424425505358965
2020-08-02 10:34:17,187 INFO 1: 0.7492083521109424
2020-08-02 10:35:41,236 INFO Iter [4310/10000]  Loss: 0.6411  Time/Image: 0.5237  lr=0.019137
2020-08-02 10:37:18,758 INFO Iter [4320/10000]  Loss: 0.6360  Time/Image: 0.5608  lr=0.019134
2020-08-02 10:38:44,454 INFO Iter [4330/10000]  Loss: 0.6368  Time/Image: 0.5345  lr=0.019132
2020-08-02 10:40:08,238 INFO Iter [4340/10000]  Loss: 0.6371  Time/Image: 0.5226  lr=0.019130
2020-08-02 10:41:47,765 INFO Iter [4350/10000]  Loss: 0.6392  Time/Image: 0.5746  lr=0.019128
2020-08-02 10:42:07,835 INFO Iter 4350 Val Loss: 0.9054
2020-08-02 10:42:07,839 INFO Overall Acc: 	: 0.7410622364319766
2020-08-02 10:42:07,842 INFO Mean Acc : 	: 0.5708997222016549
2020-08-02 10:42:07,844 INFO FreqW Acc : 	: 0.5626505457686298
2020-08-02 10:42:07,847 INFO Mean IoU : 	: 0.4425029621748709
2020-08-02 10:42:07,848 INFO 0: 0.15707090753497477
2020-08-02 10:42:07,849 INFO 1: 0.727935016814767
2020-08-02 10:43:31,077 INFO Iter [4360/10000]  Loss: 0.6623  Time/Image: 0.5186  lr=0.019126
2020-08-02 10:45:10,825 INFO Iter [4370/10000]  Loss: 0.6526  Time/Image: 0.5758  lr=0.019124
