2020-08-01 08:53:33,856 INFO Let the games begin
2020-08-01 08:53:37,942 INFO Using hflip aug with params 0.5
2020-08-01 08:53:37,943 INFO Using rscale_crop aug with params [1024, 1024]
2020-08-01 08:56:59,094 INFO Using hflip aug with params 0.5
2020-08-01 08:56:59,095 INFO Using rscale_crop aug with params [1024, 1024]
2020-08-01 08:56:59,119 INFO Loading model and optimizer from checkpoint './runs_camvid/hardnet/cur/hardnet_camvid_checkpoint.pkl'
2020-08-01 08:57:03,580 INFO Loaded checkpoint './runs_camvid/hardnet/cur/hardnet_camvid_checkpoint.pkl' (iter 1000)
2020-08-01 08:57:35,995 INFO Using hflip aug with params 0.5
2020-08-01 08:57:35,996 INFO Using rscale_crop aug with params [1024, 1024]
2020-08-01 08:57:36,015 INFO Loading model and optimizer from checkpoint './runs_camvid/hardnet/cur/hardnet_camvid_checkpoint.pkl'
2020-08-01 08:57:36,105 INFO Loaded checkpoint './runs_camvid/hardnet/cur/hardnet_camvid_checkpoint.pkl' (iter 1000)
2020-08-01 08:57:47,144 INFO Using hflip aug with params 0.5
2020-08-01 08:57:47,146 INFO Using rscale_crop aug with params [1024, 1024]
2020-08-01 08:57:47,167 INFO Loading model and optimizer from checkpoint './runs_camvid/hardnet/cur/hardnet_camvid_checkpoint.pkl'
2020-08-01 08:57:47,259 INFO Loaded checkpoint './runs_camvid/hardnet/cur/hardnet_camvid_checkpoint.pkl' (iter 1000)
2020-08-01 08:59:34,969 INFO Iter [1010/1000]  Loss: 0.6496  Time/Image: 0.6892  lr=0.019798
2020-08-01 09:00:26,414 INFO Using hflip aug with params 0.5
2020-08-01 09:00:26,415 INFO Using rscale_crop aug with params [1024, 1024]
2020-08-01 09:00:26,438 INFO Loading model and optimizer from checkpoint './runs_camvid/hardnet/cur/hardnet_camvid_checkpoint.pkl'
2020-08-01 09:00:26,520 INFO Loaded checkpoint './runs_camvid/hardnet/cur/hardnet_camvid_checkpoint.pkl' (iter 1000)
2020-08-01 09:02:14,414 INFO Iter [1010/1000]  Loss: 0.6496  Time/Image: 0.6921  lr=0.019798
2020-08-01 09:03:15,972 INFO Using hflip aug with params 0.5
2020-08-01 09:03:15,973 INFO Using rscale_crop aug with params [1024, 1024]
2020-08-01 09:03:15,995 INFO Loading model and optimizer from checkpoint './runs_camvid/hardnet/cur/hardnet_camvid_checkpoint.pkl'
2020-08-01 09:03:16,081 INFO Loaded checkpoint './runs_camvid/hardnet/cur/hardnet_camvid_checkpoint.pkl' (iter 1000)
2020-08-01 09:05:06,193 INFO Iter [1010/10000]  Loss: 0.6496  Time/Image: 0.7006  lr=0.019798
2020-08-01 09:06:44,221 INFO Iter [1020/10000]  Loss: 0.6494  Time/Image: 0.6115  lr=0.019796
2020-08-01 09:08:42,855 INFO Iter [1030/10000]  Loss: 0.6415  Time/Image: 0.6793  lr=0.019794
2020-08-01 09:10:20,237 INFO Iter [1040/10000]  Loss: 0.6400  Time/Image: 0.6075  lr=0.019792
2020-08-01 09:12:20,952 INFO Iter [1050/10000]  Loss: 0.6387  Time/Image: 0.6917  lr=0.019790
2020-08-01 09:13:13,705 INFO Iter 1050 Val Loss: 0.7778
2020-08-01 09:13:13,711 INFO Overall Acc: 	: 0.7839320338283828
2020-08-01 09:13:13,713 INFO Mean Acc : 	: 0.6453763653390154
2020-08-01 09:13:13,721 INFO FreqW Acc : 	: 0.6276571718137148
2020-08-01 09:13:13,723 INFO Mean IoU : 	: 0.5298877766453812
2020-08-01 09:13:13,726 INFO 0: 0.2976191074880017
2020-08-01 09:13:13,728 INFO 1: 0.7621564458027608
2020-08-01 09:14:58,936 INFO Iter [1060/10000]  Loss: 0.6322  Time/Image: 0.6349  lr=0.019788
2020-08-01 09:16:37,623 INFO Iter [1070/10000]  Loss: 0.6353  Time/Image: 0.6156  lr=0.019786
2020-08-01 09:18:39,243 INFO Iter [1080/10000]  Loss: 0.6333  Time/Image: 0.6976  lr=0.019784
2020-08-01 09:20:20,713 INFO Iter [1090/10000]  Loss: 0.6338  Time/Image: 0.6330  lr=0.019782
2020-08-01 09:22:23,738 INFO Iter [1100/10000]  Loss: 0.6329  Time/Image: 0.7091  lr=0.019780
2020-08-01 09:22:49,545 INFO Iter 1100 Val Loss: 0.7678
2020-08-01 09:22:49,551 INFO Overall Acc: 	: 0.7688569742390906
2020-08-01 09:22:49,555 INFO Mean Acc : 	: 0.6390685011183608
2020-08-01 09:22:49,559 INFO FreqW Acc : 	: 0.6136685654901161
2020-08-01 09:22:49,562 INFO Mean IoU : 	: 0.518653222857582
2020-08-01 09:22:49,564 INFO 0: 0.29292729763533976
2020-08-01 09:22:49,570 INFO 1: 0.7443791480798241
2020-08-01 09:24:28,210 INFO Iter [1110/10000]  Loss: 0.6303  Time/Image: 0.6147  lr=0.019778
2020-08-01 09:26:26,151 INFO Iter [1120/10000]  Loss: 0.6287  Time/Image: 0.6787  lr=0.019776
2020-08-01 09:28:07,828 INFO Iter [1130/10000]  Loss: 0.6314  Time/Image: 0.6343  lr=0.019774
2020-08-01 09:30:05,430 INFO Iter [1140/10000]  Loss: 0.6316  Time/Image: 0.6772  lr=0.019772
2020-08-01 09:31:50,791 INFO Iter [1150/10000]  Loss: 0.6290  Time/Image: 0.6572  lr=0.019770
2020-08-01 09:32:15,841 INFO Iter 1150 Val Loss: 0.7937
2020-08-01 09:32:15,844 INFO Overall Acc: 	: 0.7721123831133113
2020-08-01 09:32:15,848 INFO Mean Acc : 	: 0.6327196112361999
2020-08-01 09:32:15,851 INFO FreqW Acc : 	: 0.61327433110169
2020-08-01 09:32:15,857 INFO Mean IoU : 	: 0.5136604178874195
2020-08-01 09:32:15,860 INFO 0: 0.2770097665051428
2020-08-01 09:32:15,864 INFO 1: 0.750311069269696
2020-08-01 09:33:55,142 INFO Iter [1160/10000]  Loss: 0.6413  Time/Image: 0.6187  lr=0.019768
2020-08-01 09:35:56,341 INFO Iter [1170/10000]  Loss: 0.6423  Time/Image: 0.6997  lr=0.019766
2020-08-01 09:37:36,341 INFO Iter [1180/10000]  Loss: 0.6360  Time/Image: 0.6237  lr=0.019764
2020-08-01 09:39:36,315 INFO Iter [1190/10000]  Loss: 0.6382  Time/Image: 0.6908  lr=0.019762
2020-08-01 09:41:18,030 INFO Iter [1200/10000]  Loss: 0.6350  Time/Image: 0.6344  lr=0.019760
2020-08-01 09:41:43,007 INFO Iter 1200 Val Loss: 0.7951
2020-08-01 09:41:43,013 INFO Overall Acc: 	: 0.7779790062339568
2020-08-01 09:41:43,015 INFO Mean Acc : 	: 0.6396102714489357
2020-08-01 09:41:43,021 INFO FreqW Acc : 	: 0.6206472901146276
2020-08-01 09:41:43,023 INFO Mean IoU : 	: 0.5222449401106491
2020-08-01 09:41:43,025 INFO 0: 0.2884725736351178
2020-08-01 09:41:43,027 INFO 1: 0.7560173065861805
2020-08-01 09:43:40,216 INFO Iter [1210/10000]  Loss: 0.6325  Time/Image: 0.6746  lr=0.019758
2020-08-01 09:45:23,465 INFO Iter [1220/10000]  Loss: 0.6272  Time/Image: 0.6440  lr=0.019756
2020-08-01 09:47:04,078 INFO Iter [1230/10000]  Loss: 0.6311  Time/Image: 0.6275  lr=0.019754
2020-08-01 09:49:04,875 INFO Iter [1240/10000]  Loss: 0.6272  Time/Image: 0.6963  lr=0.019752
2020-08-01 09:50:44,649 INFO Iter [1250/10000]  Loss: 0.6336  Time/Image: 0.6224  lr=0.019750
2020-08-01 09:51:09,111 INFO Iter 1250 Val Loss: 0.8399
2020-08-01 09:51:09,118 INFO Overall Acc: 	: 0.7576650737990466
2020-08-01 09:51:09,128 INFO Mean Acc : 	: 0.5987268577982479
2020-08-01 09:51:09,129 INFO FreqW Acc : 	: 0.5870282077030555
2020-08-01 09:51:09,133 INFO Mean IoU : 	: 0.4750403654778874
2020-08-01 09:51:09,136 INFO 0: 0.2089932345668114
2020-08-01 09:51:09,138 INFO 1: 0.7410874963889634
2020-08-01 09:53:10,200 INFO Iter [1260/10000]  Loss: 0.6484  Time/Image: 0.6972  lr=0.019748
2020-08-01 09:54:52,114 INFO Iter [1270/10000]  Loss: 0.6444  Time/Image: 0.6357  lr=0.019746
2020-08-01 09:56:51,730 INFO Iter [1280/10000]  Loss: 0.6447  Time/Image: 0.6896  lr=0.019744
2020-08-01 09:58:34,907 INFO Iter [1290/10000]  Loss: 0.6419  Time/Image: 0.6437  lr=0.019742
2020-08-01 10:00:14,759 INFO Iter [1300/10000]  Loss: 0.6385  Time/Image: 0.6229  lr=0.019740
2020-08-01 10:00:39,606 INFO Iter 1300 Val Loss: 0.9460
2020-08-01 10:00:39,608 INFO Overall Acc: 	: 0.7429657132379904
2020-08-01 10:00:39,610 INFO Mean Acc : 	: 0.5654433473342819
2020-08-01 10:00:39,612 INFO FreqW Acc : 	: 0.5602629675029742
2020-08-01 10:00:39,614 INFO Mean IoU : 	: 0.4355654416847862
2020-08-01 10:00:39,615 INFO 0: 0.13932418623730033
2020-08-01 10:00:39,617 INFO 1: 0.7318066971322721
2020-08-01 10:02:41,964 INFO Iter [1310/10000]  Loss: 0.6640  Time/Image: 0.7034  lr=0.019738
2020-08-01 10:04:21,809 INFO Iter [1320/10000]  Loss: 0.6485  Time/Image: 0.6228  lr=0.019736
2020-08-01 10:06:22,921 INFO Iter [1330/10000]  Loss: 0.6464  Time/Image: 0.6993  lr=0.019734
2020-08-01 10:08:03,248 INFO Iter [1340/10000]  Loss: 0.6469  Time/Image: 0.6258  lr=0.019732
2020-08-01 10:10:04,638 INFO Iter [1350/10000]  Loss: 0.6437  Time/Image: 0.7003  lr=0.019730
2020-08-01 10:10:29,542 INFO Iter 1350 Val Loss: 0.7807
2020-08-01 10:10:29,547 INFO Overall Acc: 	: 0.7835777067290063
2020-08-01 10:10:29,551 INFO Mean Acc : 	: 0.6462797826863222
2020-08-01 10:10:29,553 INFO FreqW Acc : 	: 0.6278123729076138
2020-08-01 10:10:29,558 INFO Mean IoU : 	: 0.530654365280059
2020-08-01 10:10:29,559 INFO 0: 0.29983815647790235
2020-08-01 10:10:29,561 INFO 1: 0.7614705740822157
2020-08-01 10:12:12,296 INFO Iter [1360/10000]  Loss: 0.6212  Time/Image: 0.6396  lr=0.019728
