2020-08-03 07:24:44,021 INFO Let the games begin
2020-08-03 07:24:44,204 INFO Using hflip aug with params 0.5
2020-08-03 07:24:44,205 INFO Using rscale_crop aug with params [1024, 1024]
2020-08-03 07:24:47,727 INFO Loading model and optimizer from checkpoint './runs_camvid/hardnet/cur/hardnet_camvid_checkpoint.pkl'
2020-08-03 07:24:56,277 INFO Loaded checkpoint './runs_camvid/hardnet/cur/hardnet_camvid_checkpoint.pkl' (iter 4350)
2020-08-03 07:26:45,614 INFO Iter [4360/10000]  Loss: 0.6545  Time/Image: 0.6316  lr=0.019127
2020-08-03 07:28:16,712 INFO Iter [4370/10000]  Loss: 0.6515  Time/Image: 0.5683  lr=0.019125
2020-08-03 07:30:05,240 INFO Iter [4380/10000]  Loss: 0.6419  Time/Image: 0.6271  lr=0.019123
2020-08-03 07:31:36,397 INFO Iter [4390/10000]  Loss: 0.6401  Time/Image: 0.5686  lr=0.019121
2020-08-03 07:33:23,628 INFO Iter [4400/10000]  Loss: 0.6384  Time/Image: 0.6181  lr=0.019119
2020-08-03 07:34:01,579 INFO Iter 4400 Val Loss: 0.7759
2020-08-03 07:34:01,583 INFO Overall Acc: 	: 0.7901492597176384
2020-08-03 07:34:01,588 INFO Mean Acc : 	: 0.6525577934296879
2020-08-03 07:34:01,590 INFO FreqW Acc : 	: 0.6356176871811124
2020-08-03 07:34:01,591 INFO Mean IoU : 	: 0.5391684989774966
2020-08-03 07:34:01,592 INFO 0: 0.31003621737963255
2020-08-03 07:34:01,594 INFO 1: 0.7683007805753607
2020-08-03 07:35:35,861 INFO Iter [4410/10000]  Loss: 0.6342  Time/Image: 0.5761  lr=0.019117
2020-08-03 07:37:06,207 INFO Iter [4420/10000]  Loss: 0.6376  Time/Image: 0.5635  lr=0.019115
2020-08-03 07:38:56,109 INFO Iter [4430/10000]  Loss: 0.6362  Time/Image: 0.6328  lr=0.019113
2020-08-03 07:40:25,958 INFO Iter [4440/10000]  Loss: 0.6370  Time/Image: 0.5605  lr=0.019111
2020-08-03 07:42:13,308 INFO Iter [4450/10000]  Loss: 0.6360  Time/Image: 0.6188  lr=0.019109
2020-08-03 07:42:35,736 INFO Iter 4450 Val Loss: 0.7458
2020-08-03 07:42:35,741 INFO Overall Acc: 	: 0.7814123808214155
2020-08-03 07:42:35,744 INFO Mean Acc : 	: 0.6613049548788854
2020-08-03 07:42:35,747 INFO FreqW Acc : 	: 0.6324498092634219
2020-08-03 07:42:35,749 INFO Mean IoU : 	: 0.5435761912349701
2020-08-03 07:42:35,751 INFO 0: 0.33244103030727234
2020-08-03 07:42:35,753 INFO 1: 0.7547113521626678
2020-08-03 07:44:07,006 INFO Iter [4460/10000]  Loss: 0.6328  Time/Image: 0.5683  lr=0.019107
2020-08-03 07:45:55,457 INFO Iter [4470/10000]  Loss: 0.6312  Time/Image: 0.6248  lr=0.019105
2020-08-03 07:47:27,689 INFO Iter [4480/10000]  Loss: 0.6339  Time/Image: 0.5753  lr=0.019103
2020-08-03 07:49:14,422 INFO Iter [4490/10000]  Loss: 0.6337  Time/Image: 0.6139  lr=0.019101
2020-08-03 07:50:49,395 INFO Iter [4500/10000]  Loss: 0.6308  Time/Image: 0.5924  lr=0.019099
2020-08-03 07:51:12,243 INFO Iter 4500 Val Loss: 0.7746
2020-08-03 07:51:12,248 INFO Overall Acc: 	: 0.7838861959112577
2020-08-03 07:51:12,251 INFO Mean Acc : 	: 0.6510769343827343
2020-08-03 07:51:12,254 INFO FreqW Acc : 	: 0.6301971055147939
2020-08-03 07:51:12,259 INFO Mean IoU : 	: 0.5353839094733015
2020-08-03 07:51:12,260 INFO 0: 0.31013821960073223
2020-08-03 07:51:12,262 INFO 1: 0.7606295993458708
2020-08-03 07:52:42,083 INFO Iter [4510/10000]  Loss: 0.6435  Time/Image: 0.5598  lr=0.019097
2020-08-03 07:54:30,694 INFO Iter [4520/10000]  Loss: 0.6426  Time/Image: 0.6259  lr=0.019094
2020-08-03 07:55:59,880 INFO Iter [4530/10000]  Loss: 0.6364  Time/Image: 0.5563  lr=0.019092
2020-08-03 07:57:45,763 INFO Iter [4540/10000]  Loss: 0.6382  Time/Image: 0.6097  lr=0.019090
2020-08-03 07:59:15,300 INFO Iter [4550/10000]  Loss: 0.6350  Time/Image: 0.5586  lr=0.019088
2020-08-03 07:59:37,107 INFO Iter 4550 Val Loss: 0.7892
2020-08-03 07:59:37,110 INFO Overall Acc: 	: 0.7847626741840851
2020-08-03 07:59:37,114 INFO Mean Acc : 	: 0.647830396054391
2020-08-03 07:59:37,116 INFO FreqW Acc : 	: 0.6294034681709223
2020-08-03 07:59:37,118 INFO Mean IoU : 	: 0.5325859225136129
2020-08-03 07:59:37,120 INFO 0: 0.30257854196074047
2020-08-03 07:59:37,121 INFO 1: 0.7625933030664854
2020-08-03 08:01:20,548 INFO Iter [4560/10000]  Loss: 0.6333  Time/Image: 0.5954  lr=0.019086
2020-08-03 08:02:51,209 INFO Iter [4570/10000]  Loss: 0.6282  Time/Image: 0.5654  lr=0.019084
2020-08-03 08:04:20,616 INFO Iter [4580/10000]  Loss: 0.6322  Time/Image: 0.5577  lr=0.019082
2020-08-03 08:06:09,449 INFO Iter [4590/10000]  Loss: 0.6281  Time/Image: 0.6292  lr=0.019080
2020-08-03 08:07:38,429 INFO Iter [4600/10000]  Loss: 0.6349  Time/Image: 0.5550  lr=0.019078
2020-08-03 08:08:00,564 INFO Iter 4600 Val Loss: 0.8297
2020-08-03 08:08:00,568 INFO Overall Acc: 	: 0.7631820682068207
2020-08-03 08:08:00,572 INFO Mean Acc : 	: 0.6075160405149924
2020-08-03 08:08:00,573 INFO FreqW Acc : 	: 0.5949758431268399
2020-08-03 08:08:00,575 INFO Mean IoU : 	: 0.48542771623713826
2020-08-03 08:08:00,577 INFO 0: 0.22517656507121656
2020-08-03 08:08:00,579 INFO 1: 0.74567886740306
2020-08-03 08:09:48,581 INFO Iter [4610/10000]  Loss: 0.6513  Time/Image: 0.6226  lr=0.019076
2020-08-03 08:11:18,229 INFO Iter [4620/10000]  Loss: 0.6471  Time/Image: 0.5592  lr=0.019074
2020-08-03 08:13:03,323 INFO Iter [4630/10000]  Loss: 0.6468  Time/Image: 0.6049  lr=0.019072
2020-08-03 08:14:33,762 INFO Iter [4640/10000]  Loss: 0.6433  Time/Image: 0.5642  lr=0.019070
2020-08-03 08:16:03,406 INFO Iter [4650/10000]  Loss: 0.6397  Time/Image: 0.5592  lr=0.019068
2020-08-03 08:16:25,726 INFO Iter 4650 Val Loss: 0.9373
2020-08-03 08:16:25,728 INFO Overall Acc: 	: 0.7480685620645398
2020-08-03 08:16:25,734 INFO Mean Acc : 	: 0.5719015452202281
2020-08-03 08:16:25,735 INFO FreqW Acc : 	: 0.5665490567140241
2020-08-03 08:16:25,737 INFO Mean IoU : 	: 0.44311092956773046
2020-08-03 08:16:25,739 INFO 0: 0.14986160071399957
2020-08-03 08:16:25,740 INFO 1: 0.7363602584214614
2020-08-03 08:18:15,064 INFO Iter [4660/10000]  Loss: 0.6630  Time/Image: 0.6309  lr=0.019066
2020-08-03 08:19:44,490 INFO Iter [4670/10000]  Loss: 0.6463  Time/Image: 0.5577  lr=0.019064
2020-08-03 08:21:35,122 INFO Iter [4680/10000]  Loss: 0.6444  Time/Image: 0.6373  lr=0.019062
2020-08-03 08:23:04,495 INFO Iter [4690/10000]  Loss: 0.6454  Time/Image: 0.5575  lr=0.019060
2020-08-03 08:24:51,028 INFO Iter [4700/10000]  Loss: 0.6420  Time/Image: 0.6141  lr=0.019058
2020-08-03 08:25:13,277 INFO Iter 4700 Val Loss: 0.7826
2020-08-03 08:25:13,281 INFO Overall Acc: 	: 0.7877006554822149
2020-08-03 08:25:13,284 INFO Mean Acc : 	: 0.6493490268686919
2020-08-03 08:25:13,290 INFO FreqW Acc : 	: 0.6322926149249982
2020-08-03 08:25:13,291 INFO Mean IoU : 	: 0.5351189127844169
2020-08-03 08:25:13,293 INFO 0: 0.30426541886202924
2020-08-03 08:25:13,294 INFO 1: 0.7659724067068047
2020-08-03 08:26:44,509 INFO Iter [4710/10000]  Loss: 0.6219  Time/Image: 0.5686  lr=0.019056
2020-08-03 08:28:30,032 INFO Iter [4720/10000]  Loss: 0.6276  Time/Image: 0.6066  lr=0.019054
2020-08-03 08:30:03,246 INFO Iter [4730/10000]  Loss: 0.6314  Time/Image: 0.5814  lr=0.019052
2020-08-03 08:31:32,633 INFO Iter [4740/10000]  Loss: 0.6296  Time/Image: 0.5576  lr=0.019050
2020-08-03 08:33:20,490 INFO Iter [4750/10000]  Loss: 0.6299  Time/Image: 0.6212  lr=0.019048
2020-08-03 08:33:42,865 INFO Iter 4750 Val Loss: 0.8614
2020-08-03 08:33:42,868 INFO Overall Acc: 	: 0.7457978089475614
2020-08-03 08:33:42,870 INFO Mean Acc : 	: 0.5857395474738809
2020-08-03 08:33:42,872 INFO FreqW Acc : 	: 0.5733528365799776
2020-08-03 08:33:42,874 INFO Mean IoU : 	: 0.45968972692852156
2020-08-03 08:33:42,876 INFO 0: 0.18966269888382134
2020-08-03 08:33:42,877 INFO 1: 0.7297167549732217
2020-08-03 08:35:13,370 INFO Iter [4760/10000]  Loss: 0.6480  Time/Image: 0.5640  lr=0.019046
2020-08-03 08:37:01,863 INFO Iter [4770/10000]  Loss: 0.6538  Time/Image: 0.6242  lr=0.019044
