2020-08-04 03:36:31,766 INFO Let the games begin
2020-08-04 03:36:31,967 INFO Using hflip aug with params 0.5
2020-08-04 03:36:31,969 INFO Using rscale_crop aug with params [1024, 1024]
2020-08-04 03:36:36,523 INFO Loading model and optimizer from checkpoint './runs_camvid/hardnet/cur/hardnet_camvid_checkpoint1.pkl'
2020-08-04 03:39:19,264 INFO Loaded checkpoint './runs_camvid/hardnet/cur/hardnet_camvid_checkpoint1.pkl' (iter 600)
2020-08-04 03:43:13,482 INFO Iter [610/10000]  Loss: 0.6320  Time/Image: 1.0701  lr=0.019878
2020-08-04 03:46:01,156 INFO Iter [620/10000]  Loss: 0.6239  Time/Image: 1.0467  lr=0.019876
2020-08-04 03:49:04,287 INFO Iter [630/10000]  Loss: 0.6282  Time/Image: 1.0874  lr=0.019874
2020-08-04 03:51:47,493 INFO Iter [640/10000]  Loss: 0.6259  Time/Image: 1.0187  lr=0.019872
2020-08-04 03:54:49,566 INFO Iter [650/10000]  Loss: 0.6309  Time/Image: 1.0775  lr=0.019870
2020-08-04 03:55:33,365 INFO Iter 650 Val Loss: 0.6834
2020-08-04 03:55:33,370 INFO Overall Acc: 	: 0.9838630477631096
2020-08-04 03:55:33,374 INFO Mean Acc : 	: 0.9836023978227937
2020-08-04 03:55:33,380 INFO FreqW Acc : 	: 0.9684387245589167
2020-08-04 03:55:33,383 INFO Mean IoU : 	: 0.9618932183001555
2020-08-04 03:55:33,384 INFO 0: 0.9463431985310228
2020-08-04 03:55:33,386 INFO 1: 0.9774432380692882
2020-08-04 03:58:22,460 INFO Iter [660/10000]  Loss: 0.6226  Time/Image: 1.0391  lr=0.019868
2020-08-04 04:01:05,466 INFO Iter [670/10000]  Loss: 0.6259  Time/Image: 1.0175  lr=0.019866
2020-08-04 04:04:13,014 INFO Iter [680/10000]  Loss: 0.6281  Time/Image: 1.1126  lr=0.019864
2020-08-04 04:07:02,104 INFO Iter [690/10000]  Loss: 0.6248  Time/Image: 1.0556  lr=0.019862
2020-08-04 04:10:09,759 INFO Iter [700/10000]  Loss: 0.6263  Time/Image: 1.1117  lr=0.019860
2020-08-04 04:10:36,945 INFO Iter 700 Val Loss: 0.8021
2020-08-04 04:10:36,951 INFO Overall Acc: 	: 0.9712473070223689
2020-08-04 04:10:36,954 INFO Mean Acc : 	: 0.9525114363255771
2020-08-04 04:10:36,960 INFO FreqW Acc : 	: 0.9437422517598506
2020-08-04 04:10:36,962 INFO Mean IoU : 	: 0.9312029522928064
2020-08-04 04:10:36,963 INFO 0: 0.9014136056945006
2020-08-04 04:10:36,967 INFO 1: 0.9609922988911122
2020-08-04 04:13:21,746 INFO Iter [710/10000]  Loss: 0.6330  Time/Image: 1.0276  lr=0.019858
2020-08-04 04:16:27,362 INFO Iter [720/10000]  Loss: 0.6278  Time/Image: 1.0989  lr=0.019856
2020-08-04 04:19:13,738 INFO Iter [730/10000]  Loss: 0.6331  Time/Image: 1.0386  lr=0.019854
2020-08-04 04:22:19,399 INFO Iter [740/10000]  Loss: 0.6326  Time/Image: 1.1019  lr=0.019852
2020-08-04 04:25:06,022 INFO Iter [750/10000]  Loss: 0.6321  Time/Image: 1.0400  lr=0.019850
2020-08-04 04:25:32,587 INFO Iter 750 Val Loss: 0.7224
2020-08-04 04:25:32,591 INFO Overall Acc: 	: 0.9702456912357903
2020-08-04 04:25:32,595 INFO Mean Acc : 	: 0.9679074054909507
2020-08-04 04:25:32,598 INFO FreqW Acc : 	: 0.9427600898839341
2020-08-04 04:25:32,601 INFO Mean IoU : 	: 0.9311347293428354
2020-08-04 04:25:32,604 INFO 0: 0.9035166079797378
2020-08-04 04:25:32,609 INFO 1: 0.958752850705933
2020-08-04 04:28:16,043 INFO Iter [760/10000]  Loss: 0.6438  Time/Image: 1.0190  lr=0.019848
2020-08-04 04:31:21,399 INFO Iter [770/10000]  Loss: 0.6218  Time/Image: 1.0983  lr=0.019846
2020-08-04 04:34:05,852 INFO Iter [780/10000]  Loss: 0.6289  Time/Image: 1.0265  lr=0.019844
2020-08-04 04:37:11,320 INFO Iter [790/10000]  Loss: 0.6266  Time/Image: 1.0983  lr=0.019842
2020-08-04 04:39:56,650 INFO Iter [800/10000]  Loss: 0.6271  Time/Image: 1.0319  lr=0.019840
2020-08-04 04:40:22,907 INFO Iter 800 Val Loss: 0.7344
2020-08-04 04:40:22,911 INFO Overall Acc: 	: 0.9842443046387972
2020-08-04 04:40:22,913 INFO Mean Acc : 	: 0.9815820365898273
2020-08-04 04:40:22,920 INFO FreqW Acc : 	: 0.9690999652169929
2020-08-04 04:40:22,926 INFO Mean IoU : 	: 0.9625978250764278
2020-08-04 04:40:22,928 INFO 0: 0.9471508292703927
2020-08-04 04:40:22,929 INFO 1: 0.9780448208824628
2020-08-04 04:43:31,603 INFO Iter [810/10000]  Loss: 0.6318  Time/Image: 1.1149  lr=0.019838
2020-08-04 04:46:21,893 INFO Iter [820/10000]  Loss: 0.6278  Time/Image: 1.0629  lr=0.019836
2020-08-04 04:49:06,414 INFO Iter [830/10000]  Loss: 0.6332  Time/Image: 1.0269  lr=0.019834
2020-08-04 04:52:12,389 INFO Iter [840/10000]  Loss: 0.6309  Time/Image: 1.1039  lr=0.019832
2020-08-04 04:54:57,363 INFO Iter [850/10000]  Loss: 0.6353  Time/Image: 1.0298  lr=0.019830
2020-08-04 04:55:23,643 INFO Iter 850 Val Loss: 0.6854
2020-08-04 04:55:23,648 INFO Overall Acc: 	: 0.9814216057022369
2020-08-04 04:55:23,651 INFO Mean Acc : 	: 0.9718877757772106
2020-08-04 04:55:23,657 INFO FreqW Acc : 	: 0.963465497082562
2020-08-04 04:55:23,659 INFO Mean IoU : 	: 0.9555313013708331
2020-08-04 04:55:23,661 INFO 0: 0.9366822016538454
2020-08-04 04:55:23,663 INFO 1: 0.9743804010878206
2020-08-04 04:58:33,374 INFO Iter [860/10000]  Loss: 0.6199  Time/Image: 1.1222  lr=0.019828
2020-08-04 05:01:16,741 INFO Iter [870/10000]  Loss: 0.6316  Time/Image: 1.0197  lr=0.019826
2020-08-04 05:04:18,522 INFO Iter [880/10000]  Loss: 0.6294  Time/Image: 1.0779  lr=0.019824
2020-08-04 05:07:03,405 INFO Iter [890/10000]  Loss: 0.6312  Time/Image: 1.0291  lr=0.019822
2020-08-04 05:09:45,548 INFO Iter [900/10000]  Loss: 0.6285  Time/Image: 1.0121  lr=0.019820
2020-08-04 05:10:11,647 INFO Iter 900 Val Loss: 0.6608
2020-08-04 05:10:11,654 INFO Overall Acc: 	: 0.9830325220022003
2020-08-04 05:10:11,657 INFO Mean Acc : 	: 0.9815589907051132
2020-08-04 05:10:11,661 INFO FreqW Acc : 	: 0.9668154672486038
2020-08-04 05:10:11,663 INFO Mean IoU : 	: 0.9598995979212113
2020-08-04 05:10:11,668 INFO 0: 0.9434697145003914
2020-08-04 05:10:11,672 INFO 1: 0.9763294813420312
2020-08-04 05:13:18,975 INFO Iter [910/10000]  Loss: 0.6354  Time/Image: 1.1072  lr=0.019818
2020-08-04 05:16:02,240 INFO Iter [920/10000]  Loss: 0.6278  Time/Image: 1.0191  lr=0.019816
2020-08-04 05:19:09,732 INFO Iter [930/10000]  Loss: 0.6273  Time/Image: 1.1132  lr=0.019814
2020-08-04 05:21:58,993 INFO Iter [940/10000]  Loss: 0.6304  Time/Image: 1.0566  lr=0.019812
2020-08-04 05:25:05,828 INFO Iter [950/10000]  Loss: 0.6297  Time/Image: 1.1085  lr=0.019810
2020-08-04 05:25:33,377 INFO Iter 950 Val Loss: 0.6592
2020-08-04 05:25:33,380 INFO Overall Acc: 	: 0.986901242207554
2020-08-04 05:25:33,385 INFO Mean Acc : 	: 0.9827009199221313
2020-08-04 05:25:33,392 INFO FreqW Acc : 	: 0.9741776373859141
2020-08-04 05:25:33,396 INFO Mean IoU : 	: 0.9686616610745307
2020-08-04 05:25:33,397 INFO 0: 0.9555574736675941
2020-08-04 05:25:33,401 INFO 1: 0.9817658484814671
2020-08-04 05:28:18,343 INFO Iter [960/10000]  Loss: 0.6324  Time/Image: 1.0278  lr=0.019808
2020-08-04 05:31:19,919 INFO Iter [970/10000]  Loss: 0.6334  Time/Image: 1.0729  lr=0.019806
2020-08-04 05:34:09,665 INFO Iter [980/10000]  Loss: 0.6310  Time/Image: 1.0596  lr=0.019804
2020-08-04 05:36:59,685 INFO Iter [990/10000]  Loss: 0.6279  Time/Image: 1.0613  lr=0.019802
2020-08-04 05:40:01,781 INFO Iter [1000/10000]  Loss: 0.6286  Time/Image: 1.0788  lr=0.019800
2020-08-04 05:40:28,549 INFO Iter 1000 Val Loss: 0.7342
2020-08-04 05:40:28,554 INFO Overall Acc: 	: 0.9840501810597726
2020-08-04 05:40:28,560 INFO Mean Acc : 	: 0.9768986695621613
2020-08-04 05:40:28,563 INFO FreqW Acc : 	: 0.9685924273248162
2020-08-04 05:40:28,568 INFO Mean IoU : 	: 0.9618185556312907
2020-08-04 05:40:28,571 INFO 0: 0.9457260129640368
2020-08-04 05:40:28,574 INFO 1: 0.9779110982985446
2020-08-04 05:43:09,763 INFO Iter [1010/10000]  Loss: 0.6210  Time/Image: 1.0050  lr=0.019798
2020-08-04 05:46:11,463 INFO Iter [1020/10000]  Loss: 0.6277  Time/Image: 1.0765  lr=0.019796
2020-08-04 05:48:55,501 INFO Iter [1030/10000]  Loss: 0.6264  Time/Image: 1.0239  lr=0.019794
2020-08-04 05:52:02,161 INFO Iter [1040/10000]  Loss: 0.6273  Time/Image: 1.1044  lr=0.019792
2020-08-04 05:54:50,327 INFO Iter [1050/10000]  Loss: 0.6264  Time/Image: 1.0496  lr=0.019790
2020-08-04 05:55:16,900 INFO Iter 1050 Val Loss: 0.7238
2020-08-04 05:55:16,905 INFO Overall Acc: 	: 0.9889120943344334
2020-08-04 05:55:16,911 INFO Mean Acc : 	: 0.9835889966009164
2020-08-04 05:55:16,913 INFO FreqW Acc : 	: 0.9780554499967453
2020-08-04 05:55:16,917 INFO Mean IoU : 	: 0.9733154841174982
2020-08-04 05:55:16,920 INFO 0: 0.962054848161548
2020-08-04 05:55:16,922 INFO 1: 0.9845761200734486
2020-08-04 05:58:03,683 INFO Iter [1060/10000]  Loss: 0.6606  Time/Image: 1.0392  lr=0.019788
2020-08-04 06:01:13,452 INFO Iter [1070/10000]  Loss: 0.6391  Time/Image: 1.1237  lr=0.019786
2020-08-04 06:03:59,222 INFO Iter [1080/10000]  Loss: 0.6388  Time/Image: 1.0348  lr=0.019784
2020-08-04 06:07:04,622 INFO Iter [1090/10000]  Loss: 0.6354  Time/Image: 1.0994  lr=0.019782
2020-08-04 06:09:50,401 INFO Iter [1100/10000]  Loss: 0.6330  Time/Image: 1.0348  lr=0.019780
2020-08-04 06:10:16,975 INFO Iter 1100 Val Loss: 0.7928
2020-08-04 06:10:16,985 INFO Overall Acc: 	: 0.9858960739823982
2020-08-04 06:10:16,987 INFO Mean Acc : 	: 0.9782772351769198
2020-08-04 06:10:16,990 INFO FreqW Acc : 	: 0.9721416595007235
2020-08-04 06:10:16,993 INFO Mean IoU : 	: 0.9660910361171517
2020-08-04 06:10:16,996 INFO 0: 0.9517166990512933
2020-08-04 06:10:16,999 INFO 1: 0.9804653731830102
2020-08-04 06:13:22,400 INFO Iter [1110/10000]  Loss: 0.6262  Time/Image: 1.0989  lr=0.019778
2020-08-04 06:16:10,537 INFO Iter [1120/10000]  Loss: 0.6232  Time/Image: 1.0495  lr=0.019776
2020-08-04 06:18:54,775 INFO Iter [1130/10000]  Loss: 0.6268  Time/Image: 1.0252  lr=0.019774
2020-08-04 06:22:02,217 INFO Iter [1140/10000]  Loss: 0.6308  Time/Image: 1.1103  lr=0.019772
2020-08-04 06:24:46,636 INFO Iter [1150/10000]  Loss: 0.6274  Time/Image: 1.0264  lr=0.019770
2020-08-04 06:25:12,893 INFO Iter 1150 Val Loss: 0.6541
2020-08-04 06:25:12,903 INFO Overall Acc: 	: 0.9894607742024203
2020-08-04 06:25:12,904 INFO Mean Acc : 	: 0.9867962937587945
2020-08-04 06:25:12,908 INFO FreqW Acc : 	: 0.9791795998011554
2020-08-04 06:25:12,912 INFO Mean IoU : 	: 0.974743015012614
2020-08-04 06:25:12,917 INFO 0: 0.9642031150504203
2020-08-04 06:25:12,920 INFO 1: 0.9852829149748075
2020-08-04 06:28:20,108 INFO Iter [1160/10000]  Loss: 0.6386  Time/Image: 1.1079  lr=0.019768
2020-08-04 06:31:05,795 INFO Iter [1170/10000]  Loss: 0.6324  Time/Image: 1.0343  lr=0.019766
2020-08-04 06:34:11,268 INFO Iter [1180/10000]  Loss: 0.6351  Time/Image: 1.0993  lr=0.019764
2020-08-04 06:36:56,693 INFO Iter [1190/10000]  Loss: 0.6297  Time/Image: 1.0326  lr=0.019762
2020-08-04 06:39:57,221 INFO Iter [1200/10000]  Loss: 0.6322  Time/Image: 1.0668  lr=0.019760
2020-08-04 06:40:24,635 INFO Iter 1200 Val Loss: 0.7325
2020-08-04 06:40:24,638 INFO Overall Acc: 	: 0.9862554432526586
2020-08-04 06:40:24,647 INFO Mean Acc : 	: 0.9797017440807072
2020-08-04 06:40:24,648 INFO FreqW Acc : 	: 0.9728665539930372
2020-08-04 06:40:24,650 INFO Mean IoU : 	: 0.9670030317218423
2020-08-04 06:40:24,652 INFO 0: 0.9530731867825317
2020-08-04 06:40:24,654 INFO 1: 0.980932876661153
2020-08-04 06:43:12,185 INFO Iter [1210/10000]  Loss: 0.6098  Time/Image: 1.0445  lr=0.019758
2020-08-04 06:45:57,330 INFO Iter [1220/10000]  Loss: 0.6206  Time/Image: 1.0308  lr=0.019756
2020-08-04 06:49:04,382 INFO Iter [1230/10000]  Loss: 0.6259  Time/Image: 1.1093  lr=0.019754
2020-08-04 06:51:52,003 INFO Iter [1240/10000]  Loss: 0.6250  Time/Image: 1.0462  lr=0.019752
2020-08-04 06:54:59,640 INFO Iter [1250/10000]  Loss: 0.6287  Time/Image: 1.1126  lr=0.019750
2020-08-04 06:55:27,160 INFO Iter 1250 Val Loss: 0.7177
2020-08-04 06:55:27,164 INFO Overall Acc: 	: 0.98025749449945
2020-08-04 06:55:27,169 INFO Mean Acc : 	: 0.9695044908803678
2020-08-04 06:55:27,173 INFO FreqW Acc : 	: 0.9611927216055574
2020-08-04 06:55:27,177 INFO Mean IoU : 	: 0.9527317054419644
2020-08-04 06:55:27,178 INFO 0: 0.9326310496012163
2020-08-04 06:55:27,180 INFO 1: 0.9728323612827126
2020-08-04 06:58:11,362 INFO Iter [1260/10000]  Loss: 0.6189  Time/Image: 1.0234  lr=0.019748
2020-08-04 07:01:13,288 INFO Iter [1270/10000]  Loss: 0.6246  Time/Image: 1.0806  lr=0.019746
2020-08-04 07:03:59,483 INFO Iter [1280/10000]  Loss: 0.6309  Time/Image: 1.0373  lr=0.019744
2020-08-04 07:06:42,014 INFO Iter [1290/10000]  Loss: 0.6279  Time/Image: 1.0145  lr=0.019742
2020-08-04 07:09:45,288 INFO Iter [1300/10000]  Loss: 0.6292  Time/Image: 1.0851  lr=0.019740
2020-08-04 07:10:12,239 INFO Iter 1300 Val Loss: 0.7457
2020-08-04 07:10:12,244 INFO Overall Acc: 	: 0.9821943756875687
2020-08-04 07:10:12,250 INFO Mean Acc : 	: 0.9748466331700951
2020-08-04 07:10:12,254 INFO FreqW Acc : 	: 0.9650227417423693
2020-08-04 07:10:12,255 INFO Mean IoU : 	: 0.9575041793183389
2020-08-04 07:10:12,257 INFO 0: 0.9396424907480099
2020-08-04 07:10:12,259 INFO 1: 0.9753658678886679
2020-08-04 07:12:54,051 INFO Iter [1310/10000]  Loss: 0.6234  Time/Image: 1.0087  lr=0.019738
2020-08-04 07:15:56,093 INFO Iter [1320/10000]  Loss: 0.6326  Time/Image: 1.0772  lr=0.019736
2020-08-04 07:18:41,096 INFO Iter [1330/10000]  Loss: 0.6292  Time/Image: 1.0300  lr=0.019734
2020-08-04 07:21:48,937 INFO Iter [1340/10000]  Loss: 0.6305  Time/Image: 1.1103  lr=0.019732
2020-08-04 07:24:38,387 INFO Iter [1350/10000]  Loss: 0.6297  Time/Image: 1.0577  lr=0.019730
2020-08-04 07:25:05,470 INFO Iter 1350 Val Loss: 0.7615
2020-08-04 07:25:05,476 INFO Overall Acc: 	: 0.9781891157865786
2020-08-04 07:25:05,479 INFO Mean Acc : 	: 0.9708580390503165
2020-08-04 07:25:05,486 INFO FreqW Acc : 	: 0.9573943679010946
2020-08-04 07:25:05,489 INFO Mean IoU : 	: 0.9483240310076323
2020-08-04 07:25:05,491 INFO 0: 0.9267758248903064
2020-08-04 07:25:05,493 INFO 1: 0.9698722371249582
2020-08-04 07:27:49,039 INFO Iter [1360/10000]  Loss: 0.6327  Time/Image: 1.0197  lr=0.019728
2020-08-04 07:30:54,574 INFO Iter [1370/10000]  Loss: 0.6218  Time/Image: 1.1005  lr=0.019726
2020-08-04 07:33:37,329 INFO Iter [1380/10000]  Loss: 0.6251  Time/Image: 1.0159  lr=0.019724
2020-08-04 07:36:44,164 INFO Iter [1390/10000]  Loss: 0.6253  Time/Image: 1.1051  lr=0.019722
2020-08-04 07:39:28,085 INFO Iter [1400/10000]  Loss: 0.6259  Time/Image: 1.0232  lr=0.019720
2020-08-04 07:39:54,902 INFO Iter 1400 Val Loss: 0.6716
2020-08-04 07:39:54,908 INFO Overall Acc: 	: 0.9871503139897323
2020-08-04 07:39:54,913 INFO Mean Acc : 	: 0.9815363003602509
2020-08-04 07:39:54,915 INFO FreqW Acc : 	: 0.9746246635042568
2020-08-04 07:39:54,918 INFO Mean IoU : 	: 0.9691579396201198
2020-08-04 07:39:54,919 INFO 0: 0.9561707601552862
2020-08-04 07:39:54,921 INFO 1: 0.9821451190849532
2020-08-04 07:43:01,652 INFO Iter [1410/10000]  Loss: 0.6349  Time/Image: 1.1049  lr=0.019718
2020-08-04 07:45:51,210 INFO Iter [1420/10000]  Loss: 0.6248  Time/Image: 1.0584  lr=0.019716
2020-08-04 07:48:52,247 INFO Iter [1430/10000]  Loss: 0.6236  Time/Image: 1.0703  lr=0.019714
2020-08-04 07:51:38,703 INFO Iter [1440/10000]  Loss: 0.6294  Time/Image: 1.0389  lr=0.019712
2020-08-04 07:54:21,589 INFO Iter [1450/10000]  Loss: 0.6291  Time/Image: 1.0168  lr=0.019710
2020-08-04 07:54:47,647 INFO Iter 1450 Val Loss: 0.7022
2020-08-04 07:54:47,652 INFO Overall Acc: 	: 0.9758242803447011
2020-08-04 07:54:47,659 INFO Mean Acc : 	: 0.9617008622279253
2020-08-04 07:54:47,662 INFO FreqW Acc : 	: 0.9526146553282366
2020-08-04 07:54:47,665 INFO Mean IoU : 	: 0.942201306177516
2020-08-04 07:54:47,666 INFO 0: 0.917462534453045
2020-08-04 07:54:47,668 INFO 1: 0.9669400779019869
2020-08-04 07:57:51,796 INFO Iter [1460/10000]  Loss: 0.6187  Time/Image: 1.0884  lr=0.019708
2020-08-04 08:00:33,281 INFO Iter [1470/10000]  Loss: 0.6363  Time/Image: 1.0080  lr=0.019706
2020-08-04 08:03:35,353 INFO Iter [1480/10000]  Loss: 0.6312  Time/Image: 1.0774  lr=0.019704
2020-08-04 08:06:17,636 INFO Iter [1490/10000]  Loss: 0.6327  Time/Image: 1.0130  lr=0.019702
2020-08-04 08:09:19,248 INFO Iter [1500/10000]  Loss: 0.6312  Time/Image: 1.0746  lr=0.019700
2020-08-04 08:09:47,751 INFO Iter 1500 Val Loss: 0.6891
2020-08-04 08:09:47,754 INFO Overall Acc: 	: 0.9874331912357902
2020-08-04 08:09:47,764 INFO Mean Acc : 	: 0.9834763906198734
2020-08-04 08:09:47,767 INFO FreqW Acc : 	: 0.9752136505334816
2020-08-04 08:09:47,772 INFO Mean IoU : 	: 0.9699194297703564
2020-08-04 08:09:47,775 INFO 0: 0.9573420622949895
2020-08-04 08:09:47,777 INFO 1: 0.9824967972457231
2020-08-04 08:12:38,145 INFO Iter [1510/10000]  Loss: 0.6286  Time/Image: 1.0623  lr=0.019698
2020-08-04 08:15:26,017 INFO Iter [1520/10000]  Loss: 0.6204  Time/Image: 1.0479  lr=0.019696
2020-08-04 08:18:35,780 INFO Iter [1530/10000]  Loss: 0.6249  Time/Image: 1.1290  lr=0.019694
2020-08-04 08:21:18,968 INFO Iter [1540/10000]  Loss: 0.6244  Time/Image: 1.0186  lr=0.019692
2020-08-04 08:24:22,302 INFO Iter [1550/10000]  Loss: 0.6224  Time/Image: 1.0856  lr=0.019690
2020-08-04 08:24:49,899 INFO Iter 1550 Val Loss: 0.6454
2020-08-04 08:24:49,903 INFO Overall Acc: 	: 0.9905287976714338
2020-08-04 08:24:49,909 INFO Mean Acc : 	: 0.9882698823923433
2020-08-04 08:24:49,913 INFO FreqW Acc : 	: 0.9812687495384267
2020-08-04 08:24:49,917 INFO Mean IoU : 	: 0.9772761602458238
2020-08-04 08:24:49,921 INFO 0: 0.967791050924157
2020-08-04 08:24:49,924 INFO 1: 0.9867612695674906
2020-08-04 08:27:37,734 INFO Iter [1560/10000]  Loss: 0.6194  Time/Image: 1.0457  lr=0.019688
2020-08-04 08:30:41,316 INFO Iter [1570/10000]  Loss: 0.6247  Time/Image: 1.0815  lr=0.019686
2020-08-04 08:33:28,845 INFO Iter [1580/10000]  Loss: 0.6307  Time/Image: 1.0458  lr=0.019684
2020-08-04 08:36:18,504 INFO Iter [1590/10000]  Loss: 0.6344  Time/Image: 1.0590  lr=0.019682
2020-08-04 08:39:26,997 INFO Iter [1600/10000]  Loss: 0.6320  Time/Image: 1.1063  lr=0.019680
2020-08-04 08:39:54,128 INFO Iter 1600 Val Loss: 0.7582
2020-08-04 08:39:54,132 INFO Overall Acc: 	: 0.9888271795929593
2020-08-04 08:39:54,134 INFO Mean Acc : 	: 0.9851052221773078
2020-08-04 08:39:54,141 INFO FreqW Acc : 	: 0.9779249140602144
2020-08-04 08:39:54,143 INFO Mean IoU : 	: 0.9732001829051115
2020-08-04 08:39:54,146 INFO 0: 0.9619757397587392
2020-08-04 08:39:54,148 INFO 1: 0.9844246260514837
2020-08-04 08:42:37,564 INFO Iter [1610/10000]  Loss: 0.6217  Time/Image: 1.0189  lr=0.019678
2020-08-04 08:45:42,532 INFO Iter [1620/10000]  Loss: 0.6227  Time/Image: 1.0941  lr=0.019676
2020-08-04 08:48:25,409 INFO Iter [1630/10000]  Loss: 0.6239  Time/Image: 1.0167  lr=0.019674
2020-08-04 08:51:28,841 INFO Iter [1640/10000]  Loss: 0.6243  Time/Image: 1.0851  lr=0.019672
2020-08-04 08:54:13,681 INFO Iter [1650/10000]  Loss: 0.6230  Time/Image: 1.0288  lr=0.019670
2020-08-04 08:54:40,299 INFO Iter 1650 Val Loss: 0.6897
2020-08-04 08:54:40,304 INFO Overall Acc: 	: 0.9905157338650532
2020-08-04 08:54:40,309 INFO Mean Acc : 	: 0.9878482110274315
2020-08-04 08:54:40,313 INFO FreqW Acc : 	: 0.9812358132577885
2020-08-04 08:54:40,315 INFO Mean IoU : 	: 0.977227128566267
2020-08-04 08:54:40,318 INFO 0: 0.9677037817482964
2020-08-04 08:54:40,320 INFO 1: 0.9867504753842375
