2020-08-08 04:41:19,827 INFO Let the games begin
2020-08-08 04:42:08,936 INFO Let the games begin
2020-08-08 04:42:40,208 INFO Using hflip aug with params 0.5
2020-08-08 04:42:40,210 INFO Using rscale_crop aug with params [1024, 1024]
2020-08-08 04:45:04,326 INFO Iter [10/10000]  Loss: 2.3897  Time/Image: 1.8812  lr=0.019998
2020-08-08 04:47:29,775 INFO Iter [20/10000]  Loss: 2.3733  Time/Image: 1.8153  lr=0.019996
2020-08-08 04:49:50,006 INFO Iter [30/10000]  Loss: 2.0101  Time/Image: 1.7502  lr=0.019994
2020-08-08 04:52:19,451 INFO Iter [40/10000]  Loss: 1.6621  Time/Image: 1.8374  lr=0.019992
2020-08-08 04:54:43,707 INFO Iter [50/10000]  Loss: 1.5683  Time/Image: 1.8000  lr=0.019990
2020-08-08 04:57:53,517 INFO Iter 50 Val Loss: 1.0658
2020-08-08 04:57:53,521 INFO Overall Acc: 	: 0.9841650354451147
2020-08-08 04:57:53,528 INFO Mean Acc : 	: 0.5005101823609726
2020-08-08 04:57:53,530 INFO FreqW Acc : 	: 0.9688616297402723
2020-08-08 04:57:53,534 INFO Mean IoU : 	: 0.49272583978675516
2020-08-08 04:57:53,536 INFO 0: 0.9841647123206565
2020-08-08 04:57:53,538 INFO 1: 0.0012869672528538058
2020-08-08 05:00:20,352 INFO Iter [60/10000]  Loss: 0.6843  Time/Image: 1.8002  lr=0.019988
2020-08-08 05:02:45,932 INFO Iter [70/10000]  Loss: 0.6813  Time/Image: 1.8166  lr=0.019986
2020-08-08 05:05:11,187 INFO Iter [80/10000]  Loss: 0.6819  Time/Image: 1.8126  lr=0.019984
2020-08-08 05:07:37,608 INFO Iter [90/10000]  Loss: 0.6616  Time/Image: 1.7939  lr=0.019982
2020-08-08 05:10:03,054 INFO Iter [100/10000]  Loss: 0.6425  Time/Image: 1.8149  lr=0.019980
2020-08-08 05:13:07,923 INFO Iter 100 Val Loss: 1.0088
2020-08-08 05:13:07,927 INFO Overall Acc: 	: 0.9844303295530122
2020-08-08 05:13:07,932 INFO Mean Acc : 	: 0.5
2020-08-08 05:13:07,935 INFO FreqW Acc : 	: 0.9691030737438523
2020-08-08 05:13:07,938 INFO Mean IoU : 	: 0.4922151647765061
2020-08-08 05:13:07,941 INFO 0: 0.9844303295530122
2020-08-08 05:13:07,943 INFO 1: 0.0
2020-08-08 05:15:32,198 INFO Iter [110/10000]  Loss: 0.6633  Time/Image: 1.7990  lr=0.019978
2020-08-08 05:17:57,817 INFO Iter [120/10000]  Loss: 0.6226  Time/Image: 1.7871  lr=0.019976
2020-08-08 05:20:22,599 INFO Iter [130/10000]  Loss: 0.6006  Time/Image: 1.8066  lr=0.019974
2020-08-08 05:22:46,502 INFO Iter [140/10000]  Loss: 0.6059  Time/Image: 1.7958  lr=0.019972
2020-08-08 05:25:12,694 INFO Iter [150/10000]  Loss: 0.5956  Time/Image: 1.7944  lr=0.019970
2020-08-08 05:28:17,040 INFO Iter 150 Val Loss: 1.0545
2020-08-08 05:28:17,043 INFO Overall Acc: 	: 0.9844303295530122
2020-08-08 05:28:17,050 INFO Mean Acc : 	: 0.5
2020-08-08 05:28:17,052 INFO FreqW Acc : 	: 0.9691030737438523
2020-08-08 05:28:17,056 INFO Mean IoU : 	: 0.4922151647765061
2020-08-08 05:28:17,058 INFO 0: 0.9844303295530122
2020-08-08 05:28:17,060 INFO 1: 0.0
2020-08-08 05:30:43,334 INFO Iter [160/10000]  Loss: 0.5695  Time/Image: 1.8240  lr=0.019968
2020-08-08 05:33:08,287 INFO Iter [170/10000]  Loss: 0.5897  Time/Image: 1.8089  lr=0.019966
2020-08-08 05:35:35,536 INFO Iter [180/10000]  Loss: 0.6113  Time/Image: 1.8043  lr=0.019964
2020-08-08 05:38:00,971 INFO Iter [190/10000]  Loss: 0.5992  Time/Image: 1.8146  lr=0.019962
2020-08-08 05:40:25,340 INFO Iter [200/10000]  Loss: 0.5981  Time/Image: 1.8016  lr=0.019960
2020-08-08 05:43:30,605 INFO Iter 200 Val Loss: 0.8366
2020-08-08 05:43:30,608 INFO Overall Acc: 	: 0.9844303295530122
2020-08-08 05:43:30,616 INFO Mean Acc : 	: 0.5
2020-08-08 05:43:30,617 INFO FreqW Acc : 	: 0.9691030737438523
2020-08-08 05:43:30,621 INFO Mean IoU : 	: 0.4922151647765061
2020-08-08 05:43:30,623 INFO 0: 0.9844303295530122
2020-08-08 05:43:30,625 INFO 1: 0.0
2020-08-08 05:45:59,077 INFO Iter [210/10000]  Loss: 0.5966  Time/Image: 1.8195  lr=0.019958
2020-08-08 05:48:25,381 INFO Iter [220/10000]  Loss: 0.5564  Time/Image: 1.8255  lr=0.019956
2020-08-08 05:50:49,939 INFO Iter [230/10000]  Loss: 0.5956  Time/Image: 1.8040  lr=0.019954
2020-08-08 05:53:19,675 INFO Iter [240/10000]  Loss: 0.5894  Time/Image: 1.8373  lr=0.019952
2020-08-08 05:55:47,669 INFO Iter [250/10000]  Loss: 0.6005  Time/Image: 1.8466  lr=0.019950
2020-08-08 05:58:55,174 INFO Iter 250 Val Loss: 0.3549
2020-08-08 05:58:55,180 INFO Overall Acc: 	: 0.9844303295530122
2020-08-08 05:58:55,183 INFO Mean Acc : 	: 0.5
2020-08-08 05:58:55,186 INFO FreqW Acc : 	: 0.9691030737438523
2020-08-08 05:58:55,189 INFO Mean IoU : 	: 0.4922151647765061
2020-08-08 05:58:55,191 INFO 0: 0.9844303295530122
2020-08-08 05:58:55,193 INFO 1: 0.0
2020-08-08 06:01:21,824 INFO Iter [260/10000]  Loss: 0.6924  Time/Image: 1.8287  lr=0.019948
2020-08-08 06:03:52,095 INFO Iter [270/10000]  Loss: 0.6387  Time/Image: 1.8413  lr=0.019946
2020-08-08 06:06:20,407 INFO Iter [280/10000]  Loss: 0.6186  Time/Image: 1.8506  lr=0.019944
2020-08-08 06:08:46,611 INFO Iter [290/10000]  Loss: 0.5999  Time/Image: 1.8246  lr=0.019942
2020-08-08 06:11:17,651 INFO Iter [300/10000]  Loss: 0.6026  Time/Image: 1.8522  lr=0.019940
2020-08-08 06:14:25,027 INFO Iter 300 Val Loss: 1.1539
2020-08-08 06:14:25,031 INFO Overall Acc: 	: 0.9844303295530122
2020-08-08 06:14:25,036 INFO Mean Acc : 	: 0.5
2020-08-08 06:14:25,041 INFO FreqW Acc : 	: 0.9691030737438523
2020-08-08 06:14:25,045 INFO Mean IoU : 	: 0.4922151647765061
2020-08-08 06:14:25,047 INFO 0: 0.9844303295530122
2020-08-08 06:14:25,049 INFO 1: 0.0
2020-08-08 06:16:52,813 INFO Iter [310/10000]  Loss: 0.6081  Time/Image: 1.8424  lr=0.019938
2020-08-08 06:19:16,661 INFO Iter [320/10000]  Loss: 0.5738  Time/Image: 1.7952  lr=0.019936
2020-08-08 06:21:47,924 INFO Iter [330/10000]  Loss: 0.5976  Time/Image: 1.8548  lr=0.019934
2020-08-08 06:24:14,468 INFO Iter [340/10000]  Loss: 0.5964  Time/Image: 1.8285  lr=0.019932
2020-08-08 06:26:42,101 INFO Iter [350/10000]  Loss: 0.5997  Time/Image: 1.8099  lr=0.019930
2020-08-08 06:29:48,744 INFO Iter 350 Val Loss: 1.1136
2020-08-08 06:29:48,749 INFO Overall Acc: 	: 0.9844303295530122
2020-08-08 06:29:48,752 INFO Mean Acc : 	: 0.5
2020-08-08 06:29:48,755 INFO FreqW Acc : 	: 0.9691030737438523
2020-08-08 06:29:48,758 INFO Mean IoU : 	: 0.4922151647765061
2020-08-08 06:29:48,760 INFO 0: 0.9844303295530122
2020-08-08 06:29:48,762 INFO 1: 0.0
2020-08-08 06:32:16,321 INFO Iter [360/10000]  Loss: 0.6180  Time/Image: 1.8398  lr=0.019928
2020-08-08 06:34:44,137 INFO Iter [370/10000]  Loss: 0.5784  Time/Image: 1.8443  lr=0.019926
2020-08-08 06:37:12,086 INFO Iter [380/10000]  Loss: 0.5793  Time/Image: 1.8163  lr=0.019924
2020-08-08 06:39:39,639 INFO Iter [390/10000]  Loss: 0.5896  Time/Image: 1.8410  lr=0.019922
2020-08-08 06:42:06,617 INFO Iter [400/10000]  Loss: 0.5887  Time/Image: 1.8339  lr=0.019920
2020-08-08 06:45:13,958 INFO Iter 400 Val Loss: 1.1100
2020-08-08 06:45:13,962 INFO Overall Acc: 	: 0.9844303295530122
2020-08-08 06:45:13,966 INFO Mean Acc : 	: 0.5
2020-08-08 06:45:13,971 INFO FreqW Acc : 	: 0.9691030737438523
2020-08-08 06:45:13,974 INFO Mean IoU : 	: 0.4922151647765061
2020-08-08 06:45:13,976 INFO 0: 0.9844303295530122
2020-08-08 06:45:13,978 INFO 1: 0.0
2020-08-08 06:47:42,654 INFO Iter [410/10000]  Loss: 0.6137  Time/Image: 1.8212  lr=0.019918
2020-08-08 06:50:09,650 INFO Iter [420/10000]  Loss: 0.6156  Time/Image: 1.8340  lr=0.019916
2020-08-08 06:52:36,195 INFO Iter [430/10000]  Loss: 0.6077  Time/Image: 1.8286  lr=0.019914
2020-08-08 06:55:04,150 INFO Iter [440/10000]  Loss: 0.5972  Time/Image: 1.8159  lr=0.019912
2020-08-08 06:57:30,369 INFO Iter [450/10000]  Loss: 0.5964  Time/Image: 1.8244  lr=0.019910
2020-08-08 07:00:36,307 INFO Iter 450 Val Loss: 1.2818
2020-08-08 07:00:36,311 INFO Overall Acc: 	: 0.9844303295530122
2020-08-08 07:00:36,314 INFO Mean Acc : 	: 0.5
2020-08-08 07:00:36,318 INFO FreqW Acc : 	: 0.9691030737438523
2020-08-08 07:00:36,321 INFO Mean IoU : 	: 0.4922151647765061
2020-08-08 07:00:36,324 INFO 0: 0.9844303295530122
2020-08-08 07:00:36,326 INFO 1: 0.0
2020-08-08 07:03:01,864 INFO Iter [460/10000]  Loss: 0.6423  Time/Image: 1.8148  lr=0.019908
2020-08-08 07:05:29,191 INFO Iter [470/10000]  Loss: 0.6304  Time/Image: 1.8067  lr=0.019906
2020-08-08 07:07:55,174 INFO Iter [480/10000]  Loss: 0.6156  Time/Image: 1.8215  lr=0.019904
2020-08-08 07:10:20,287 INFO Iter [490/10000]  Loss: 0.6117  Time/Image: 1.8108  lr=0.019902
2020-08-08 07:12:48,142 INFO Iter [500/10000]  Loss: 0.6158  Time/Image: 1.8107  lr=0.019900
2020-08-08 07:15:54,950 INFO Iter 500 Val Loss: 0.3949
2020-08-08 07:15:54,959 INFO Overall Acc: 	: 0.9844303295530122
2020-08-08 07:15:54,961 INFO Mean Acc : 	: 0.5
2020-08-08 07:15:54,965 INFO FreqW Acc : 	: 0.9691030737438523
2020-08-08 07:15:54,968 INFO Mean IoU : 	: 0.4922151647765061
2020-08-08 07:15:54,970 INFO 0: 0.9844303295530122
2020-08-08 07:15:54,975 INFO 1: 0.0
2020-08-08 07:18:21,456 INFO Iter [510/10000]  Loss: 0.5624  Time/Image: 1.8265  lr=0.019898
2020-08-08 07:20:46,382 INFO Iter [520/10000]  Loss: 0.5980  Time/Image: 1.8084  lr=0.019896
2020-08-08 07:23:14,727 INFO Iter [530/10000]  Loss: 0.5865  Time/Image: 1.8188  lr=0.019894
2020-08-08 07:25:41,285 INFO Iter [540/10000]  Loss: 0.5957  Time/Image: 1.8286  lr=0.019892
2020-08-08 07:28:05,987 INFO Iter [550/10000]  Loss: 0.5885  Time/Image: 1.8058  lr=0.019890
2020-08-08 07:31:12,750 INFO Iter 550 Val Loss: 1.1250
2020-08-08 07:31:12,758 INFO Overall Acc: 	: 0.9844303295530122
2020-08-08 07:31:12,766 INFO Mean Acc : 	: 0.5
2020-08-08 07:31:12,768 INFO FreqW Acc : 	: 0.9691030737438523
2020-08-08 07:31:12,773 INFO Mean IoU : 	: 0.4922151647765061
2020-08-08 07:31:12,775 INFO 0: 0.9844303295530122
2020-08-08 07:31:12,777 INFO 1: 0.0
2020-08-08 07:33:41,275 INFO Iter [560/10000]  Loss: 0.6379  Time/Image: 1.8200  lr=0.019888
2020-08-08 07:36:06,744 INFO Iter [570/10000]  Loss: 0.6185  Time/Image: 1.8149  lr=0.019886
2020-08-08 07:38:29,409 INFO Iter [580/10000]  Loss: 0.6079  Time/Image: 1.7804  lr=0.019884
2020-08-08 07:40:57,041 INFO Iter [590/10000]  Loss: 0.6021  Time/Image: 1.8118  lr=0.019882
2020-08-08 07:43:21,652 INFO Iter [600/10000]  Loss: 0.6015  Time/Image: 1.8043  lr=0.019880
2020-08-08 07:46:26,029 INFO Iter 600 Val Loss: 0.9195
2020-08-08 07:46:26,035 INFO Overall Acc: 	: 0.9844303295530122
2020-08-08 07:46:26,038 INFO Mean Acc : 	: 0.5
2020-08-08 07:46:26,041 INFO FreqW Acc : 	: 0.9691030737438523
2020-08-08 07:46:26,045 INFO Mean IoU : 	: 0.4922151647765061
2020-08-08 07:46:26,049 INFO 0: 0.9844303295530122
2020-08-08 07:46:26,051 INFO 1: 0.0
2020-08-08 07:48:47,367 INFO Iter [610/10000]  Loss: 0.5824  Time/Image: 1.7623  lr=0.019878
2020-08-08 07:51:17,954 INFO Iter [620/10000]  Loss: 0.6100  Time/Image: 1.8451  lr=0.019876
2020-08-08 07:53:43,158 INFO Iter [630/10000]  Loss: 0.5966  Time/Image: 1.8116  lr=0.019874
2020-08-08 07:56:09,318 INFO Iter [640/10000]  Loss: 0.5874  Time/Image: 1.7889  lr=0.019872
2020-08-08 07:58:34,492 INFO Iter [650/10000]  Loss: 0.5965  Time/Image: 1.8115  lr=0.019870
2020-08-08 08:01:41,291 INFO Iter 650 Val Loss: 0.9934
2020-08-08 08:01:41,299 INFO Overall Acc: 	: 0.9844303295530122
2020-08-08 08:01:41,301 INFO Mean Acc : 	: 0.5
2020-08-08 08:01:41,307 INFO FreqW Acc : 	: 0.9691030737438523
2020-08-08 08:01:41,310 INFO Mean IoU : 	: 0.4922151647765061
2020-08-08 08:01:41,313 INFO 0: 0.9844303295530122
2020-08-08 08:01:41,315 INFO 1: 0.0
2020-08-08 08:04:06,758 INFO Iter [660/10000]  Loss: 0.6012  Time/Image: 1.8132  lr=0.019868
2020-08-08 08:06:32,452 INFO Iter [670/10000]  Loss: 0.5688  Time/Image: 1.7870  lr=0.019866
2020-08-08 08:08:57,060 INFO Iter [680/10000]  Loss: 0.6065  Time/Image: 1.8042  lr=0.019864
2020-08-08 08:11:21,625 INFO Iter [690/10000]  Loss: 0.5937  Time/Image: 1.8037  lr=0.019862
2020-08-08 08:13:46,873 INFO Iter [700/10000]  Loss: 0.5928  Time/Image: 1.7798  lr=0.019860
2020-08-08 08:16:50,441 INFO Iter 700 Val Loss: 0.3703
2020-08-08 08:16:50,446 INFO Overall Acc: 	: 0.9844303295530122
2020-08-08 08:16:50,449 INFO Mean Acc : 	: 0.5
2020-08-08 08:16:50,453 INFO FreqW Acc : 	: 0.9691030737438523
2020-08-08 08:16:50,457 INFO Mean IoU : 	: 0.4922151647765061
2020-08-08 08:16:50,462 INFO 0: 0.9844303295530122
2020-08-08 08:16:50,466 INFO 1: 0.0
2020-08-08 08:19:14,255 INFO Iter [710/10000]  Loss: 0.6454  Time/Image: 1.7929  lr=0.019858
2020-08-08 08:21:38,388 INFO Iter [720/10000]  Loss: 0.5823  Time/Image: 1.7982  lr=0.019856
2020-08-08 08:24:04,345 INFO Iter [730/10000]  Loss: 0.6088  Time/Image: 1.7905  lr=0.019854
2020-08-08 08:26:29,305 INFO Iter [740/10000]  Loss: 0.6078  Time/Image: 1.8085  lr=0.019852
2020-08-08 08:28:53,699 INFO Iter [750/10000]  Loss: 0.5978  Time/Image: 1.8016  lr=0.019850
2020-08-08 08:31:58,581 INFO Iter 750 Val Loss: 0.6995
2020-08-08 08:31:58,590 INFO Overall Acc: 	: 0.9844303295530122
2020-08-08 08:31:58,594 INFO Mean Acc : 	: 0.5
2020-08-08 08:31:58,597 INFO FreqW Acc : 	: 0.9691030737438523
2020-08-08 08:31:58,601 INFO Mean IoU : 	: 0.4922151647765061
2020-08-08 08:31:58,604 INFO 0: 0.9844303295530122
2020-08-08 08:31:58,606 INFO 1: 0.0
2020-08-08 08:34:24,731 INFO Iter [760/10000]  Loss: 0.5641  Time/Image: 1.7902  lr=0.019848
2020-08-08 08:36:50,119 INFO Iter [770/10000]  Loss: 0.6082  Time/Image: 1.8139  lr=0.019846
2020-08-08 08:39:12,810 INFO Iter [780/10000]  Loss: 0.6029  Time/Image: 1.7805  lr=0.019844
2020-08-08 08:41:34,749 INFO Iter [790/10000]  Loss: 0.6015  Time/Image: 1.7406  lr=0.019842
2020-08-08 08:43:54,841 INFO Iter [800/10000]  Loss: 0.5994  Time/Image: 1.7477  lr=0.019840
2020-08-08 08:46:52,852 INFO Iter 800 Val Loss: 0.6386
2020-08-08 08:46:52,859 INFO Overall Acc: 	: 0.9844303295530122
2020-08-08 08:46:52,863 INFO Mean Acc : 	: 0.5
2020-08-08 08:46:52,866 INFO FreqW Acc : 	: 0.9691030737438523
2020-08-08 08:46:52,873 INFO Mean IoU : 	: 0.4922151647765061
2020-08-08 08:46:52,875 INFO 0: 0.9844303295530122
2020-08-08 08:46:52,878 INFO 1: 0.0
2020-08-08 08:49:10,563 INFO Iter [810/10000]  Loss: 0.5785  Time/Image: 1.7168  lr=0.019838
2020-08-08 08:51:30,526 INFO Iter [820/10000]  Loss: 0.5733  Time/Image: 1.7155  lr=0.019836
2020-08-08 08:53:47,916 INFO Iter [830/10000]  Loss: 0.5909  Time/Image: 1.7142  lr=0.019834
2020-08-08 08:56:04,607 INFO Iter [840/10000]  Loss: 0.5872  Time/Image: 1.7056  lr=0.019832
2020-08-08 08:58:23,859 INFO Iter [850/10000]  Loss: 0.6001  Time/Image: 1.7060  lr=0.019830
2020-08-08 09:01:20,165 INFO Iter 850 Val Loss: 1.2353
2020-08-08 09:01:20,168 INFO Overall Acc: 	: 0.9844303295530122
2020-08-08 09:01:20,172 INFO Mean Acc : 	: 0.5
2020-08-08 09:01:20,176 INFO FreqW Acc : 	: 0.9691030737438523
2020-08-08 09:01:20,180 INFO Mean IoU : 	: 0.4922151647765061
2020-08-08 09:01:20,182 INFO 0: 0.9844303295530122
2020-08-08 09:01:20,184 INFO 1: 0.0
2020-08-08 09:03:37,575 INFO Iter [860/10000]  Loss: 0.5588  Time/Image: 1.7129  lr=0.019828
2020-08-08 09:05:52,708 INFO Iter [870/10000]  Loss: 0.5722  Time/Image: 1.6863  lr=0.019826
2020-08-08 09:08:12,329 INFO Iter [880/10000]  Loss: 0.5947  Time/Image: 1.7110  lr=0.019824
2020-08-08 09:10:29,612 INFO Iter [890/10000]  Loss: 0.5942  Time/Image: 1.7127  lr=0.019822
2020-08-08 09:12:43,417 INFO Iter [900/10000]  Loss: 0.5951  Time/Image: 1.6696  lr=0.019820
2020-08-08 09:15:39,701 INFO Iter 900 Val Loss: 0.6446
2020-08-08 09:15:39,709 INFO Overall Acc: 	: 0.9844303295530122
2020-08-08 09:15:39,715 INFO Mean Acc : 	: 0.5
2020-08-08 09:15:39,719 INFO FreqW Acc : 	: 0.9691030737438523
2020-08-08 09:15:39,723 INFO Mean IoU : 	: 0.4922151647765061
2020-08-08 09:15:39,725 INFO 0: 0.9844303295530122
2020-08-08 09:15:39,727 INFO 1: 0.0
2020-08-08 09:18:01,847 INFO Iter [910/10000]  Loss: 0.5892  Time/Image: 1.7418  lr=0.019818
2020-08-08 09:20:20,056 INFO Iter [920/10000]  Loss: 0.6268  Time/Image: 1.7242  lr=0.019816
2020-08-08 09:22:40,470 INFO Iter [930/10000]  Loss: 0.5993  Time/Image: 1.7228  lr=0.019814
2020-08-08 09:24:57,325 INFO Iter [940/10000]  Loss: 0.6312  Time/Image: 1.7073  lr=0.019812
2020-08-08 09:27:14,234 INFO Iter [950/10000]  Loss: 0.6125  Time/Image: 1.7082  lr=0.019810
2020-08-08 09:30:09,761 INFO Iter 950 Val Loss: 0.6290
2020-08-08 09:30:09,764 INFO Overall Acc: 	: 0.9844303295530122
2020-08-08 09:30:09,771 INFO Mean Acc : 	: 0.5
2020-08-08 09:30:09,773 INFO FreqW Acc : 	: 0.9691030737438523
2020-08-08 09:30:09,778 INFO Mean IoU : 	: 0.4922151647765061
2020-08-08 09:30:09,780 INFO 0: 0.9844303295530122
2020-08-08 09:30:09,782 INFO 1: 0.0
2020-08-08 09:32:27,852 INFO Iter [960/10000]  Loss: 0.6852  Time/Image: 1.6915  lr=0.019808
2020-08-08 09:34:45,562 INFO Iter [970/10000]  Loss: 0.6405  Time/Image: 1.7181  lr=0.019806
2020-08-08 09:37:03,520 INFO Iter [980/10000]  Loss: 0.6087  Time/Image: 1.7211  lr=0.019804
2020-08-08 09:39:22,925 INFO Iter [990/10000]  Loss: 0.6264  Time/Image: 1.7079  lr=0.019802
2020-08-08 09:41:41,969 INFO Iter [1000/10000]  Loss: 0.6247  Time/Image: 1.7348  lr=0.019800
2020-08-08 09:44:42,451 INFO Iter 1000 Val Loss: 1.1726
2020-08-08 09:44:42,458 INFO Overall Acc: 	: 0.9844303295530122
2020-08-08 09:44:42,462 INFO Mean Acc : 	: 0.5
2020-08-08 09:44:42,466 INFO FreqW Acc : 	: 0.9691030737438523
2020-08-08 09:44:42,469 INFO Mean IoU : 	: 0.4922151647765061
2020-08-08 09:44:42,472 INFO 0: 0.9844303295530122
2020-08-08 09:44:42,477 INFO 1: 0.0
2020-08-08 09:47:04,434 INFO Iter [1010/10000]  Loss: 0.5577  Time/Image: 1.7700  lr=0.019798
2020-08-08 09:49:23,170 INFO Iter [1020/10000]  Loss: 0.5608  Time/Image: 1.7036  lr=0.019796
2020-08-08 09:51:40,854 INFO Iter [1030/10000]  Loss: 0.5894  Time/Image: 1.7177  lr=0.019794
2020-08-08 09:54:01,264 INFO Iter [1040/10000]  Loss: 0.5773  Time/Image: 1.7519  lr=0.019792
2020-08-08 09:56:22,030 INFO Iter [1050/10000]  Loss: 0.5832  Time/Image: 1.7238  lr=0.019790
2020-08-08 09:59:20,390 INFO Iter 1050 Val Loss: 1.1920
2020-08-08 09:59:20,396 INFO Overall Acc: 	: 0.9844303295530122
2020-08-08 09:59:20,401 INFO Mean Acc : 	: 0.5
2020-08-08 09:59:20,404 INFO FreqW Acc : 	: 0.9691030737438523
2020-08-08 09:59:20,408 INFO Mean IoU : 	: 0.4922151647765061
2020-08-08 09:59:20,409 INFO 0: 0.9844303295530122
2020-08-08 09:59:20,412 INFO 1: 0.0
2020-08-08 10:01:36,820 INFO Iter [1060/10000]  Loss: 0.5892  Time/Image: 1.7006  lr=0.019788
2020-08-08 10:03:51,853 INFO Iter [1070/10000]  Loss: 0.6061  Time/Image: 1.6846  lr=0.019786
2020-08-08 10:06:08,400 INFO Iter [1080/10000]  Loss: 0.6024  Time/Image: 1.6723  lr=0.019784
2020-08-08 10:08:28,433 INFO Iter [1090/10000]  Loss: 0.6023  Time/Image: 1.7471  lr=0.019782
2020-08-08 10:10:44,149 INFO Iter [1100/10000]  Loss: 0.5976  Time/Image: 1.6935  lr=0.019780
2020-08-08 10:13:42,736 INFO Iter 1100 Val Loss: 0.3678
2020-08-08 10:13:42,739 INFO Overall Acc: 	: 0.9844303295530122
2020-08-08 10:13:42,743 INFO Mean Acc : 	: 0.5
2020-08-08 10:13:42,748 INFO FreqW Acc : 	: 0.9691030737438523
2020-08-08 10:13:42,750 INFO Mean IoU : 	: 0.4922151647765061
2020-08-08 10:13:42,753 INFO 0: 0.9844303295530122
2020-08-08 10:13:42,755 INFO 1: 0.0
2020-08-08 10:16:07,722 INFO Iter [1110/10000]  Loss: 0.6116  Time/Image: 1.7742  lr=0.019778
2020-08-08 10:18:28,938 INFO Iter [1120/10000]  Loss: 0.6161  Time/Image: 1.7620  lr=0.019776
2020-08-08 10:20:49,409 INFO Iter [1130/10000]  Loss: 0.5957  Time/Image: 1.7529  lr=0.019774
2020-08-08 10:23:13,948 INFO Iter [1140/10000]  Loss: 0.5912  Time/Image: 1.7707  lr=0.019772
2020-08-08 10:25:35,966 INFO Iter [1150/10000]  Loss: 0.6036  Time/Image: 1.7719  lr=0.019770
2020-08-08 10:28:37,584 INFO Iter 1150 Val Loss: 0.3380
2020-08-08 10:28:37,587 INFO Overall Acc: 	: 0.9844303295530122
2020-08-08 10:28:37,591 INFO Mean Acc : 	: 0.5
2020-08-08 10:28:37,595 INFO FreqW Acc : 	: 0.9691030737438523
2020-08-08 10:28:37,600 INFO Mean IoU : 	: 0.4922151647765061
2020-08-08 10:28:37,603 INFO 0: 0.9844303295530122
2020-08-08 10:28:37,606 INFO 1: 0.0
2020-08-08 10:30:59,332 INFO Iter [1160/10000]  Loss: 0.5430  Time/Image: 1.7670  lr=0.019768
